

Microchip Technology PIC LITE Macro Assembler V1.12 build 49521 
                                                                                               Thu Jun 27 11:52:15 2013

HI-TECH Software Omniscient Code Generator (Lite mode) build 49521
     1  0000                     opt subtitle "HI-TECH Software Omniscient Code Generator (Lite mode) build 49521"
     2                           opt subtitle "HI-TECH Software Omniscient Code Generator (Lite mode) build 49521"
     3                           
     4                           opt pagewidth 120
     5                           
     6                           	opt lm
     7                           
     8                           	processor	16F1828
     9                           clrc	macro
    10  0000                     	endm
    11                           opt subtitle "HI-TECH Software Omniscient Code Generator (Lite mode) build 49521"
    12                           
    13  0000                     	endm
    14                           opt subtitle "HI-TECH Software Omniscient Code Generator (Lite mode) build 49521"
    15                           
    16  0000                     	endm
    17                           opt subtitle "HI-TECH Software Omniscient Code Generator (Lite mode) build 49521"
    18                           
    19  0000                     	endm
    20                           opt subtitle "HI-TECH Software Omniscient Code Generator (Lite mode) build 49521"
    21                           
    22  0000                     	endm
    23                           opt subtitle "HI-TECH Software Omniscient Code Generator (Lite mode) build 49521"
    24                           
    25  0000                     	endm
    26                           opt subtitle "HI-TECH Software Omniscient Code Generator (Lite mode) build 49521"
    27                           
    28  0000                     	endm
    29                           opt subtitle "HI-TECH Software Omniscient Code Generator (Lite mode) build 49521"
    30                           
    31  0000                     	endm
    32  0000                     indf	equ	0
    33  0000                     indf0	equ	0
    34  0001                     indf1	equ	1
    35  0002                     pc	equ	2
    36  0002                     pcl	equ	2
    37  0003                     status	equ	3
    38  0004                     fsr0l	equ	4
    39  0005                     fsr0h	equ	5
    40  0006                     fsr1l	equ	6
    41  0007                     fsr1h	equ	7
    42  0008                     bsr	equ	8
    43  0009                     wreg	equ	9
    44  000B                     intcon	equ	11
    45  0001                     c	equ	1
    46  0000                     z	equ	0
    47  000A                     pclath	equ	10
    48                           opt subtitle "HI-TECH Software Omniscient Code Generator (Lite mode) build 49521"
    49  0000                     INDF0 equ 00h ;# 
    50                           opt subtitle "HI-TECH Software Omniscient Code Generator (Lite mode) build 49521"
    51  0001                     INDF1 equ 01h ;# 
    52                           opt subtitle "HI-TECH Software Omniscient Code Generator (Lite mode) build 49521"
    53  0002                     PCL equ 02h ;# 
    54                           opt subtitle "HI-TECH Software Omniscient Code Generator (Lite mode) build 49521"
    55  0003                     STATUS equ 03h ;# 
    56                           opt subtitle "HI-TECH Software Omniscient Code Generator (Lite mode) build 49521"
    57  0004                     FSR0L equ 04h ;# 
    58                           opt subtitle "HI-TECH Software Omniscient Code Generator (Lite mode) build 49521"
    59  0005                     FSR0H equ 05h ;# 
    60                           opt subtitle "HI-TECH Software Omniscient Code Generator (Lite mode) build 49521"
    61  0006                     FSR1L equ 06h ;# 
    62                           opt subtitle "HI-TECH Software Omniscient Code Generator (Lite mode) build 49521"
    63  0007                     FSR1H equ 07h ;# 
    64                           opt subtitle "HI-TECH Software Omniscient Code Generator (Lite mode) build 49521"
    65  0008                     BSR equ 08h ;# 
    66                           opt subtitle "HI-TECH Software Omniscient Code Generator (Lite mode) build 49521"
    67  0009                     WREG equ 09h ;# 
    68                           opt subtitle "HI-TECH Software Omniscient Code Generator (Lite mode) build 49521"
    69  000A                     PCLATH equ 0Ah ;# 
    70                           opt subtitle "HI-TECH Software Omniscient Code Generator (Lite mode) build 49521"
    71  000B                     INTCON equ 0Bh ;# 
    72                           opt subtitle "HI-TECH Software Omniscient Code Generator (Lite mode) build 49521"
    73  000C                     PORTA equ 0Ch ;# 
    74                           opt subtitle "HI-TECH Software Omniscient Code Generator (Lite mode) build 49521"
    75  000D                     PORTB equ 0Dh ;# 
    76                           opt subtitle "HI-TECH Software Omniscient Code Generator (Lite mode) build 49521"
    77  000E                     PORTC equ 0Eh ;# 
    78                           opt subtitle "HI-TECH Software Omniscient Code Generator (Lite mode) build 49521"
    79  0011                     PIR1 equ 011h ;# 
    80                           opt subtitle "HI-TECH Software Omniscient Code Generator (Lite mode) build 49521"
    81  0012                     PIR2 equ 012h ;# 
    82                           opt subtitle "HI-TECH Software Omniscient Code Generator (Lite mode) build 49521"
    83  0013                     PIR3 equ 013h ;# 
    84                           opt subtitle "HI-TECH Software Omniscient Code Generator (Lite mode) build 49521"
    85  0015                     TMR0 equ 015h ;# 
    86                           opt subtitle "HI-TECH Software Omniscient Code Generator (Lite mode) build 49521"
    87  0016                     TMR1 equ 016h ;# 
    88                           opt subtitle "HI-TECH Software Omniscient Code Generator (Lite mode) build 49521"
    89  0016                     TMR1L equ 016h ;# 
    90                           opt subtitle "HI-TECH Software Omniscient Code Generator (Lite mode) build 49521"
    91  0017                     TMR1H equ 017h ;# 
    92                           opt subtitle "HI-TECH Software Omniscient Code Generator (Lite mode) build 49521"
    93  0018                     T1CON equ 018h ;# 
    94                           opt subtitle "HI-TECH Software Omniscient Code Generator (Lite mode) build 49521"
    95  0019                     T1GCON equ 019h ;# 
    96                           opt subtitle "HI-TECH Software Omniscient Code Generator (Lite mode) build 49521"
    97  001A                     TMR2 equ 01Ah ;# 
    98                           opt subtitle "HI-TECH Software Omniscient Code Generator (Lite mode) build 49521"
    99  001B                     PR2 equ 01Bh ;# 
   100                           opt subtitle "HI-TECH Software Omniscient Code Generator (Lite mode) build 49521"
   101  001C                     T2CON equ 01Ch ;# 
   102                           opt subtitle "HI-TECH Software Omniscient Code Generator (Lite mode) build 49521"
   103  001E                     CPSCON0 equ 01Eh ;# 
   104                           opt subtitle "HI-TECH Software Omniscient Code Generator (Lite mode) build 49521"
   105  001F                     CPSCON1 equ 01Fh ;# 
   106                           opt subtitle "HI-TECH Software Omniscient Code Generator (Lite mode) build 49521"
   107  008C                     TRISA equ 08Ch ;# 
   108                           opt subtitle "HI-TECH Software Omniscient Code Generator (Lite mode) build 49521"
   109  008D                     TRISB equ 08Dh ;# 
   110                           opt subtitle "HI-TECH Software Omniscient Code Generator (Lite mode) build 49521"
   111  008E                     TRISC equ 08Eh ;# 
   112                           opt subtitle "HI-TECH Software Omniscient Code Generator (Lite mode) build 49521"
   113  0091                     PIE1 equ 091h ;# 
   114                           opt subtitle "HI-TECH Software Omniscient Code Generator (Lite mode) build 49521"
   115  0092                     PIE2 equ 092h ;# 
   116                           opt subtitle "HI-TECH Software Omniscient Code Generator (Lite mode) build 49521"
   117  0093                     PIE3 equ 093h ;# 
   118                           opt subtitle "HI-TECH Software Omniscient Code Generator (Lite mode) build 49521"
   119  0095                     OPTION_REG equ 095h ;# 
   120                           opt subtitle "HI-TECH Software Omniscient Code Generator (Lite mode) build 49521"
   121  0096                     PCON equ 096h ;# 
   122                           opt subtitle "HI-TECH Software Omniscient Code Generator (Lite mode) build 49521"
   123  0097                     WDTCON equ 097h ;# 
   124                           opt subtitle "HI-TECH Software Omniscient Code Generator (Lite mode) build 49521"
   125  0098                     OSCTUNE equ 098h ;# 
   126                           opt subtitle "HI-TECH Software Omniscient Code Generator (Lite mode) build 49521"
   127  0099                     OSCCON equ 099h ;# 
   128                           opt subtitle "HI-TECH Software Omniscient Code Generator (Lite mode) build 49521"
   129  009A                     OSCSTAT equ 09Ah ;# 
   130                           opt subtitle "HI-TECH Software Omniscient Code Generator (Lite mode) build 49521"
   131  009B                     ADRES equ 09Bh ;# 
   132                           opt subtitle "HI-TECH Software Omniscient Code Generator (Lite mode) build 49521"
   133  009B                     ADRESL equ 09Bh ;# 
   134                           opt subtitle "HI-TECH Software Omniscient Code Generator (Lite mode) build 49521"
   135  009C                     ADRESH equ 09Ch ;# 
   136                           opt subtitle "HI-TECH Software Omniscient Code Generator (Lite mode) build 49521"
   137  009D                     ADCON0 equ 09Dh ;# 
   138                           opt subtitle "HI-TECH Software Omniscient Code Generator (Lite mode) build 49521"
   139  009E                     ADCON1 equ 09Eh ;# 
   140                           opt subtitle "HI-TECH Software Omniscient Code Generator (Lite mode) build 49521"
   141  010C                     LATA equ 010Ch ;# 
   142                           opt subtitle "HI-TECH Software Omniscient Code Generator (Lite mode) build 49521"
   143  010D                     LATB equ 010Dh ;# 
   144                           opt subtitle "HI-TECH Software Omniscient Code Generator (Lite mode) build 49521"
   145  010E                     LATC equ 010Eh ;# 
   146                           opt subtitle "HI-TECH Software Omniscient Code Generator (Lite mode) build 49521"
   147  0111                     CM1CON0 equ 0111h ;# 
   148                           opt subtitle "HI-TECH Software Omniscient Code Generator (Lite mode) build 49521"
   149  0112                     CM1CON1 equ 0112h ;# 
   150                           opt subtitle "HI-TECH Software Omniscient Code Generator (Lite mode) build 49521"
   151  0113                     CM2CON0 equ 0113h ;# 
   152                           opt subtitle "HI-TECH Software Omniscient Code Generator (Lite mode) build 49521"
   153  0114                     CM2CON1 equ 0114h ;# 
   154                           opt subtitle "HI-TECH Software Omniscient Code Generator (Lite mode) build 49521"
   155  0115                     CMOUT equ 0115h ;# 
   156                           opt subtitle "HI-TECH Software Omniscient Code Generator (Lite mode) build 49521"
   157  0116                     BORCON equ 0116h ;# 
   158                           opt subtitle "HI-TECH Software Omniscient Code Generator (Lite mode) build 49521"
   159  0117                     FVRCON equ 0117h ;# 
   160                           opt subtitle "HI-TECH Software Omniscient Code Generator (Lite mode) build 49521"
   161  0118                     DACCON0 equ 0118h ;# 
   162                           opt subtitle "HI-TECH Software Omniscient Code Generator (Lite mode) build 49521"
   163  0119                     DACCON1 equ 0119h ;# 
   164                           opt subtitle "HI-TECH Software Omniscient Code Generator (Lite mode) build 49521"
   165  011A                     SRCON0 equ 011Ah ;# 
   166                           opt subtitle "HI-TECH Software Omniscient Code Generator (Lite mode) build 49521"
   167  011B                     SRCON1 equ 011Bh ;# 
   168                           opt subtitle "HI-TECH Software Omniscient Code Generator (Lite mode) build 49521"
   169  011D                     APFCON0 equ 011Dh ;# 
   170                           opt subtitle "HI-TECH Software Omniscient Code Generator (Lite mode) build 49521"
   171  011E                     APFCON1 equ 011Eh ;# 
   172                           opt subtitle "HI-TECH Software Omniscient Code Generator (Lite mode) build 49521"
   173  018C                     ANSELA equ 018Ch ;# 
   174                           opt subtitle "HI-TECH Software Omniscient Code Generator (Lite mode) build 49521"
   175  018D                     ANSELB equ 018Dh ;# 
   176                           opt subtitle "HI-TECH Software Omniscient Code Generator (Lite mode) build 49521"
   177  018E                     ANSELC equ 018Eh ;# 
   178                           opt subtitle "HI-TECH Software Omniscient Code Generator (Lite mode) build 49521"
   179  0191                     EEADR equ 0191h ;# 
   180                           opt subtitle "HI-TECH Software Omniscient Code Generator (Lite mode) build 49521"
   181  0191                     EEADRL equ 0191h ;# 
   182                           opt subtitle "HI-TECH Software Omniscient Code Generator (Lite mode) build 49521"
   183  0192                     EEADRH equ 0192h ;# 
   184                           opt subtitle "HI-TECH Software Omniscient Code Generator (Lite mode) build 49521"
   185  0193                     EEDAT equ 0193h ;# 
   186                           opt subtitle "HI-TECH Software Omniscient Code Generator (Lite mode) build 49521"
   187  0193                     EEDATL equ 0193h ;# 
   188                           opt subtitle "HI-TECH Software Omniscient Code Generator (Lite mode) build 49521"
   189  0193                     EEDATA equ 0193h ;# 
   190                           opt subtitle "HI-TECH Software Omniscient Code Generator (Lite mode) build 49521"
   191  0194                     EEDATH equ 0194h ;# 
   192                           opt subtitle "HI-TECH Software Omniscient Code Generator (Lite mode) build 49521"
   193  0195                     EECON1 equ 0195h ;# 
   194                           opt subtitle "HI-TECH Software Omniscient Code Generator (Lite mode) build 49521"
   195  0196                     EECON2 equ 0196h ;# 
   196                           opt subtitle "HI-TECH Software Omniscient Code Generator (Lite mode) build 49521"
   197  0199                     RCREG equ 0199h ;# 
   198                           opt subtitle "HI-TECH Software Omniscient Code Generator (Lite mode) build 49521"
   199  019A                     TXREG equ 019Ah ;# 
   200                           opt subtitle "HI-TECH Software Omniscient Code Generator (Lite mode) build 49521"
   201  019B                     SPBRGL equ 019Bh ;# 
   202                           opt subtitle "HI-TECH Software Omniscient Code Generator (Lite mode) build 49521"
   203  019B                     SPBRG equ 019Bh ;# 
   204                           opt subtitle "HI-TECH Software Omniscient Code Generator (Lite mode) build 49521"
   205  019C                     SPBRGH equ 019Ch ;# 
   206                           opt subtitle "HI-TECH Software Omniscient Code Generator (Lite mode) build 49521"
   207  019D                     RCSTA equ 019Dh ;# 
   208                           opt subtitle "HI-TECH Software Omniscient Code Generator (Lite mode) build 49521"
   209  019E                     TXSTA equ 019Eh ;# 
   210                           opt subtitle "HI-TECH Software Omniscient Code Generator (Lite mode) build 49521"
   211  019F                     BAUDCON equ 019Fh ;# 
   212                           opt subtitle "HI-TECH Software Omniscient Code Generator (Lite mode) build 49521"
   213  020C                     WPUA equ 020Ch ;# 
   214                           opt subtitle "HI-TECH Software Omniscient Code Generator (Lite mode) build 49521"
   215  020D                     WPUB equ 020Dh ;# 
   216                           opt subtitle "HI-TECH Software Omniscient Code Generator (Lite mode) build 49521"
   217  020E                     WPUC equ 020Eh ;# 
   218                           opt subtitle "HI-TECH Software Omniscient Code Generator (Lite mode) build 49521"
   219  0211                     SSP1BUF equ 0211h ;# 
   220                           opt subtitle "HI-TECH Software Omniscient Code Generator (Lite mode) build 49521"
   221  0211                     SSPBUF equ 0211h ;# 
   222                           opt subtitle "HI-TECH Software Omniscient Code Generator (Lite mode) build 49521"
   223  0212                     SSP1ADD equ 0212h ;# 
   224                           opt subtitle "HI-TECH Software Omniscient Code Generator (Lite mode) build 49521"
   225  0212                     SSPADD equ 0212h ;# 
   226                           opt subtitle "HI-TECH Software Omniscient Code Generator (Lite mode) build 49521"
   227  0213                     SSP1MSK equ 0213h ;# 
   228                           opt subtitle "HI-TECH Software Omniscient Code Generator (Lite mode) build 49521"
   229  0213                     SSPMSK equ 0213h ;# 
   230                           opt subtitle "HI-TECH Software Omniscient Code Generator (Lite mode) build 49521"
   231  0214                     SSP1STAT equ 0214h ;# 
   232                           opt subtitle "HI-TECH Software Omniscient Code Generator (Lite mode) build 49521"
   233  0214                     SSPSTAT equ 0214h ;# 
   234                           opt subtitle "HI-TECH Software Omniscient Code Generator (Lite mode) build 49521"
   235  0215                     SSP1CON equ 0215h ;# 
   236                           opt subtitle "HI-TECH Software Omniscient Code Generator (Lite mode) build 49521"
   237  0215                     SSP1CON1 equ 0215h ;# 
   238                           opt subtitle "HI-TECH Software Omniscient Code Generator (Lite mode) build 49521"
   239  0215                     SSPCON1 equ 0215h ;# 
   240                           opt subtitle "HI-TECH Software Omniscient Code Generator (Lite mode) build 49521"
   241  0215                     SSPCON equ 0215h ;# 
   242                           opt subtitle "HI-TECH Software Omniscient Code Generator (Lite mode) build 49521"
   243  0216                     SSP1CON2 equ 0216h ;# 
   244                           opt subtitle "HI-TECH Software Omniscient Code Generator (Lite mode) build 49521"
   245  0216                     SSPCON2 equ 0216h ;# 
   246                           opt subtitle "HI-TECH Software Omniscient Code Generator (Lite mode) build 49521"
   247  0217                     SSP1CON3 equ 0217h ;# 
   248                           opt subtitle "HI-TECH Software Omniscient Code Generator (Lite mode) build 49521"
   249  0217                     SSPCON3 equ 0217h ;# 
   250                           opt subtitle "HI-TECH Software Omniscient Code Generator (Lite mode) build 49521"
   251  0291                     CCPR1L equ 0291h ;# 
   252                           opt subtitle "HI-TECH Software Omniscient Code Generator (Lite mode) build 49521"
   253  0292                     CCPR1H equ 0292h ;# 
   254                           opt subtitle "HI-TECH Software Omniscient Code Generator (Lite mode) build 49521"
   255  0293                     CCP1CON equ 0293h ;# 
   256                           opt subtitle "HI-TECH Software Omniscient Code Generator (Lite mode) build 49521"
   257  0294                     PWM1CON equ 0294h ;# 
   258                           opt subtitle "HI-TECH Software Omniscient Code Generator (Lite mode) build 49521"
   259  0295                     CCP1AS equ 0295h ;# 
   260                           opt subtitle "HI-TECH Software Omniscient Code Generator (Lite mode) build 49521"
   261  0295                     ECCP1AS equ 0295h ;# 
   262                           opt subtitle "HI-TECH Software Omniscient Code Generator (Lite mode) build 49521"
   263  0296                     PSTR1CON equ 0296h ;# 
   264                           opt subtitle "HI-TECH Software Omniscient Code Generator (Lite mode) build 49521"
   265  0298                     CCPR2L equ 0298h ;# 
   266                           opt subtitle "HI-TECH Software Omniscient Code Generator (Lite mode) build 49521"
   267  0299                     CCPR2H equ 0299h ;# 
   268                           opt subtitle "HI-TECH Software Omniscient Code Generator (Lite mode) build 49521"
   269  029A                     CCP2CON equ 029Ah ;# 
   270                           opt subtitle "HI-TECH Software Omniscient Code Generator (Lite mode) build 49521"
   271  029B                     PWM2CON equ 029Bh ;# 
   272                           opt subtitle "HI-TECH Software Omniscient Code Generator (Lite mode) build 49521"
   273  029C                     CCP2AS equ 029Ch ;# 
   274                           opt subtitle "HI-TECH Software Omniscient Code Generator (Lite mode) build 49521"
   275  029D                     PSTR2CON equ 029Dh ;# 
   276                           opt subtitle "HI-TECH Software Omniscient Code Generator (Lite mode) build 49521"
   277  029E                     CCPTMRS0 equ 029Eh ;# 
   278                           opt subtitle "HI-TECH Software Omniscient Code Generator (Lite mode) build 49521"
   279  029E                     CCPTMRS equ 029Eh ;# 
   280                           opt subtitle "HI-TECH Software Omniscient Code Generator (Lite mode) build 49521"
   281  0311                     CCPR3L equ 0311h ;# 
   282                           opt subtitle "HI-TECH Software Omniscient Code Generator (Lite mode) build 49521"
   283  0312                     CCPR3H equ 0312h ;# 
   284                           opt subtitle "HI-TECH Software Omniscient Code Generator (Lite mode) build 49521"
   285  0313                     CCP3CON equ 0313h ;# 
   286                           opt subtitle "HI-TECH Software Omniscient Code Generator (Lite mode) build 49521"
   287  0318                     CCPR4L equ 0318h ;# 
   288                           opt subtitle "HI-TECH Software Omniscient Code Generator (Lite mode) build 49521"
   289  0319                     CCPR4H equ 0319h ;# 
   290                           opt subtitle "HI-TECH Software Omniscient Code Generator (Lite mode) build 49521"
   291  031A                     CCP4CON equ 031Ah ;# 
   292                           opt subtitle "HI-TECH Software Omniscient Code Generator (Lite mode) build 49521"
   293  038C                     INLVLA equ 038Ch ;# 
   294                           opt subtitle "HI-TECH Software Omniscient Code Generator (Lite mode) build 49521"
   295  038D                     INLVLB equ 038Dh ;# 
   296                           opt subtitle "HI-TECH Software Omniscient Code Generator (Lite mode) build 49521"
   297  038E                     INLVLC equ 038Eh ;# 
   298                           opt subtitle "HI-TECH Software Omniscient Code Generator (Lite mode) build 49521"
   299  0391                     IOCAP equ 0391h ;# 
   300                           opt subtitle "HI-TECH Software Omniscient Code Generator (Lite mode) build 49521"
   301  0392                     IOCAN equ 0392h ;# 
   302                           opt subtitle "HI-TECH Software Omniscient Code Generator (Lite mode) build 49521"
   303  0393                     IOCAF equ 0393h ;# 
   304                           opt subtitle "HI-TECH Software Omniscient Code Generator (Lite mode) build 49521"
   305  0394                     IOCBP equ 0394h ;# 
   306                           opt subtitle "HI-TECH Software Omniscient Code Generator (Lite mode) build 49521"
   307  0395                     IOCBN equ 0395h ;# 
   308                           opt subtitle "HI-TECH Software Omniscient Code Generator (Lite mode) build 49521"
   309  0396                     IOCBF equ 0396h ;# 
   310                           opt subtitle "HI-TECH Software Omniscient Code Generator (Lite mode) build 49521"
   311  039A                     CLKRCON equ 039Ah ;# 
   312                           opt subtitle "HI-TECH Software Omniscient Code Generator (Lite mode) build 49521"
   313  039C                     MDCON equ 039Ch ;# 
   314                           opt subtitle "HI-TECH Software Omniscient Code Generator (Lite mode) build 49521"
   315  039D                     MDSRC equ 039Dh ;# 
   316                           opt subtitle "HI-TECH Software Omniscient Code Generator (Lite mode) build 49521"
   317  039E                     MDCARL equ 039Eh ;# 
   318                           opt subtitle "HI-TECH Software Omniscient Code Generator (Lite mode) build 49521"
   319  039F                     MDCARH equ 039Fh ;# 
   320                           opt subtitle "HI-TECH Software Omniscient Code Generator (Lite mode) build 49521"
   321  0415                     TMR4 equ 0415h ;# 
   322                           opt subtitle "HI-TECH Software Omniscient Code Generator (Lite mode) build 49521"
   323  0416                     PR4 equ 0416h ;# 
   324                           opt subtitle "HI-TECH Software Omniscient Code Generator (Lite mode) build 49521"
   325  0417                     T4CON equ 0417h ;# 
   326                           opt subtitle "HI-TECH Software Omniscient Code Generator (Lite mode) build 49521"
   327  041C                     TMR6 equ 041Ch ;# 
   328                           opt subtitle "HI-TECH Software Omniscient Code Generator (Lite mode) build 49521"
   329  041D                     PR6 equ 041Dh ;# 
   330                           opt subtitle "HI-TECH Software Omniscient Code Generator (Lite mode) build 49521"
   331  041E                     T6CON equ 041Eh ;# 
   332                           opt subtitle "HI-TECH Software Omniscient Code Generator (Lite mode) build 49521"
   333  0FE4                     STATUS_SHAD equ 0FE4h ;# 
   334                           opt subtitle "HI-TECH Software Omniscient Code Generator (Lite mode) build 49521"
   335  0FE5                     WREG_SHAD equ 0FE5h ;# 
   336                           opt subtitle "HI-TECH Software Omniscient Code Generator (Lite mode) build 49521"
   337  0FE6                     BSR_SHAD equ 0FE6h ;# 
   338                           opt subtitle "HI-TECH Software Omniscient Code Generator (Lite mode) build 49521"
   339  0FE7                     PCLATH_SHAD equ 0FE7h ;# 
   340                           opt subtitle "HI-TECH Software Omniscient Code Generator (Lite mode) build 49521"
   341  0FE8                     FSR0L_SHAD equ 0FE8h ;# 
   342                           opt subtitle "HI-TECH Software Omniscient Code Generator (Lite mode) build 49521"
   343  0FE9                     FSR0H_SHAD equ 0FE9h ;# 
   344                           opt subtitle "HI-TECH Software Omniscient Code Generator (Lite mode) build 49521"
   345  0FEA                     FSR1L_SHAD equ 0FEAh ;# 
   346                           opt subtitle "HI-TECH Software Omniscient Code Generator (Lite mode) build 49521"
   347  0FEB                     FSR1H_SHAD equ 0FEBh ;# 
   348                           opt subtitle "HI-TECH Software Omniscient Code Generator (Lite mode) build 49521"
   349  0FED                     STKPTR equ 0FEDh ;# 
   350                           opt subtitle "HI-TECH Software Omniscient Code Generator (Lite mode) build 49521"
   351  0FEE                     TOSL equ 0FEEh ;# 
   352                           opt subtitle "HI-TECH Software Omniscient Code Generator (Lite mode) build 49521"
   353  0FEF                     TOSH equ 0FEFh ;# 
   354                           opt subtitle "HI-TECH Software Omniscient Code Generator (Lite mode) build 49521"
   355                           
   356                           opt pagewidth 120
   357                           
   358                           	opt lm
   359                           
   360  009D                     _ADCON0bits	set	0x9D
   361                           opt subtitle "HI-TECH Software Omniscient Code Generator (Lite mode) build 49521"
   362  009E                     _ADCON1bits	set	0x9E
   363                           opt subtitle "HI-TECH Software Omniscient Code Generator (Lite mode) build 49521"
   364  009C                     _ADRESH	set	0x9C
   365                           opt subtitle "HI-TECH Software Omniscient Code Generator (Lite mode) build 49521"
   366  009B                     _ADRESL	set	0x9B
   367                           opt subtitle "HI-TECH Software Omniscient Code Generator (Lite mode) build 49521"
   368  008E                     _TRISCbits	set	0x8E
   369                           opt subtitle "HI-TECH Software Omniscient Code Generator (Lite mode) build 49521"
   370  0117                     _FVRCONbits	set	0x117
   371                           opt subtitle "HI-TECH Software Omniscient Code Generator (Lite mode) build 49521"
   372  018E                     _ANSELCbits	set	0x18E
   373                           opt subtitle "HI-TECH Software Omniscient Code Generator (Lite mode) build 49521"
   374                           
   375  0000                     __ptext60:	;psect for function _read_sensor
   376                           opt subtitle "HI-TECH Software Omniscient Code Generator (Lite mode) build 49521"
   377                           
   378  0000                     __CFG_CPD$OFF equ 0x0
   379                           opt subtitle "HI-TECH Software Omniscient Code Generator (Lite mode) build 49521"
   380  0000                     __CFG_BOREN$OFF equ 0x0
   381                           opt subtitle "HI-TECH Software Omniscient Code Generator (Lite mode) build 49521"
   382  0000                     __CFG_IESO$ON equ 0x0
   383                           opt subtitle "HI-TECH Software Omniscient Code Generator (Lite mode) build 49521"
   384  0000                     __CFG_FOSC$INTOSC equ 0x0
   385                           opt subtitle "HI-TECH Software Omniscient Code Generator (Lite mode) build 49521"
   386  0000                     __CFG_FCMEN$ON equ 0x0
   387                           opt subtitle "HI-TECH Software Omniscient Code Generator (Lite mode) build 49521"
   388  0000                     __CFG_MCLRE$ON equ 0x0
   389                           opt subtitle "HI-TECH Software Omniscient Code Generator (Lite mode) build 49521"
   390  0000                     __CFG_WDTE$OFF equ 0x0
   391                           opt subtitle "HI-TECH Software Omniscient Code Generator (Lite mode) build 49521"
   392  0000                     __CFG_CP$OFF equ 0x0
   393                           opt subtitle "HI-TECH Software Omniscient Code Generator (Lite mode) build 49521"
   394  0000                     __CFG_PWRTE$OFF equ 0x0
   395                           opt subtitle "HI-TECH Software Omniscient Code Generator (Lite mode) build 49521"
   396  0000                     __CFG_CLKOUTEN$OFF equ 0x0
   397                           opt subtitle "HI-TECH Software Omniscient Code Generator (Lite mode) build 49521"
   398  0000                     __CFG_PLLEN$ON equ 0x0
   399                           opt subtitle "HI-TECH Software Omniscient Code Generator (Lite mode) build 49521"
   400  0000                     __CFG_WRT$OFF equ 0x0
   401                           opt subtitle "HI-TECH Software Omniscient Code Generator (Lite mode) build 49521"
   402  0000                     __CFG_STVREN$OFF equ 0x0
   403                           opt subtitle "HI-TECH Software Omniscient Code Generator (Lite mode) build 49521"
   404  0000                     __CFG_BORV$LO equ 0x0
   405                           opt subtitle "HI-TECH Software Omniscient Code Generator (Lite mode) build 49521"
   406  0000                     __CFG_LVP$OFF equ 0x0
   407                           opt subtitle "HI-TECH Software Omniscient Code Generator (Lite mode) build 49521"
   408                           
   409                           opt pagewidth 120
   410                           
   411  07AB                     start_initialization:
   412                           opt subtitle "HI-TECH Software Omniscient Code Generator (Lite mode) build 49521"
   413                           
   414  07AB                     __initialization:
   415                           opt subtitle "HI-TECH Software Omniscient Code Generator (Lite mode) build 49521"
   416                           
   417                           opt pagewidth 120
   418                           
   419                           	opt lm
   420  07AB                     end_of_initialization:
   421  07AB                     __end_of__initialization:movlb 0
      + 07AB  0020               	movlb	0
   422  07AC  3187  2FE6         ljmp _main	;jump to C main() function
   423                           opt subtitle "HI-TECH Software Omniscient Code Generator (Lite mode) build 49521"
   424                           
   425  0070                     __pcstackCOMMON:
   426  0070                     ?_configure_adc:	; 0 bytes @ 0x0
   427  0070                     ??_configure_adc:	; 0 bytes @ 0x0
   428  0070                     ?_choose_microphone:	; 0 bytes @ 0x0
   429  0070                     ??_choose_microphone:	; 0 bytes @ 0x0
   430  0070                     ?_adc_on:	; 0 bytes @ 0x0
   431  0070                     ??_adc_on:	; 0 bytes @ 0x0
   432                           opt subtitle "HI-TECH Software Omniscient Code Generator (Lite mode) build 49521"
   433  0070                     ?_read_sensor:	; 0 bytes @ 0x0
   434                           opt subtitle "HI-TECH Software Omniscient Code Generator (Lite mode) build 49521"
   435  0070                     read_sensor@lsb:	; 1 bytes @ 0x0
   436  0070                     	ds	1
   437  0071                     ??_read_sensor:	; 0 bytes @ 0x1
   438  0071                     	ds	1
   439                           opt subtitle "HI-TECH Software Omniscient Code Generator (Lite mode) build 49521"
   440  0072                     read_sensor@msb:	; 1 bytes @ 0x2
   441  0072                     	ds	1
   442  0073                     ?_main:	; 2 bytes @ 0x3
   443  0073                     main@argc:	; 2 bytes @ 0x3
   444  0073                     	ds	2
   445  0075                     main@argv:	; 2 bytes @ 0x5
   446  0075                     	ds	2
   447  0077                     ??_main:	; 0 bytes @ 0x7
   448  0077                     	ds	1
   449                           opt subtitle "HI-TECH Software Omniscient Code Generator (Lite mode) build 49521"
   450  0078                     main@highBits:	; 1 bytes @ 0x8
   451  0078                     	ds	1
   452                           opt subtitle "HI-TECH Software Omniscient Code Generator (Lite mode) build 49521"
   453  0079                     main@lowBits:	; 1 bytes @ 0x9
   454  0079                     	ds	1
   455                           opt subtitle "HI-TECH Software Omniscient Code Generator (Lite mode) build 49521"
   456                           
   457                           opt pagewidth 120
   458                           
   459                           	opt lm
   460                           
   461                           	processor	16F1828
   462                           clrc	macro
   463                           	bcf	3,0
   464                           	endm
   465                           clrz	macro
   466                           	bcf	3,2
   467                           	endm
   468                           setc	macro
   469                           	bsf	3,0
   470                           	endm
   471                           setz	macro
   472                           	bsf	3,2
   473                           	endm
   474                           skipc	macro
   475                           	btfss	3,0
   476                           	endm
   477                           skipz	macro
   478                           	btfss	3,2
   479                           	endm
   480                           skipnc	macro
   481                           	btfsc	3,0
   482                           	endm
   483                           skipnz	macro
   484                           	btfsc	3,2
   485                           	endm
   486                           indf	equ	0
   487                           indf0	equ	0
   488                           indf1	equ	1
   489                           pc	equ	2
   490                           pcl	equ	2
   491                           status	equ	3
   492                           fsr0l	equ	4
   493                           fsr0h	equ	5
   494                           fsr1l	equ	6
   495                           fsr1h	equ	7
   496                           bsr	equ	8
   497                           wreg	equ	9
   498                           intcon	equ	11
   499                           c	equ	1
   500                           z	equ	0
   501                           pclath	equ	10
   502                           # 46 "C:\Program Files\Microchip\xc8\v1.12\include\pic16f1828.h"
   503                           INDF0 equ 00h ;# 
   504                           # 65 "C:\Program Files\Microchip\xc8\v1.12\include\pic16f1828.h"
   505                           INDF1 equ 01h ;# 
   506                           # 84 "C:\Program Files\Microchip\xc8\v1.12\include\pic16f1828.h"
   507                           PCL equ 02h ;# 
   508                           # 103 "C:\Program Files\Microchip\xc8\v1.12\include\pic16f1828.h"
   509                           STATUS equ 03h ;# 
   510                           # 166 "C:\Program Files\Microchip\xc8\v1.12\include\pic16f1828.h"
   511                           FSR0L equ 04h ;# 
   512                           # 185 "C:\Program Files\Microchip\xc8\v1.12\include\pic16f1828.h"
   513                           FSR0H equ 05h ;# 
   514                           # 207 "C:\Program Files\Microchip\xc8\v1.12\include\pic16f1828.h"
   515                           FSR1L equ 06h ;# 
   516                           # 226 "C:\Program Files\Microchip\xc8\v1.12\include\pic16f1828.h"
   517                           FSR1H equ 07h ;# 
   518                           # 245 "C:\Program Files\Microchip\xc8\v1.12\include\pic16f1828.h"
   519                           BSR equ 08h ;# 
   520                           # 296 "C:\Program Files\Microchip\xc8\v1.12\include\pic16f1828.h"
   521                           WREG equ 09h ;# 
   522                           # 315 "C:\Program Files\Microchip\xc8\v1.12\include\pic16f1828.h"
   523                           PCLATH equ 0Ah ;# 
   524                           # 334 "C:\Program Files\Microchip\xc8\v1.12\include\pic16f1828.h"
   525                           INTCON equ 0Bh ;# 
   526                           # 411 "C:\Program Files\Microchip\xc8\v1.12\include\pic16f1828.h"
   527                           PORTA equ 0Ch ;# 
   528                           # 460 "C:\Program Files\Microchip\xc8\v1.12\include\pic16f1828.h"
   529                           PORTB equ 0Dh ;# 
   530                           # 498 "C:\Program Files\Microchip\xc8\v1.12\include\pic16f1828.h"
   531                           PORTC equ 0Eh ;# 
   532                           # 559 "C:\Program Files\Microchip\xc8\v1.12\include\pic16f1828.h"
   533                           PIR1 equ 011h ;# 
   534                           # 620 "C:\Program Files\Microchip\xc8\v1.12\include\pic16f1828.h"
   535                           PIR2 equ 012h ;# 
   536                           # 670 "C:\Program Files\Microchip\xc8\v1.12\include\pic16f1828.h"
   537                           PIR3 equ 013h ;# 
   538                           # 709 "C:\Program Files\Microchip\xc8\v1.12\include\pic16f1828.h"
   539                           TMR0 equ 015h ;# 
   540                           # 728 "C:\Program Files\Microchip\xc8\v1.12\include\pic16f1828.h"
   541                           TMR1 equ 016h ;# 
   542                           # 734 "C:\Program Files\Microchip\xc8\v1.12\include\pic16f1828.h"
   543                           TMR1L equ 016h ;# 
   544                           # 753 "C:\Program Files\Microchip\xc8\v1.12\include\pic16f1828.h"
   545                           TMR1H equ 017h ;# 
   546                           # 772 "C:\Program Files\Microchip\xc8\v1.12\include\pic16f1828.h"
   547                           T1CON equ 018h ;# 
   548                           # 843 "C:\Program Files\Microchip\xc8\v1.12\include\pic16f1828.h"
   549                           T1GCON equ 019h ;# 
   550                           # 919 "C:\Program Files\Microchip\xc8\v1.12\include\pic16f1828.h"
   551                           TMR2 equ 01Ah ;# 
   552                           # 938 "C:\Program Files\Microchip\xc8\v1.12\include\pic16f1828.h"
   553                           PR2 equ 01Bh ;# 
   554                           # 957 "C:\Program Files\Microchip\xc8\v1.12\include\pic16f1828.h"
   555                           T2CON equ 01Ch ;# 
   556                           # 1027 "C:\Program Files\Microchip\xc8\v1.12\include\pic16f1828.h"
   557                           CPSCON0 equ 01Eh ;# 
   558                           # 1086 "C:\Program Files\Microchip\xc8\v1.12\include\pic16f1828.h"
   559                           CPSCON1 equ 01Fh ;# 
   560                           # 1131 "C:\Program Files\Microchip\xc8\v1.12\include\pic16f1828.h"
   561                           TRISA equ 08Ch ;# 
   562                           # 1180 "C:\Program Files\Microchip\xc8\v1.12\include\pic16f1828.h"
   563                           TRISB equ 08Dh ;# 
   564                           # 1218 "C:\Program Files\Microchip\xc8\v1.12\include\pic16f1828.h"
   565                           TRISC equ 08Eh ;# 
   566                           # 1279 "C:\Program Files\Microchip\xc8\v1.12\include\pic16f1828.h"
   567                           PIE1 equ 091h ;# 
   568                           # 1340 "C:\Program Files\Microchip\xc8\v1.12\include\pic16f1828.h"
   569                           PIE2 equ 092h ;# 
   570                           # 1390 "C:\Program Files\Microchip\xc8\v1.12\include\pic16f1828.h"
   571                           PIE3 equ 093h ;# 
   572                           # 1429 "C:\Program Files\Microchip\xc8\v1.12\include\pic16f1828.h"
   573                           OPTION_REG equ 095h ;# 
   574                           # 1511 "C:\Program Files\Microchip\xc8\v1.12\include\pic16f1828.h"
   575                           PCON equ 096h ;# 
   576                           # 1561 "C:\Program Files\Microchip\xc8\v1.12\include\pic16f1828.h"
   577                           WDTCON equ 097h ;# 
   578                           # 1619 "C:\Program Files\Microchip\xc8\v1.12\include\pic16f1828.h"
   579                           OSCTUNE equ 098h ;# 
   580                           # 1676 "C:\Program Files\Microchip\xc8\v1.12\include\pic16f1828.h"
   581                           OSCCON equ 099h ;# 
   582                           # 1747 "C:\Program Files\Microchip\xc8\v1.12\include\pic16f1828.h"
   583                           OSCSTAT equ 09Ah ;# 
   584                           # 1808 "C:\Program Files\Microchip\xc8\v1.12\include\pic16f1828.h"
   585                           ADRES equ 09Bh ;# 
   586                           # 1814 "C:\Program Files\Microchip\xc8\v1.12\include\pic16f1828.h"
   587                           ADRESL equ 09Bh ;# 
   588                           # 1833 "C:\Program Files\Microchip\xc8\v1.12\include\pic16f1828.h"
   589                           ADRESH equ 09Ch ;# 
   590                           # 1852 "C:\Program Files\Microchip\xc8\v1.12\include\pic16f1828.h"
   591                           ADCON0 equ 09Dh ;# 
   592                           # 1931 "C:\Program Files\Microchip\xc8\v1.12\include\pic16f1828.h"
   593                           ADCON1 equ 09Eh ;# 
   594                           # 2002 "C:\Program Files\Microchip\xc8\v1.12\include\pic16f1828.h"
   595                           LATA equ 010Ch ;# 
   596                           # 2046 "C:\Program Files\Microchip\xc8\v1.12\include\pic16f1828.h"
   597                           LATB equ 010Dh ;# 
   598                           # 2084 "C:\Program Files\Microchip\xc8\v1.12\include\pic16f1828.h"
   599                           LATC equ 010Eh ;# 
   600                           # 2145 "C:\Program Files\Microchip\xc8\v1.12\include\pic16f1828.h"
   601                           CM1CON0 equ 0111h ;# 
   602                           # 2201 "C:\Program Files\Microchip\xc8\v1.12\include\pic16f1828.h"
   603                           CM1CON1 equ 0112h ;# 
   604                           # 2266 "C:\Program Files\Microchip\xc8\v1.12\include\pic16f1828.h"
   605                           CM2CON0 equ 0113h ;# 
   606                           # 2322 "C:\Program Files\Microchip\xc8\v1.12\include\pic16f1828.h"
   607                           CM2CON1 equ 0114h ;# 
   608                           # 2387 "C:\Program Files\Microchip\xc8\v1.12\include\pic16f1828.h"
   609                           CMOUT equ 0115h ;# 
   610                           # 2412 "C:\Program Files\Microchip\xc8\v1.12\include\pic16f1828.h"
   611                           BORCON equ 0116h ;# 
   612                           # 2438 "C:\Program Files\Microchip\xc8\v1.12\include\pic16f1828.h"
   613                           FVRCON equ 0117h ;# 
   614                           # 2513 "C:\Program Files\Microchip\xc8\v1.12\include\pic16f1828.h"
   615                           DACCON0 equ 0118h ;# 
   616                           # 2573 "C:\Program Files\Microchip\xc8\v1.12\include\pic16f1828.h"
   617                           DACCON1 equ 0119h ;# 
   618                           # 2624 "C:\Program Files\Microchip\xc8\v1.12\include\pic16f1828.h"
   619                           SRCON0 equ 011Ah ;# 
   620                           # 2694 "C:\Program Files\Microchip\xc8\v1.12\include\pic16f1828.h"
   621                           SRCON1 equ 011Bh ;# 
   622                           # 2755 "C:\Program Files\Microchip\xc8\v1.12\include\pic16f1828.h"
   623                           APFCON0 equ 011Dh ;# 
   624                           # 2788 "C:\Program Files\Microchip\xc8\v1.12\include\pic16f1828.h"
   625                           APFCON1 equ 011Eh ;# 
   626                           # 2825 "C:\Program Files\Microchip\xc8\v1.12\include\pic16f1828.h"
   627                           ANSELA equ 018Ch ;# 
   628                           # 2871 "C:\Program Files\Microchip\xc8\v1.12\include\pic16f1828.h"
   629                           ANSELB equ 018Dh ;# 
   630                           # 2918 "C:\Program Files\Microchip\xc8\v1.12\include\pic16f1828.h"
   631                           ANSELC equ 018Eh ;# 
   632                           # 2976 "C:\Program Files\Microchip\xc8\v1.12\include\pic16f1828.h"
   633                           EEADR equ 0191h ;# 
   634                           # 2982 "C:\Program Files\Microchip\xc8\v1.12\include\pic16f1828.h"
   635                           EEADRL equ 0191h ;# 
   636                           # 3001 "C:\Program Files\Microchip\xc8\v1.12\include\pic16f1828.h"
   637                           EEADRH equ 0192h ;# 
   638                           # 3020 "C:\Program Files\Microchip\xc8\v1.12\include\pic16f1828.h"
   639                           EEDAT equ 0193h ;# 
   640                           # 3026 "C:\Program Files\Microchip\xc8\v1.12\include\pic16f1828.h"
   641                           EEDATL equ 0193h ;# 
   642                           # 3031 "C:\Program Files\Microchip\xc8\v1.12\include\pic16f1828.h"
   643                           EEDATA equ 0193h ;# 
   644                           # 3063 "C:\Program Files\Microchip\xc8\v1.12\include\pic16f1828.h"
   645                           EEDATH equ 0194h ;# 
   646                           # 3082 "C:\Program Files\Microchip\xc8\v1.12\include\pic16f1828.h"
   647                           EECON1 equ 0195h ;# 
   648                           # 3143 "C:\Program Files\Microchip\xc8\v1.12\include\pic16f1828.h"
   649                           EECON2 equ 0196h ;# 
   650                           # 3162 "C:\Program Files\Microchip\xc8\v1.12\include\pic16f1828.h"
   651                           RCREG equ 0199h ;# 
   652                           # 3181 "C:\Program Files\Microchip\xc8\v1.12\include\pic16f1828.h"
   653                           TXREG equ 019Ah ;# 
   654                           # 3200 "C:\Program Files\Microchip\xc8\v1.12\include\pic16f1828.h"
   655                           SPBRGL equ 019Bh ;# 
   656                           # 3205 "C:\Program Files\Microchip\xc8\v1.12\include\pic16f1828.h"
   657  07E6                     __pmaintext:	;psect for function _main
   658                           opt subtitle "HI-TECH Software Omniscient Code Generator (Lite mode) build 49521"
   659                           
   660                           opt pagewidth 120
   661                           
   662  001A                     	__size_of_main	equ	__end_of_main-_main
   663                           opt subtitle "HI-TECH Software Omniscient Code Generator (Lite mode) build 49521"
   664  07E6                     _main:	
   665                           opt subtitle "HI-TECH Software Omniscient Code Generator (Lite mode) build 49521"
   666                           
   667                           opt pagewidth 120
   668                           
   669  07E6                     l548:	
   670                           opt subtitle "HI-TECH Software Omniscient Code Generator (Lite mode) build 49521"
   671  07E6  3187  27CC  3187   	fcall	_configure_adc
   672                           opt subtitle "HI-TECH Software Omniscient Code Generator (Lite mode) build 49521"
   673                           
   674  07E9  3187  27AE  3187   	fcall	_choose_microphone
   675                           opt subtitle "HI-TECH Software Omniscient Code Generator (Lite mode) build 49521"
   676                           
   677  07EC                     l550:	
   678                           opt subtitle "HI-TECH Software Omniscient Code Generator (Lite mode) build 49521"
   679                           
   680  07EC  3003               movlw	3
   681  07ED  00F7               movwf	(??_main+0)+0,f
   682  07EE                     u37:
   683  07EE  0BF7               decfsz	(??_main+0)+0,f
   684  07EF  2FEE               	goto	u37
   685                           opt subtitle "HI-TECH Software Omniscient Code Generator (Lite mode) build 49521"
   686                           
   687                           opt pagewidth 120
   688                           
   689  07F0  3187  27A8  3187   	fcall	_adc_on
   690  07F3  2FF4               	goto	l552
   691                           opt subtitle "HI-TECH Software Omniscient Code Generator (Lite mode) build 49521"
   692                           
   693                           opt pagewidth 120
   694                           
   695  07F4                     l27:	
   696                           opt subtitle "HI-TECH Software Omniscient Code Generator (Lite mode) build 49521"
   697                           
   698  07F4                     l552:	
   699                           opt subtitle "HI-TECH Software Omniscient Code Generator (Lite mode) build 49521"
   700  07F4  3079               	movlw	(main@lowBits)&0ffh
   701  07F5  00F7               	movwf	(??_main+0)+0
   702  07F6  0877               	movf	(??_main+0)+0,w
   703  07F7  00F0               	movwf	(?_read_sensor)
   704  07F8  3078               	movlw	(main@highBits)&0ffh
   705  07F9  3187  27B4  3187   	fcall	_read_sensor
   706  07FC  2FF4               	goto	l552
   707                           opt subtitle "HI-TECH Software Omniscient Code Generator (Lite mode) build 49521"
   708                           
   709  07FD                     l28:	
   710                           opt subtitle "HI-TECH Software Omniscient Code Generator (Lite mode) build 49521"
   711  07FD  2FF4               	goto	l552
   712                           opt subtitle "HI-TECH Software Omniscient Code Generator (Lite mode) build 49521"
   713  07FE                     l29:	
   714                           opt subtitle "HI-TECH Software Omniscient Code Generator (Lite mode) build 49521"
   715                           
   716  07FE                     l30:	
   717                           opt subtitle "HI-TECH Software Omniscient Code Generator (Lite mode) build 49521"
   718  07FE  3180  2803         	ljmp	start
   719                           opt subtitle "HI-TECH Software Omniscient Code Generator (Lite mode) build 49521"
   720                           
   721  0800                     	__end_of_main:
   722                           opt subtitle "HI-TECH Software Omniscient Code Generator (Lite mode) build 49521"
   723                           
   724                           opt pagewidth 120
   725                           
   726                           	opt lm
   727                           
   728                           	processor	16F1828
   729                           clrc	macro
   730                           	bcf	3,0
   731                           	endm
   732                           clrz	macro
   733                           	bcf	3,2
   734                           	endm
   735                           setc	macro
   736                           	bsf	3,0
   737                           	endm
   738                           setz	macro
   739                           	bsf	3,2
   740                           	endm
   741                           skipc	macro
   742                           	btfss	3,0
   743                           	endm
   744                           skipz	macro
   745                           	btfss	3,2
   746                           	endm
   747                           skipnc	macro
   748                           	btfsc	3,0
   749                           	endm
   750                           skipnz	macro
   751                           	btfsc	3,2
   752                           	endm
   753                           indf	equ	0
   754                           indf0	equ	0
   755  07CC                     __ptext61:	;psect for function _configure_adc
   756                           opt subtitle "HI-TECH Software Omniscient Code Generator (Lite mode) build 49521"
   757                           
   758                           opt pagewidth 120
   759                           
   760  001A                     	__size_of_configure_adc	equ	__end_of_configure_adc-_configure_adc
   761                           opt subtitle "HI-TECH Software Omniscient Code Generator (Lite mode) build 49521"
   762  07CC                     _configure_adc:	
   763                           opt subtitle "HI-TECH Software Omniscient Code Generator (Lite mode) build 49521"
   764                           
   765                           opt pagewidth 120
   766                           
   767  07CC                     l514:	
   768                           opt subtitle "HI-TECH Software Omniscient Code Generator (Lite mode) build 49521"
   769  07CC  0022               	movlb 2	; select bank2
   770  07CD  1797               	bsf	(279)^0100h,7	;volatile
   771                           opt subtitle "HI-TECH Software Omniscient Code Generator (Lite mode) build 49521"
   772                           
   773  07CE                     l516:	
   774                           opt subtitle "HI-TECH Software Omniscient Code Generator (Lite mode) build 49521"
   775  07CE  0817               	movf	(279)^0100h,w	;volatile
   776  07CF  39FC               	andlw	not (((1<<2)-1)<<0)
   777  07D0  3802               	iorlw	(02h & ((1<<2)-1))<<0
   778  07D1  0097               	movwf	(279)^0100h	;volatile
   779                           opt subtitle "HI-TECH Software Omniscient Code Generator (Lite mode) build 49521"
   780                           
   781  07D2  2FD3               	goto	l33
   782                           opt subtitle "HI-TECH Software Omniscient Code Generator (Lite mode) build 49521"
   783  07D3                     l34:	
   784                           opt subtitle "HI-TECH Software Omniscient Code Generator (Lite mode) build 49521"
   785  07D3                     l33:	
   786  07D3  1F17               	btfss	(279)^0100h,6	;volatile
   787  07D4  2FD6               	goto	u11
   788  07D5  2FD7               	goto	u10
   789  07D6                     u11:
   790  07D6  2FD3               	goto	l33
   791  07D7                     u10:
   792                           opt subtitle "HI-TECH Software Omniscient Code Generator (Lite mode) build 49521"
   793  07D7                     l35:	
   794                           opt subtitle "HI-TECH Software Omniscient Code Generator (Lite mode) build 49521"
   795                           
   796  07D7  0021               	movlb 1	; select bank1
   797  07D8  179E               	bsf	(158)^080h,7	;volatile
   798                           opt subtitle "HI-TECH Software Omniscient Code Generator (Lite mode) build 49521"
   799                           
   800  07D9                     l518:	
   801                           opt subtitle "HI-TECH Software Omniscient Code Generator (Lite mode) build 49521"
   802  07D9  3070               	movlw	(07h & ((1<<3)-1))<<4
   803  07DA  049E               	iorwf	(158)^080h,f	;volatile
   804                           opt subtitle "HI-TECH Software Omniscient Code Generator (Lite mode) build 49521"
   805                           
   806  07DB                     l520:	
   807                           opt subtitle "HI-TECH Software Omniscient Code Generator (Lite mode) build 49521"
   808  07DB  111E               	bcf	(158)^080h,2	;volatile
   809                           opt subtitle "HI-TECH Software Omniscient Code Generator (Lite mode) build 49521"
   810                           
   811  07DC  30FC               	movlw	((0 & ((1<<2)-1))<<0)|not (((1<<2)-1)<<0)
   812  07DD  059E               	andwf	(158)^080h,f	;volatile
   813                           opt subtitle "HI-TECH Software Omniscient Code Generator (Lite mode) build 49521"
   814                           
   815  07DE                     l522:	
   816                           opt subtitle "HI-TECH Software Omniscient Code Generator (Lite mode) build 49521"
   817  07DE  158E               	bsf	(142)^080h,3	;volatile
   818                           opt subtitle "HI-TECH Software Omniscient Code Generator (Lite mode) build 49521"
   819                           
   820  07DF                     l524:	
   821                           opt subtitle "HI-TECH Software Omniscient Code Generator (Lite mode) build 49521"
   822  07DF  170E               	bsf	(142)^080h,6	;volatile
   823                           opt subtitle "HI-TECH Software Omniscient Code Generator (Lite mode) build 49521"
   824                           
   825  07E0                     l526:	
   826                           opt subtitle "HI-TECH Software Omniscient Code Generator (Lite mode) build 49521"
   827  07E0  178E               	bsf	(142)^080h,7	;volatile
   828                           opt subtitle "HI-TECH Software Omniscient Code Generator (Lite mode) build 49521"
   829                           
   830  07E1                     l528:	
   831                           opt subtitle "HI-TECH Software Omniscient Code Generator (Lite mode) build 49521"
   832  07E1  0023               	movlb 3	; select bank3
   833  07E2  158E               	bsf	(398)^0180h,3	;volatile
   834                           opt subtitle "HI-TECH Software Omniscient Code Generator (Lite mode) build 49521"
   835                           
   836  07E3                     l530:	
   837                           opt subtitle "HI-TECH Software Omniscient Code Generator (Lite mode) build 49521"
   838  07E3  170E               	bsf	(398)^0180h,6	;volatile
   839                           opt subtitle "HI-TECH Software Omniscient Code Generator (Lite mode) build 49521"
   840                           
   841  07E4                     l532:	
   842                           opt subtitle "HI-TECH Software Omniscient Code Generator (Lite mode) build 49521"
   843  07E4  178E               	bsf	(398)^0180h,7	;volatile
   844                           opt subtitle "HI-TECH Software Omniscient Code Generator (Lite mode) build 49521"
   845                           
   846  07E5                     l36:	
   847  07E5  0008               	return
   848                           opt subtitle "HI-TECH Software Omniscient Code Generator (Lite mode) build 49521"
   849                           
   850  07E6                     	__end_of_configure_adc:
   851                           opt subtitle "HI-TECH Software Omniscient Code Generator (Lite mode) build 49521"
   852                           
   853                           opt pagewidth 120
   854                           
   855                           	opt lm
   856                           
   857                           	processor	16F1828
   858                           clrc	macro
   859                           	bcf	3,0
   860                           	endm
   861                           clrz	macro
   862                           	bcf	3,2
   863                           	endm
   864                           setc	macro
   865                           	bsf	3,0
   866                           	endm
   867                           setz	macro
   868                           	bsf	3,2
   869                           	endm
   870                           skipc	macro
   871                           	btfss	3,0
   872                           	endm
   873                           skipz	macro
   874                           	btfss	3,2
   875                           	endm
   876                           skipnc	macro
   877                           	btfsc	3,0
   878                           	endm
   879                           skipnz	macro
   880                           	btfsc	3,2
   881                           	endm
   882                           indf	equ	0
   883                           indf0	equ	0
   884  07AE                     __ptext62:	;psect for function _choose_microphone
   885                           opt subtitle "HI-TECH Software Omniscient Code Generator (Lite mode) build 49521"
   886                           
   887                           opt pagewidth 120
   888                           
   889  0006                     	__size_of_choose_microphone	equ	__end_of_choose_microphone-_choose_microphone
   890                           opt subtitle "HI-TECH Software Omniscient Code Generator (Lite mode) build 49521"
   891  07AE                     _choose_microphone:	
   892                           opt subtitle "HI-TECH Software Omniscient Code Generator (Lite mode) build 49521"
   893                           
   894                           opt pagewidth 120
   895                           
   896  07AE                     l534:	
   897                           opt subtitle "HI-TECH Software Omniscient Code Generator (Lite mode) build 49521"
   898  07AE  0021               	movlb 1	; select bank1
   899  07AF  081D               	movf	(157)^080h,w	;volatile
   900  07B0  3983               	andlw	not (((1<<5)-1)<<2)
   901  07B1  381C               	iorlw	(07h & ((1<<5)-1))<<2
   902  07B2  009D               	movwf	(157)^080h	;volatile
   903                           opt subtitle "HI-TECH Software Omniscient Code Generator (Lite mode) build 49521"
   904                           
   905  07B3                     l45:	
   906  07B3  0008               	return
   907                           opt subtitle "HI-TECH Software Omniscient Code Generator (Lite mode) build 49521"
   908                           
   909  07B4                     	__end_of_choose_microphone:
   910                           opt subtitle "HI-TECH Software Omniscient Code Generator (Lite mode) build 49521"
   911                           
   912                           opt pagewidth 120
   913                           
   914                           	opt lm
   915                           
   916                           	processor	16F1828
   917                           clrc	macro
   918                           	bcf	3,0
   919                           	endm
   920                           clrz	macro
   921                           	bcf	3,2
   922                           	endm
   923                           setc	macro
   924                           	bsf	3,0
   925                           	endm
   926                           setz	macro
   927                           	bsf	3,2
   928                           	endm
   929                           skipc	macro
   930                           	btfss	3,0
   931                           	endm
   932                           skipz	macro
   933                           	btfss	3,2
   934                           	endm
   935                           skipnc	macro
   936                           	btfsc	3,0
   937                           	endm
   938                           skipnz	macro
   939                           	btfsc	3,2
   940                           	endm
   941                           indf	equ	0
   942                           indf0	equ	0
   943  07A8                     __ptext63:	;psect for function _adc_on
   944                           opt subtitle "HI-TECH Software Omniscient Code Generator (Lite mode) build 49521"
   945                           
   946                           opt pagewidth 120
   947                           
   948  0003                     	__size_of_adc_on	equ	__end_of_adc_on-_adc_on
   949                           opt subtitle "HI-TECH Software Omniscient Code Generator (Lite mode) build 49521"
   950  07A8                     _adc_on:	
   951                           opt subtitle "HI-TECH Software Omniscient Code Generator (Lite mode) build 49521"
   952                           
   953                           opt pagewidth 120
   954                           
   955  07A8                     l536:	
   956                           opt subtitle "HI-TECH Software Omniscient Code Generator (Lite mode) build 49521"
   957  07A8  0021               	movlb 1	; select bank1
   958  07A9  141D               	bsf	(157)^080h,0	;volatile
   959                           opt subtitle "HI-TECH Software Omniscient Code Generator (Lite mode) build 49521"
   960                           
   961  07AA                     l39:	
   962  07AA  0008               	return
   963                           opt subtitle "HI-TECH Software Omniscient Code Generator (Lite mode) build 49521"
   964                           
   965  07AB                     	__end_of_adc_on:
   966                           opt subtitle "HI-TECH Software Omniscient Code Generator (Lite mode) build 49521"
   967                           
   968                           opt pagewidth 120
   969                           
   970                           	opt lm
   971                           
   972                           	processor	16F1828
   973                           clrc	macro
   974                           	bcf	3,0
   975                           	endm
   976                           clrz	macro
   977                           	bcf	3,2
   978                           	endm
   979                           setc	macro
   980                           	bsf	3,0
   981                           	endm
   982                           setz	macro
   983                           	bsf	3,2
   984                           	endm
   985                           skipc	macro
   986                           	btfss	3,0
   987                           	endm
   988                           skipz	macro
   989                           	btfss	3,2
   990                           	endm
   991                           skipnc	macro
   992                           	btfsc	3,0
   993                           	endm
   994                           skipnz	macro
   995                           	btfsc	3,2
   996                           	endm
   997                           indf	equ	0
   998                           indf0	equ	0
   999                           indf1	equ	1
  1000                           pc	equ	2
  1001                           pcl	equ	2
  1002                           status	equ	3
  1003  07B4                     __ptext64:	;psect for function _read_sensor
  1004                           opt subtitle "HI-TECH Software Omniscient Code Generator (Lite mode) build 49521"
  1005                           
  1006                           opt pagewidth 120
  1007                           
  1008  0018                     	__size_of_read_sensor	equ	__end_of_read_sensor-_read_sensor
  1009                           opt subtitle "HI-TECH Software Omniscient Code Generator (Lite mode) build 49521"
  1010  07B4                     _read_sensor:	
  1011                           opt subtitle "HI-TECH Software Omniscient Code Generator (Lite mode) build 49521"
  1012                           
  1013                           opt pagewidth 120
  1014                           
  1015  07B4  00F2               	movwf	(read_sensor@msb)
  1016                           opt subtitle "HI-TECH Software Omniscient Code Generator (Lite mode) build 49521"
  1017  07B5                     l538:	
  1018                           opt subtitle "HI-TECH Software Omniscient Code Generator (Lite mode) build 49521"
  1019  07B5  0021               	movlb 1	; select bank1
  1020  07B6  149D               	bsf	(157)^080h,1	;volatile
  1021                           opt subtitle "HI-TECH Software Omniscient Code Generator (Lite mode) build 49521"
  1022                           
  1023  07B7  2FB8               	goto	l54
  1024                           opt subtitle "HI-TECH Software Omniscient Code Generator (Lite mode) build 49521"
  1025  07B8                     l55:	
  1026                           opt subtitle "HI-TECH Software Omniscient Code Generator (Lite mode) build 49521"
  1027  07B8                     l54:	
  1028  07B8  189D               	btfsc	(157)^080h,1	;volatile
  1029  07B9  2FBB               	goto	u21
  1030  07BA  2FBC               	goto	u20
  1031  07BB                     u21:
  1032  07BB  2FB8               	goto	l54
  1033  07BC                     u20:
  1034  07BC  2FBD               	goto	l540
  1035                           opt subtitle "HI-TECH Software Omniscient Code Generator (Lite mode) build 49521"
  1036  07BD                     l56:	
  1037                           opt subtitle "HI-TECH Software Omniscient Code Generator (Lite mode) build 49521"
  1038                           
  1039  07BD                     l540:	
  1040                           opt subtitle "HI-TECH Software Omniscient Code Generator (Lite mode) build 49521"
  1041  07BD  081C               	movf	(156)^080h,w	;volatile
  1042  07BE  00F1               	movwf	(??_read_sensor+0)+0
  1043  07BF  0872               	movf	(read_sensor@msb),w
  1044  07C0  0086               	movwf	fsr1l
  1045  07C1  0187               	clrf fsr1h	
  1046                           opt subtitle "HI-TECH Software Omniscient Code Generator (Lite mode) build 49521"
  1047  07C2  0871               	movf	(??_read_sensor+0)+0,w
  1048  07C3  0081               	movwf	indf1
  1049                           opt subtitle "HI-TECH Software Omniscient Code Generator (Lite mode) build 49521"
  1050                           
  1051  07C4  081B               	movf	(155)^080h,w	;volatile
  1052  07C5  00F1               	movwf	(??_read_sensor+0)+0
  1053  07C6  0870               	movf	(read_sensor@lsb),w
  1054  07C7  0086               	movwf	fsr1l
  1055  07C8  0187               	clrf fsr1h	
  1056                           opt subtitle "HI-TECH Software Omniscient Code Generator (Lite mode) build 49521"
  1057  07C9  0871               	movf	(??_read_sensor+0)+0,w
  1058  07CA  0081               	movwf	indf1
  1059                           opt subtitle "HI-TECH Software Omniscient Code Generator (Lite mode) build 49521"
  1060                           
  1061  07CB                     l57:	
  1062  07CB  0008               	return
  1063                           opt subtitle "HI-TECH Software Omniscient Code Generator (Lite mode) build 49521"
  1064                           
  1065  07CC                     	__end_of_read_sensor:
  1066                           opt subtitle "HI-TECH Software Omniscient Code Generator (Lite mode) build 49521"
  1067                           
  1068                           opt pagewidth 120
  1069  0000                     __ptext65:	;psect for function _read_sensor
  1070                           opt subtitle "HI-TECH Software Omniscient Code Generator (Lite mode) build 49521"
  1071  007E                     	btemp set 07Eh
  1072                           opt subtitle "HI-TECH Software Omniscient Code Generator (Lite mode) build 49521"
  1073                           
  1074                           opt pagewidth 120
  1075  007E                     	wtemp0 set btemp


Data Sizes:
    Strings     0
    Constant    0
    Data        0
    BSS         0
    Persistent  0
    Stack       0

Auto Spaces:
    Space          Size  Autos    Used
    COMMON           14     10      10
    BANK0            80      0       0
    BANK1            80      0       0
    BANK2            69      0       0

Pointer List with Targets:

    read_sensor@lsb	PTR unsigned char  size(1) Largest target is 1
		 -> main@lowBits(COMMON[1]), 

    read_sensor@msb	PTR unsigned char  size(1) Largest target is 1
		 -> main@highBits(COMMON[1]), 


Critical Paths under _main in COMMON

    _main->_read_sensor

Critical Paths under _main in BANK0

    None.

Critical Paths under _main in BANK1

    None.

Critical Paths under _main in BANK2

    None.

Call Graph Tables:

 ---------------------------------------------------------------------------------
 (Depth) Function   	        Calls       Base Space   Used Autos Params    Refs
 ---------------------------------------------------------------------------------
 (0) _main                                                 7     3      4      60
                                              3 COMMON     7     3      4
                      _configure_adc
                  _choose_microphone
                             _adc_on
                        _read_sensor
 ---------------------------------------------------------------------------------
 (1) _configure_adc                                        0     0      0       0
 ---------------------------------------------------------------------------------
 (1) _choose_microphone                                    0     0      0       0
 ---------------------------------------------------------------------------------
 (1) _adc_on                                               0     0      0       0
 ---------------------------------------------------------------------------------
 (1) _read_sensor                                          3     2      1      30
                                              0 COMMON     3     2      1
 ---------------------------------------------------------------------------------
 Estimated maximum stack depth 1
 ---------------------------------------------------------------------------------

 Call Graph Graphs:

 _main (ROOT)
   _configure_adc
   _choose_microphone
   _adc_on
   _read_sensor

 Address spaces:
Name               Size   Autos  Total    Cost      Usage
BIGRAM              E5      0       0       0        0.0%
EEDATA             100      0       0       0        0.0%
NULL                 0      0       0       0        0.0%
CODE                 0      0       0       0        0.0%
BITCOMMON            E      0       0       1        0.0%
BITSFR0              0      0       0       1        0.0%
SFR0                 0      0       0       1        0.0%
COMMON               E      A       A       2       71.4%
BITSFR1              0      0       0       2        0.0%
SFR1                 0      0       0       2        0.0%
BITSFR2              0      0       0       3        0.0%
SFR2                 0      0       0       3        0.0%
STACK                0      0       1       3        0.0%
BITSFR3              0      0       0       4        0.0%
SFR3                 0      0       0       4        0.0%
ABS                  0      0       0       4        0.0%
BITBANK0            50      0       0       5        0.0%
BITSFR4              0      0       0       5        0.0%
SFR4                 0      0       0       5        0.0%
BANK0               50      0       0       6        0.0%
BITSFR5              0      0       0       6        0.0%
SFR5                 0      0       0       6        0.0%
BITBANK1            50      0       0       7        0.0%
BITSFR6              0      0       0       7        0.0%
SFR6                 0      0       0       7        0.0%
BANK1               50      0       0       8        0.0%
BITSFR7              0      0       0       8        0.0%
SFR7                 0      0       0       8        0.0%
BITBANK2            45      0       0       9        0.0%
BITSFR8              0      0       0       9        0.0%
SFR8                 0      0       0       9        0.0%
BANK2               45      0       0      10        0.0%
BITSFR9              0      0       0      10        0.0%
SFR9                 0      0       0      10        0.0%
BITSFR10             0      0       0      11        0.0%
SFR10                0      0       0      11        0.0%
DATA                 0      0       0      11        0.0%
BITSFR11             0      0       0      12        0.0%
SFR11                0      0       0      12        0.0%
BITSFR12             0      0       0      13        0.0%
SFR12                0      0       0      13        0.0%
BITSFR13             0      0       0      14        0.0%
SFR13                0      0       0      14        0.0%
BITSFR14             0      0       0      15        0.0%
SFR14                0      0       0      15        0.0%
BITSFR15             0      0       0      16        0.0%
SFR15                0      0       0      16        0.0%
BITSFR16             0      0       0      17        0.0%
SFR16                0      0       0      17        0.0%
BITSFR17             0      0       0      18        0.0%
SFR17                0      0       0      18        0.0%
BITSFR18             0      0       0      19        0.0%
SFR18                0      0       0      19        0.0%
BITSFR19             0      0       0      20        0.0%
SFR19                0      0       0      20        0.0%
BITSFR20             0      0       0      21        0.0%
SFR20                0      0       0      21        0.0%
BITSFR21             0      0       0      22        0.0%
SFR21                0      0       0      22        0.0%
BITSFR22             0      0       0      23        0.0%
SFR22                0      0       0      23        0.0%
BITSFR23             0      0       0      24        0.0%
SFR23                0      0       0      24        0.0%
BITSFR24             0      0       0      25        0.0%
SFR24                0      0       0      25        0.0%
BITSFR25             0      0       0      26        0.0%
SFR25                0      0       0      26        0.0%
BITSFR26             0      0       0      27        0.0%
SFR26                0      0       0      27        0.0%
BITSFR27             0      0       0      28        0.0%
SFR27                0      0       0      28        0.0%
BITSFR28             0      0       0      29        0.0%
SFR28                0      0       0      29        0.0%
BITSFR29             0      0       0      30        0.0%
SFR29                0      0       0      30        0.0%
BITSFR30             0      0       0      31        0.0%
SFR30                0      0       0      31        0.0%
BITSFR31             0      0       0      32        0.0%
SFR31                0      0       0      32        0.0%


Microchip Technology PIC Macro Assembler V1.12 build 49521 
Symbol Table                                                                                   Thu Jun 27 11:52:15 2013

               __CFG_CP$OFF 0000                          l30 07FE                          l33 07D3  
                        l34 07D3                          l35 07D7                          l27 07F4  
                        l36 07E5                          l28 07FD                          l45 07B3  
                        l29 07FE                          l54 07B8                          l55 07B8  
                        l39 07AA                          l56 07BD                          l57 07CB  
                        u10 07D7                          u11 07D6                          u20 07BC  
                        u21 07BB                          u37 07EE              ?_configure_adc 0070  
                       l520 07DB                         l530 07E3                         l522 07DE  
                       l514 07CC                         l540 07BD                         l532 07E4  
                       l524 07DF                         l516 07CE                         l534 07AE  
                       l526 07E0                         l518 07D9                         l550 07EC  
                       l536 07A8                         l528 07E1                         l552 07F4  
                       l538 07B5                         l548 07E6                __CFG_CPD$OFF 0000  
              __CFG_BORV$LO 0000                __CFG_IESO$ON 0000                __CFG_LVP$OFF 0000  
               main@lowBits 0079                __CFG_WRT$OFF 0000               __CFG_FCMEN$ON 0000  
                      _main 07E6                        fsr1h 0007                        indf1 0001  
                      fsr1l 0006                        btemp 007E                        start 0003  
             __CFG_MCLRE$ON 0000                main@highBits 0078               __CFG_PLLEN$ON 0000  
                     ?_main 0073               __CFG_WDTE$OFF 0000                ?_read_sensor 0070  
            __CFG_BOREN$OFF 0000                       wtemp0 007E             __initialization 07AB  
              __end_of_main 0800             ??_configure_adc 0070           _choose_microphone 07AE  
                    ??_main 0077          ?_choose_microphone 0070                      _ADRESH 009C  
                    _ADRESL 009B         ??_choose_microphone 0070              __CFG_PWRTE$OFF 0000  
                    _adc_on 07A8   __end_of_choose_microphone 07B4     __end_of__initialization 07AB  
            __pcstackCOMMON 0070        __size_of_read_sensor 0018                  __pmaintext 07E6  
                   ?_adc_on 0070  __size_of_choose_microphone 0006             __size_of_adc_on 0003  
           __CFG_STVREN$OFF 0000        end_of_initialization 07AB       __end_of_configure_adc 07E6  
          __CFG_FOSC$INTOSC 0000                   _TRISCbits 008E              __end_of_adc_on 07AB  
       start_initialization 07AB                    ??_adc_on 0070               ??_read_sensor 0071  
       __end_of_read_sensor 07CC                  _ADCON0bits 009D                  _ADCON1bits 009E  
                _ANSELCbits 018E                    __ptext60 0000                    __ptext61 07CC  
                  __ptext62 07AE                    __ptext63 07A8                    __ptext64 07B4  
                  __ptext65 0000                 _read_sensor 07B4      __size_of_configure_adc 001A  
             __size_of_main 001A                    main@argc 0073                    main@argv 0075  
                _FVRCONbits 0117           __CFG_CLKOUTEN$OFF 0000               _configure_adc 07CC  
            read_sensor@lsb 0070              read_sensor@msb 0072  
