

Microchip Technology PIC LITE Macro Assembler V1.12 build 49521 
                                                                                               Thu Jun 27 13:00:00 2013

HI-TECH Software Omniscient Code Generator (Lite mode) build 49521
     1  0000                     opt subtitle "HI-TECH Software Omniscient Code Generator (Lite mode) build 49521"
     2                           opt subtitle "HI-TECH Software Omniscient Code Generator (Lite mode) build 49521"
     3                           
     4                           opt pagewidth 120
     5                           
     6                           	opt lm
     7                           
     8                           	processor	16F1828
     9                           clrc	macro
    10  0000                     	endm
    11                           opt subtitle "HI-TECH Software Omniscient Code Generator (Lite mode) build 49521"
    12                           
    13  0000                     	endm
    14                           opt subtitle "HI-TECH Software Omniscient Code Generator (Lite mode) build 49521"
    15                           
    16  0000                     	endm
    17                           opt subtitle "HI-TECH Software Omniscient Code Generator (Lite mode) build 49521"
    18                           
    19  0000                     	endm
    20                           opt subtitle "HI-TECH Software Omniscient Code Generator (Lite mode) build 49521"
    21                           
    22  0000                     	endm
    23                           opt subtitle "HI-TECH Software Omniscient Code Generator (Lite mode) build 49521"
    24                           
    25  0000                     	endm
    26                           opt subtitle "HI-TECH Software Omniscient Code Generator (Lite mode) build 49521"
    27                           
    28  0000                     	endm
    29                           opt subtitle "HI-TECH Software Omniscient Code Generator (Lite mode) build 49521"
    30                           
    31  0000                     	endm
    32  0000                     indf	equ	0
    33  0000                     indf0	equ	0
    34  0001                     indf1	equ	1
    35  0002                     pc	equ	2
    36  0002                     pcl	equ	2
    37  0003                     status	equ	3
    38  0004                     fsr0l	equ	4
    39  0005                     fsr0h	equ	5
    40  0006                     fsr1l	equ	6
    41  0007                     fsr1h	equ	7
    42  0008                     bsr	equ	8
    43  0009                     wreg	equ	9
    44  000B                     intcon	equ	11
    45  0001                     c	equ	1
    46  0000                     z	equ	0
    47  000A                     pclath	equ	10
    48                           opt subtitle "HI-TECH Software Omniscient Code Generator (Lite mode) build 49521"
    49  0000                     INDF0 equ 00h ;# 
    50                           opt subtitle "HI-TECH Software Omniscient Code Generator (Lite mode) build 49521"
    51  0001                     INDF1 equ 01h ;# 
    52                           opt subtitle "HI-TECH Software Omniscient Code Generator (Lite mode) build 49521"
    53  0002                     PCL equ 02h ;# 
    54                           opt subtitle "HI-TECH Software Omniscient Code Generator (Lite mode) build 49521"
    55  0003                     STATUS equ 03h ;# 
    56                           opt subtitle "HI-TECH Software Omniscient Code Generator (Lite mode) build 49521"
    57  0004                     FSR0L equ 04h ;# 
    58                           opt subtitle "HI-TECH Software Omniscient Code Generator (Lite mode) build 49521"
    59  0005                     FSR0H equ 05h ;# 
    60                           opt subtitle "HI-TECH Software Omniscient Code Generator (Lite mode) build 49521"
    61  0006                     FSR1L equ 06h ;# 
    62                           opt subtitle "HI-TECH Software Omniscient Code Generator (Lite mode) build 49521"
    63  0007                     FSR1H equ 07h ;# 
    64                           opt subtitle "HI-TECH Software Omniscient Code Generator (Lite mode) build 49521"
    65  0008                     BSR equ 08h ;# 
    66                           opt subtitle "HI-TECH Software Omniscient Code Generator (Lite mode) build 49521"
    67  0009                     WREG equ 09h ;# 
    68                           opt subtitle "HI-TECH Software Omniscient Code Generator (Lite mode) build 49521"
    69  000A                     PCLATH equ 0Ah ;# 
    70                           opt subtitle "HI-TECH Software Omniscient Code Generator (Lite mode) build 49521"
    71  000B                     INTCON equ 0Bh ;# 
    72                           opt subtitle "HI-TECH Software Omniscient Code Generator (Lite mode) build 49521"
    73  000C                     PORTA equ 0Ch ;# 
    74                           opt subtitle "HI-TECH Software Omniscient Code Generator (Lite mode) build 49521"
    75  000D                     PORTB equ 0Dh ;# 
    76                           opt subtitle "HI-TECH Software Omniscient Code Generator (Lite mode) build 49521"
    77  000E                     PORTC equ 0Eh ;# 
    78                           opt subtitle "HI-TECH Software Omniscient Code Generator (Lite mode) build 49521"
    79  0011                     PIR1 equ 011h ;# 
    80                           opt subtitle "HI-TECH Software Omniscient Code Generator (Lite mode) build 49521"
    81  0012                     PIR2 equ 012h ;# 
    82                           opt subtitle "HI-TECH Software Omniscient Code Generator (Lite mode) build 49521"
    83  0013                     PIR3 equ 013h ;# 
    84                           opt subtitle "HI-TECH Software Omniscient Code Generator (Lite mode) build 49521"
    85  0015                     TMR0 equ 015h ;# 
    86                           opt subtitle "HI-TECH Software Omniscient Code Generator (Lite mode) build 49521"
    87  0016                     TMR1 equ 016h ;# 
    88                           opt subtitle "HI-TECH Software Omniscient Code Generator (Lite mode) build 49521"
    89  0016                     TMR1L equ 016h ;# 
    90                           opt subtitle "HI-TECH Software Omniscient Code Generator (Lite mode) build 49521"
    91  0017                     TMR1H equ 017h ;# 
    92                           opt subtitle "HI-TECH Software Omniscient Code Generator (Lite mode) build 49521"
    93  0018                     T1CON equ 018h ;# 
    94                           opt subtitle "HI-TECH Software Omniscient Code Generator (Lite mode) build 49521"
    95  0019                     T1GCON equ 019h ;# 
    96                           opt subtitle "HI-TECH Software Omniscient Code Generator (Lite mode) build 49521"
    97  001A                     TMR2 equ 01Ah ;# 
    98                           opt subtitle "HI-TECH Software Omniscient Code Generator (Lite mode) build 49521"
    99  001B                     PR2 equ 01Bh ;# 
   100                           opt subtitle "HI-TECH Software Omniscient Code Generator (Lite mode) build 49521"
   101  001C                     T2CON equ 01Ch ;# 
   102                           opt subtitle "HI-TECH Software Omniscient Code Generator (Lite mode) build 49521"
   103  001E                     CPSCON0 equ 01Eh ;# 
   104                           opt subtitle "HI-TECH Software Omniscient Code Generator (Lite mode) build 49521"
   105  001F                     CPSCON1 equ 01Fh ;# 
   106                           opt subtitle "HI-TECH Software Omniscient Code Generator (Lite mode) build 49521"
   107  008C                     TRISA equ 08Ch ;# 
   108                           opt subtitle "HI-TECH Software Omniscient Code Generator (Lite mode) build 49521"
   109  008D                     TRISB equ 08Dh ;# 
   110                           opt subtitle "HI-TECH Software Omniscient Code Generator (Lite mode) build 49521"
   111  008E                     TRISC equ 08Eh ;# 
   112                           opt subtitle "HI-TECH Software Omniscient Code Generator (Lite mode) build 49521"
   113  0091                     PIE1 equ 091h ;# 
   114                           opt subtitle "HI-TECH Software Omniscient Code Generator (Lite mode) build 49521"
   115  0092                     PIE2 equ 092h ;# 
   116                           opt subtitle "HI-TECH Software Omniscient Code Generator (Lite mode) build 49521"
   117  0093                     PIE3 equ 093h ;# 
   118                           opt subtitle "HI-TECH Software Omniscient Code Generator (Lite mode) build 49521"
   119  0095                     OPTION_REG equ 095h ;# 
   120                           opt subtitle "HI-TECH Software Omniscient Code Generator (Lite mode) build 49521"
   121  0096                     PCON equ 096h ;# 
   122                           opt subtitle "HI-TECH Software Omniscient Code Generator (Lite mode) build 49521"
   123  0097                     WDTCON equ 097h ;# 
   124                           opt subtitle "HI-TECH Software Omniscient Code Generator (Lite mode) build 49521"
   125  0098                     OSCTUNE equ 098h ;# 
   126                           opt subtitle "HI-TECH Software Omniscient Code Generator (Lite mode) build 49521"
   127  0099                     OSCCON equ 099h ;# 
   128                           opt subtitle "HI-TECH Software Omniscient Code Generator (Lite mode) build 49521"
   129  009A                     OSCSTAT equ 09Ah ;# 
   130                           opt subtitle "HI-TECH Software Omniscient Code Generator (Lite mode) build 49521"
   131  009B                     ADRES equ 09Bh ;# 
   132                           opt subtitle "HI-TECH Software Omniscient Code Generator (Lite mode) build 49521"
   133  009B                     ADRESL equ 09Bh ;# 
   134                           opt subtitle "HI-TECH Software Omniscient Code Generator (Lite mode) build 49521"
   135  009C                     ADRESH equ 09Ch ;# 
   136                           opt subtitle "HI-TECH Software Omniscient Code Generator (Lite mode) build 49521"
   137  009D                     ADCON0 equ 09Dh ;# 
   138                           opt subtitle "HI-TECH Software Omniscient Code Generator (Lite mode) build 49521"
   139  009E                     ADCON1 equ 09Eh ;# 
   140                           opt subtitle "HI-TECH Software Omniscient Code Generator (Lite mode) build 49521"
   141  010C                     LATA equ 010Ch ;# 
   142                           opt subtitle "HI-TECH Software Omniscient Code Generator (Lite mode) build 49521"
   143  010D                     LATB equ 010Dh ;# 
   144                           opt subtitle "HI-TECH Software Omniscient Code Generator (Lite mode) build 49521"
   145  010E                     LATC equ 010Eh ;# 
   146                           opt subtitle "HI-TECH Software Omniscient Code Generator (Lite mode) build 49521"
   147  0111                     CM1CON0 equ 0111h ;# 
   148                           opt subtitle "HI-TECH Software Omniscient Code Generator (Lite mode) build 49521"
   149  0112                     CM1CON1 equ 0112h ;# 
   150                           opt subtitle "HI-TECH Software Omniscient Code Generator (Lite mode) build 49521"
   151  0113                     CM2CON0 equ 0113h ;# 
   152                           opt subtitle "HI-TECH Software Omniscient Code Generator (Lite mode) build 49521"
   153  0114                     CM2CON1 equ 0114h ;# 
   154                           opt subtitle "HI-TECH Software Omniscient Code Generator (Lite mode) build 49521"
   155  0115                     CMOUT equ 0115h ;# 
   156                           opt subtitle "HI-TECH Software Omniscient Code Generator (Lite mode) build 49521"
   157  0116                     BORCON equ 0116h ;# 
   158                           opt subtitle "HI-TECH Software Omniscient Code Generator (Lite mode) build 49521"
   159  0117                     FVRCON equ 0117h ;# 
   160                           opt subtitle "HI-TECH Software Omniscient Code Generator (Lite mode) build 49521"
   161  0118                     DACCON0 equ 0118h ;# 
   162                           opt subtitle "HI-TECH Software Omniscient Code Generator (Lite mode) build 49521"
   163  0119                     DACCON1 equ 0119h ;# 
   164                           opt subtitle "HI-TECH Software Omniscient Code Generator (Lite mode) build 49521"
   165  011A                     SRCON0 equ 011Ah ;# 
   166                           opt subtitle "HI-TECH Software Omniscient Code Generator (Lite mode) build 49521"
   167  011B                     SRCON1 equ 011Bh ;# 
   168                           opt subtitle "HI-TECH Software Omniscient Code Generator (Lite mode) build 49521"
   169  011D                     APFCON0 equ 011Dh ;# 
   170                           opt subtitle "HI-TECH Software Omniscient Code Generator (Lite mode) build 49521"
   171  011E                     APFCON1 equ 011Eh ;# 
   172                           opt subtitle "HI-TECH Software Omniscient Code Generator (Lite mode) build 49521"
   173  018C                     ANSELA equ 018Ch ;# 
   174                           opt subtitle "HI-TECH Software Omniscient Code Generator (Lite mode) build 49521"
   175  018D                     ANSELB equ 018Dh ;# 
   176                           opt subtitle "HI-TECH Software Omniscient Code Generator (Lite mode) build 49521"
   177  018E                     ANSELC equ 018Eh ;# 
   178                           opt subtitle "HI-TECH Software Omniscient Code Generator (Lite mode) build 49521"
   179  0191                     EEADR equ 0191h ;# 
   180                           opt subtitle "HI-TECH Software Omniscient Code Generator (Lite mode) build 49521"
   181  0191                     EEADRL equ 0191h ;# 
   182                           opt subtitle "HI-TECH Software Omniscient Code Generator (Lite mode) build 49521"
   183  0192                     EEADRH equ 0192h ;# 
   184                           opt subtitle "HI-TECH Software Omniscient Code Generator (Lite mode) build 49521"
   185  0193                     EEDAT equ 0193h ;# 
   186                           opt subtitle "HI-TECH Software Omniscient Code Generator (Lite mode) build 49521"
   187  0193                     EEDATL equ 0193h ;# 
   188                           opt subtitle "HI-TECH Software Omniscient Code Generator (Lite mode) build 49521"
   189  0193                     EEDATA equ 0193h ;# 
   190                           opt subtitle "HI-TECH Software Omniscient Code Generator (Lite mode) build 49521"
   191  0194                     EEDATH equ 0194h ;# 
   192                           opt subtitle "HI-TECH Software Omniscient Code Generator (Lite mode) build 49521"
   193  0195                     EECON1 equ 0195h ;# 
   194                           opt subtitle "HI-TECH Software Omniscient Code Generator (Lite mode) build 49521"
   195  0196                     EECON2 equ 0196h ;# 
   196                           opt subtitle "HI-TECH Software Omniscient Code Generator (Lite mode) build 49521"
   197  0199                     RCREG equ 0199h ;# 
   198                           opt subtitle "HI-TECH Software Omniscient Code Generator (Lite mode) build 49521"
   199  019A                     TXREG equ 019Ah ;# 
   200                           opt subtitle "HI-TECH Software Omniscient Code Generator (Lite mode) build 49521"
   201  019B                     SPBRGL equ 019Bh ;# 
   202                           opt subtitle "HI-TECH Software Omniscient Code Generator (Lite mode) build 49521"
   203  019B                     SPBRG equ 019Bh ;# 
   204                           opt subtitle "HI-TECH Software Omniscient Code Generator (Lite mode) build 49521"
   205  019C                     SPBRGH equ 019Ch ;# 
   206                           opt subtitle "HI-TECH Software Omniscient Code Generator (Lite mode) build 49521"
   207  019D                     RCSTA equ 019Dh ;# 
   208                           opt subtitle "HI-TECH Software Omniscient Code Generator (Lite mode) build 49521"
   209  019E                     TXSTA equ 019Eh ;# 
   210                           opt subtitle "HI-TECH Software Omniscient Code Generator (Lite mode) build 49521"
   211  019F                     BAUDCON equ 019Fh ;# 
   212                           opt subtitle "HI-TECH Software Omniscient Code Generator (Lite mode) build 49521"
   213  020C                     WPUA equ 020Ch ;# 
   214                           opt subtitle "HI-TECH Software Omniscient Code Generator (Lite mode) build 49521"
   215  020D                     WPUB equ 020Dh ;# 
   216                           opt subtitle "HI-TECH Software Omniscient Code Generator (Lite mode) build 49521"
   217  020E                     WPUC equ 020Eh ;# 
   218                           opt subtitle "HI-TECH Software Omniscient Code Generator (Lite mode) build 49521"
   219  0211                     SSP1BUF equ 0211h ;# 
   220                           opt subtitle "HI-TECH Software Omniscient Code Generator (Lite mode) build 49521"
   221  0211                     SSPBUF equ 0211h ;# 
   222                           opt subtitle "HI-TECH Software Omniscient Code Generator (Lite mode) build 49521"
   223  0212                     SSP1ADD equ 0212h ;# 
   224                           opt subtitle "HI-TECH Software Omniscient Code Generator (Lite mode) build 49521"
   225  0212                     SSPADD equ 0212h ;# 
   226                           opt subtitle "HI-TECH Software Omniscient Code Generator (Lite mode) build 49521"
   227  0213                     SSP1MSK equ 0213h ;# 
   228                           opt subtitle "HI-TECH Software Omniscient Code Generator (Lite mode) build 49521"
   229  0213                     SSPMSK equ 0213h ;# 
   230                           opt subtitle "HI-TECH Software Omniscient Code Generator (Lite mode) build 49521"
   231  0214                     SSP1STAT equ 0214h ;# 
   232                           opt subtitle "HI-TECH Software Omniscient Code Generator (Lite mode) build 49521"
   233  0214                     SSPSTAT equ 0214h ;# 
   234                           opt subtitle "HI-TECH Software Omniscient Code Generator (Lite mode) build 49521"
   235  0215                     SSP1CON equ 0215h ;# 
   236                           opt subtitle "HI-TECH Software Omniscient Code Generator (Lite mode) build 49521"
   237  0215                     SSP1CON1 equ 0215h ;# 
   238                           opt subtitle "HI-TECH Software Omniscient Code Generator (Lite mode) build 49521"
   239  0215                     SSPCON1 equ 0215h ;# 
   240                           opt subtitle "HI-TECH Software Omniscient Code Generator (Lite mode) build 49521"
   241  0215                     SSPCON equ 0215h ;# 
   242                           opt subtitle "HI-TECH Software Omniscient Code Generator (Lite mode) build 49521"
   243  0216                     SSP1CON2 equ 0216h ;# 
   244                           opt subtitle "HI-TECH Software Omniscient Code Generator (Lite mode) build 49521"
   245  0216                     SSPCON2 equ 0216h ;# 
   246                           opt subtitle "HI-TECH Software Omniscient Code Generator (Lite mode) build 49521"
   247  0217                     SSP1CON3 equ 0217h ;# 
   248                           opt subtitle "HI-TECH Software Omniscient Code Generator (Lite mode) build 49521"
   249  0217                     SSPCON3 equ 0217h ;# 
   250                           opt subtitle "HI-TECH Software Omniscient Code Generator (Lite mode) build 49521"
   251  0291                     CCPR1L equ 0291h ;# 
   252                           opt subtitle "HI-TECH Software Omniscient Code Generator (Lite mode) build 49521"
   253  0292                     CCPR1H equ 0292h ;# 
   254                           opt subtitle "HI-TECH Software Omniscient Code Generator (Lite mode) build 49521"
   255  0293                     CCP1CON equ 0293h ;# 
   256                           opt subtitle "HI-TECH Software Omniscient Code Generator (Lite mode) build 49521"
   257  0294                     PWM1CON equ 0294h ;# 
   258                           opt subtitle "HI-TECH Software Omniscient Code Generator (Lite mode) build 49521"
   259  0295                     CCP1AS equ 0295h ;# 
   260                           opt subtitle "HI-TECH Software Omniscient Code Generator (Lite mode) build 49521"
   261  0295                     ECCP1AS equ 0295h ;# 
   262                           opt subtitle "HI-TECH Software Omniscient Code Generator (Lite mode) build 49521"
   263  0296                     PSTR1CON equ 0296h ;# 
   264                           opt subtitle "HI-TECH Software Omniscient Code Generator (Lite mode) build 49521"
   265  0298                     CCPR2L equ 0298h ;# 
   266                           opt subtitle "HI-TECH Software Omniscient Code Generator (Lite mode) build 49521"
   267  0299                     CCPR2H equ 0299h ;# 
   268                           opt subtitle "HI-TECH Software Omniscient Code Generator (Lite mode) build 49521"
   269  029A                     CCP2CON equ 029Ah ;# 
   270                           opt subtitle "HI-TECH Software Omniscient Code Generator (Lite mode) build 49521"
   271  029B                     PWM2CON equ 029Bh ;# 
   272                           opt subtitle "HI-TECH Software Omniscient Code Generator (Lite mode) build 49521"
   273  029C                     CCP2AS equ 029Ch ;# 
   274                           opt subtitle "HI-TECH Software Omniscient Code Generator (Lite mode) build 49521"
   275  029D                     PSTR2CON equ 029Dh ;# 
   276                           opt subtitle "HI-TECH Software Omniscient Code Generator (Lite mode) build 49521"
   277  029E                     CCPTMRS0 equ 029Eh ;# 
   278                           opt subtitle "HI-TECH Software Omniscient Code Generator (Lite mode) build 49521"
   279  029E                     CCPTMRS equ 029Eh ;# 
   280                           opt subtitle "HI-TECH Software Omniscient Code Generator (Lite mode) build 49521"
   281  0311                     CCPR3L equ 0311h ;# 
   282                           opt subtitle "HI-TECH Software Omniscient Code Generator (Lite mode) build 49521"
   283  0312                     CCPR3H equ 0312h ;# 
   284                           opt subtitle "HI-TECH Software Omniscient Code Generator (Lite mode) build 49521"
   285  0313                     CCP3CON equ 0313h ;# 
   286                           opt subtitle "HI-TECH Software Omniscient Code Generator (Lite mode) build 49521"
   287  0318                     CCPR4L equ 0318h ;# 
   288                           opt subtitle "HI-TECH Software Omniscient Code Generator (Lite mode) build 49521"
   289  0319                     CCPR4H equ 0319h ;# 
   290                           opt subtitle "HI-TECH Software Omniscient Code Generator (Lite mode) build 49521"
   291  031A                     CCP4CON equ 031Ah ;# 
   292                           opt subtitle "HI-TECH Software Omniscient Code Generator (Lite mode) build 49521"
   293  038C                     INLVLA equ 038Ch ;# 
   294                           opt subtitle "HI-TECH Software Omniscient Code Generator (Lite mode) build 49521"
   295  038D                     INLVLB equ 038Dh ;# 
   296                           opt subtitle "HI-TECH Software Omniscient Code Generator (Lite mode) build 49521"
   297  038E                     INLVLC equ 038Eh ;# 
   298                           opt subtitle "HI-TECH Software Omniscient Code Generator (Lite mode) build 49521"
   299  0391                     IOCAP equ 0391h ;# 
   300                           opt subtitle "HI-TECH Software Omniscient Code Generator (Lite mode) build 49521"
   301  0392                     IOCAN equ 0392h ;# 
   302                           opt subtitle "HI-TECH Software Omniscient Code Generator (Lite mode) build 49521"
   303  0393                     IOCAF equ 0393h ;# 
   304                           opt subtitle "HI-TECH Software Omniscient Code Generator (Lite mode) build 49521"
   305  0394                     IOCBP equ 0394h ;# 
   306                           opt subtitle "HI-TECH Software Omniscient Code Generator (Lite mode) build 49521"
   307  0395                     IOCBN equ 0395h ;# 
   308                           opt subtitle "HI-TECH Software Omniscient Code Generator (Lite mode) build 49521"
   309  0396                     IOCBF equ 0396h ;# 
   310                           opt subtitle "HI-TECH Software Omniscient Code Generator (Lite mode) build 49521"
   311  039A                     CLKRCON equ 039Ah ;# 
   312                           opt subtitle "HI-TECH Software Omniscient Code Generator (Lite mode) build 49521"
   313  039C                     MDCON equ 039Ch ;# 
   314                           opt subtitle "HI-TECH Software Omniscient Code Generator (Lite mode) build 49521"
   315  039D                     MDSRC equ 039Dh ;# 
   316                           opt subtitle "HI-TECH Software Omniscient Code Generator (Lite mode) build 49521"
   317  039E                     MDCARL equ 039Eh ;# 
   318                           opt subtitle "HI-TECH Software Omniscient Code Generator (Lite mode) build 49521"
   319  039F                     MDCARH equ 039Fh ;# 
   320                           opt subtitle "HI-TECH Software Omniscient Code Generator (Lite mode) build 49521"
   321  0415                     TMR4 equ 0415h ;# 
   322                           opt subtitle "HI-TECH Software Omniscient Code Generator (Lite mode) build 49521"
   323  0416                     PR4 equ 0416h ;# 
   324                           opt subtitle "HI-TECH Software Omniscient Code Generator (Lite mode) build 49521"
   325  0417                     T4CON equ 0417h ;# 
   326                           opt subtitle "HI-TECH Software Omniscient Code Generator (Lite mode) build 49521"
   327  041C                     TMR6 equ 041Ch ;# 
   328                           opt subtitle "HI-TECH Software Omniscient Code Generator (Lite mode) build 49521"
   329  041D                     PR6 equ 041Dh ;# 
   330                           opt subtitle "HI-TECH Software Omniscient Code Generator (Lite mode) build 49521"
   331  041E                     T6CON equ 041Eh ;# 
   332                           opt subtitle "HI-TECH Software Omniscient Code Generator (Lite mode) build 49521"
   333  0FE4                     STATUS_SHAD equ 0FE4h ;# 
   334                           opt subtitle "HI-TECH Software Omniscient Code Generator (Lite mode) build 49521"
   335  0FE5                     WREG_SHAD equ 0FE5h ;# 
   336                           opt subtitle "HI-TECH Software Omniscient Code Generator (Lite mode) build 49521"
   337  0FE6                     BSR_SHAD equ 0FE6h ;# 
   338                           opt subtitle "HI-TECH Software Omniscient Code Generator (Lite mode) build 49521"
   339  0FE7                     PCLATH_SHAD equ 0FE7h ;# 
   340                           opt subtitle "HI-TECH Software Omniscient Code Generator (Lite mode) build 49521"
   341  0FE8                     FSR0L_SHAD equ 0FE8h ;# 
   342                           opt subtitle "HI-TECH Software Omniscient Code Generator (Lite mode) build 49521"
   343  0FE9                     FSR0H_SHAD equ 0FE9h ;# 
   344                           opt subtitle "HI-TECH Software Omniscient Code Generator (Lite mode) build 49521"
   345  0FEA                     FSR1L_SHAD equ 0FEAh ;# 
   346                           opt subtitle "HI-TECH Software Omniscient Code Generator (Lite mode) build 49521"
   347  0FEB                     FSR1H_SHAD equ 0FEBh ;# 
   348                           opt subtitle "HI-TECH Software Omniscient Code Generator (Lite mode) build 49521"
   349  0FED                     STKPTR equ 0FEDh ;# 
   350                           opt subtitle "HI-TECH Software Omniscient Code Generator (Lite mode) build 49521"
   351  0FEE                     TOSL equ 0FEEh ;# 
   352                           opt subtitle "HI-TECH Software Omniscient Code Generator (Lite mode) build 49521"
   353  0FEF                     TOSH equ 0FEFh ;# 
   354                           opt subtitle "HI-TECH Software Omniscient Code Generator (Lite mode) build 49521"
   355                           
   356                           opt pagewidth 120
   357                           
   358                           	opt lm
   359                           
   360                           	processor	16F1828
   361  0086                     __pidataCOMMON:
   362                           opt subtitle "HI-TECH Software Omniscient Code Generator (Lite mode) build 49521"
   363                           
   364                           opt pagewidth 120
   365                           
   366  0086  3401               	retlw	01h
   367  0087  3400               	retlw	0
   368                           opt subtitle "HI-TECH Software Omniscient Code Generator (Lite mode) build 49521"
   369                           
   370                           opt pagewidth 120
   371  001E                     _CPSCON0bits	set	0x1E
   372                           opt subtitle "HI-TECH Software Omniscient Code Generator (Lite mode) build 49521"
   373  001F                     _CPSCON1bits	set	0x1F
   374                           opt subtitle "HI-TECH Software Omniscient Code Generator (Lite mode) build 49521"
   375  000B                     _INTCONbits	set	0xB
   376                           opt subtitle "HI-TECH Software Omniscient Code Generator (Lite mode) build 49521"
   377  000C                     _PORTAbits	set	0xC
   378                           opt subtitle "HI-TECH Software Omniscient Code Generator (Lite mode) build 49521"
   379  0018                     _T1CONbits	set	0x18
   380                           opt subtitle "HI-TECH Software Omniscient Code Generator (Lite mode) build 49521"
   381  0015                     _TMR0	set	0x15
   382                           opt subtitle "HI-TECH Software Omniscient Code Generator (Lite mode) build 49521"
   383  0017                     _TMR1H	set	0x17
   384                           opt subtitle "HI-TECH Software Omniscient Code Generator (Lite mode) build 49521"
   385  0016                     _TMR1L	set	0x16
   386                           opt subtitle "HI-TECH Software Omniscient Code Generator (Lite mode) build 49521"
   387  005F                     _GIE	set	0x5F
   388                           opt subtitle "HI-TECH Software Omniscient Code Generator (Lite mode) build 49521"
   389  0095                     _OPTION_REGbits	set	0x95
   390                           opt subtitle "HI-TECH Software Omniscient Code Generator (Lite mode) build 49521"
   391  0099                     _OSCCONbits	set	0x99
   392                           opt subtitle "HI-TECH Software Omniscient Code Generator (Lite mode) build 49521"
   393  009A                     _OSCSTATbits	set	0x9A
   394                           opt subtitle "HI-TECH Software Omniscient Code Generator (Lite mode) build 49521"
   395  008C                     _TRISAbits	set	0x8C
   396                           opt subtitle "HI-TECH Software Omniscient Code Generator (Lite mode) build 49521"
   397  008D                     _TRISBbits	set	0x8D
   398                           opt subtitle "HI-TECH Software Omniscient Code Generator (Lite mode) build 49521"
   399  008E                     _TRISCbits	set	0x8E
   400                           opt subtitle "HI-TECH Software Omniscient Code Generator (Lite mode) build 49521"
   401  018C                     _ANSELAbits	set	0x18C
   402                           opt subtitle "HI-TECH Software Omniscient Code Generator (Lite mode) build 49521"
   403  018D                     _ANSELBbits	set	0x18D
   404                           opt subtitle "HI-TECH Software Omniscient Code Generator (Lite mode) build 49521"
   405  018E                     _ANSELCbits	set	0x18E
   406                           opt subtitle "HI-TECH Software Omniscient Code Generator (Lite mode) build 49521"
   407                           
   408  0000                     __CFG_CPD$OFF equ 0x0
   409                           opt subtitle "HI-TECH Software Omniscient Code Generator (Lite mode) build 49521"
   410  0000                     __CFG_BOREN$OFF equ 0x0
   411                           opt subtitle "HI-TECH Software Omniscient Code Generator (Lite mode) build 49521"
   412  0000                     __CFG_IESO$ON equ 0x0
   413                           opt subtitle "HI-TECH Software Omniscient Code Generator (Lite mode) build 49521"
   414  0000                     __CFG_FOSC$INTOSC equ 0x0
   415                           opt subtitle "HI-TECH Software Omniscient Code Generator (Lite mode) build 49521"
   416  0000                     __CFG_FCMEN$ON equ 0x0
   417                           opt subtitle "HI-TECH Software Omniscient Code Generator (Lite mode) build 49521"
   418  0000                     __CFG_MCLRE$ON equ 0x0
   419                           opt subtitle "HI-TECH Software Omniscient Code Generator (Lite mode) build 49521"
   420  0000                     __CFG_WDTE$OFF equ 0x0
   421                           opt subtitle "HI-TECH Software Omniscient Code Generator (Lite mode) build 49521"
   422  0000                     __CFG_CP$OFF equ 0x0
   423                           opt subtitle "HI-TECH Software Omniscient Code Generator (Lite mode) build 49521"
   424  0000                     __CFG_PWRTE$OFF equ 0x0
   425                           opt subtitle "HI-TECH Software Omniscient Code Generator (Lite mode) build 49521"
   426  0000                     __CFG_CLKOUTEN$OFF equ 0x0
   427                           opt subtitle "HI-TECH Software Omniscient Code Generator (Lite mode) build 49521"
   428  0000                     __CFG_PLLEN$ON equ 0x0
   429                           opt subtitle "HI-TECH Software Omniscient Code Generator (Lite mode) build 49521"
   430  0000                     __CFG_WRT$OFF equ 0x0
   431                           opt subtitle "HI-TECH Software Omniscient Code Generator (Lite mode) build 49521"
   432  0000                     __CFG_STVREN$OFF equ 0x0
   433                           opt subtitle "HI-TECH Software Omniscient Code Generator (Lite mode) build 49521"
   434  0000                     __CFG_BORV$LO equ 0x0
   435                           opt subtitle "HI-TECH Software Omniscient Code Generator (Lite mode) build 49521"
   436  0000                     __CFG_LVP$OFF equ 0x0
   437                           opt subtitle "HI-TECH Software Omniscient Code Generator (Lite mode) build 49521"
   438                           
   439                           opt pagewidth 120
   440                           
   441  0079                     start_initialization:
   442                           opt subtitle "HI-TECH Software Omniscient Code Generator (Lite mode) build 49521"
   443                           
   444  0079                     __initialization:
   445                           opt subtitle "HI-TECH Software Omniscient Code Generator (Lite mode) build 49521"
   446                           
   447  0076                     __pbssCOMMON:
   448  0076                     _oscillations:
   449  0076                            ds      2
   450                           opt subtitle "HI-TECH Software Omniscient Code Generator (Lite mode) build 49521"
   451                           
   452                           opt pagewidth 120
   453  0078                     __pdataCOMMON:
   454                           opt subtitle "HI-TECH Software Omniscient Code Generator (Lite mode) build 49521"
   455  0078                     _debug:
   456  0078                            ds      2
   457                           opt subtitle "HI-TECH Software Omniscient Code Generator (Lite mode) build 49521"
   458                           
   459                           opt pagewidth 120
   460                           
   461  0079  01F6               	clrf	((__pbssCOMMON)+0)&07Fh
   462  007A  01F7               	clrf	((__pbssCOMMON)+1)&07Fh
   463                           opt subtitle "HI-TECH Software Omniscient Code Generator (Lite mode) build 49521"
   464                           
   465                           opt pagewidth 120
   466  007B  3180  2086  3180   	fcall	__pidataCOMMON+0		;fetch initializer
   467  007E  00F8               	movwf	__pdataCOMMON+0&07fh		
   468  007F  3180  2087  3180   	fcall	__pidataCOMMON+1		;fetch initializer
   469  0082  00F9               	movwf	__pdataCOMMON+1&07fh		
   470                           opt subtitle "HI-TECH Software Omniscient Code Generator (Lite mode) build 49521"
   471                           
   472                           opt pagewidth 120
   473                           
   474                           	opt lm
   475  0083                     end_of_initialization:
   476  0083                     __end_of__initialization:movlb 0
      + 0083  0020               	movlb	0
   477  0084  3180  2830         ljmp _main	;jump to C main() function
   478                           opt subtitle "HI-TECH Software Omniscient Code Generator (Lite mode) build 49521"
   479                           
   480  0070                     __pcstackCOMMON:
   481  0070                     ?_isr:	; 0 bytes @ 0x0
   482  0070                     ??_isr:	; 0 bytes @ 0x0
   483  0070                     	ds	1
   484  0071                     ?_main:	; 2 bytes @ 0x1
   485  0071                     main@argc:	; 2 bytes @ 0x1
   486  0071                     	ds	2
   487  0073                     main@argv:	; 2 bytes @ 0x3
   488  0073                     	ds	2
   489  0075                     ??_main:	; 0 bytes @ 0x5
   490  0075                     	ds	1
   491                           opt subtitle "HI-TECH Software Omniscient Code Generator (Lite mode) build 49521"
   492                           
   493                           opt pagewidth 120
   494                           
   495                           	opt lm
   496                           
   497                           	processor	16F1828
   498                           clrc	macro
   499                           	bcf	3,0
   500                           	endm
   501                           clrz	macro
   502                           	bcf	3,2
   503                           	endm
   504                           setc	macro
   505                           	bsf	3,0
   506                           	endm
   507                           setz	macro
   508                           	bsf	3,2
   509                           	endm
   510                           skipc	macro
   511                           	btfss	3,0
   512                           	endm
   513                           skipz	macro
   514                           	btfss	3,2
   515                           	endm
   516                           skipnc	macro
   517                           	btfsc	3,0
   518                           	endm
   519                           skipnz	macro
   520                           	btfsc	3,2
   521                           	endm
   522                           indf	equ	0
   523                           indf0	equ	0
   524                           indf1	equ	1
   525                           pc	equ	2
   526                           pcl	equ	2
   527                           status	equ	3
   528                           fsr0l	equ	4
   529                           fsr0h	equ	5
   530                           fsr1l	equ	6
   531                           fsr1h	equ	7
   532                           bsr	equ	8
   533                           wreg	equ	9
   534                           intcon	equ	11
   535                           c	equ	1
   536                           z	equ	0
   537                           pclath	equ	10
   538                           # 46 "C:\Program Files\Microchip\xc8\v1.12\include\pic16f1828.h"
   539                           INDF0 equ 00h ;# 
   540                           # 65 "C:\Program Files\Microchip\xc8\v1.12\include\pic16f1828.h"
   541                           INDF1 equ 01h ;# 
   542                           # 84 "C:\Program Files\Microchip\xc8\v1.12\include\pic16f1828.h"
   543                           PCL equ 02h ;# 
   544                           # 103 "C:\Program Files\Microchip\xc8\v1.12\include\pic16f1828.h"
   545                           STATUS equ 03h ;# 
   546                           # 166 "C:\Program Files\Microchip\xc8\v1.12\include\pic16f1828.h"
   547                           FSR0L equ 04h ;# 
   548                           # 185 "C:\Program Files\Microchip\xc8\v1.12\include\pic16f1828.h"
   549                           FSR0H equ 05h ;# 
   550                           # 207 "C:\Program Files\Microchip\xc8\v1.12\include\pic16f1828.h"
   551                           FSR1L equ 06h ;# 
   552                           # 226 "C:\Program Files\Microchip\xc8\v1.12\include\pic16f1828.h"
   553                           FSR1H equ 07h ;# 
   554                           # 245 "C:\Program Files\Microchip\xc8\v1.12\include\pic16f1828.h"
   555                           BSR equ 08h ;# 
   556                           # 296 "C:\Program Files\Microchip\xc8\v1.12\include\pic16f1828.h"
   557                           WREG equ 09h ;# 
   558                           # 315 "C:\Program Files\Microchip\xc8\v1.12\include\pic16f1828.h"
   559                           PCLATH equ 0Ah ;# 
   560                           # 334 "C:\Program Files\Microchip\xc8\v1.12\include\pic16f1828.h"
   561                           INTCON equ 0Bh ;# 
   562                           # 411 "C:\Program Files\Microchip\xc8\v1.12\include\pic16f1828.h"
   563                           PORTA equ 0Ch ;# 
   564                           # 460 "C:\Program Files\Microchip\xc8\v1.12\include\pic16f1828.h"
   565                           PORTB equ 0Dh ;# 
   566                           # 498 "C:\Program Files\Microchip\xc8\v1.12\include\pic16f1828.h"
   567                           PORTC equ 0Eh ;# 
   568                           # 559 "C:\Program Files\Microchip\xc8\v1.12\include\pic16f1828.h"
   569                           PIR1 equ 011h ;# 
   570                           # 620 "C:\Program Files\Microchip\xc8\v1.12\include\pic16f1828.h"
   571                           PIR2 equ 012h ;# 
   572                           # 670 "C:\Program Files\Microchip\xc8\v1.12\include\pic16f1828.h"
   573                           PIR3 equ 013h ;# 
   574                           # 709 "C:\Program Files\Microchip\xc8\v1.12\include\pic16f1828.h"
   575                           TMR0 equ 015h ;# 
   576                           # 728 "C:\Program Files\Microchip\xc8\v1.12\include\pic16f1828.h"
   577                           TMR1 equ 016h ;# 
   578                           # 734 "C:\Program Files\Microchip\xc8\v1.12\include\pic16f1828.h"
   579                           TMR1L equ 016h ;# 
   580                           # 753 "C:\Program Files\Microchip\xc8\v1.12\include\pic16f1828.h"
   581                           TMR1H equ 017h ;# 
   582                           # 772 "C:\Program Files\Microchip\xc8\v1.12\include\pic16f1828.h"
   583                           T1CON equ 018h ;# 
   584                           # 843 "C:\Program Files\Microchip\xc8\v1.12\include\pic16f1828.h"
   585                           T1GCON equ 019h ;# 
   586                           # 919 "C:\Program Files\Microchip\xc8\v1.12\include\pic16f1828.h"
   587                           TMR2 equ 01Ah ;# 
   588                           # 938 "C:\Program Files\Microchip\xc8\v1.12\include\pic16f1828.h"
   589                           PR2 equ 01Bh ;# 
   590                           # 957 "C:\Program Files\Microchip\xc8\v1.12\include\pic16f1828.h"
   591                           T2CON equ 01Ch ;# 
   592                           # 1027 "C:\Program Files\Microchip\xc8\v1.12\include\pic16f1828.h"
   593                           CPSCON0 equ 01Eh ;# 
   594                           # 1086 "C:\Program Files\Microchip\xc8\v1.12\include\pic16f1828.h"
   595                           CPSCON1 equ 01Fh ;# 
   596                           # 1131 "C:\Program Files\Microchip\xc8\v1.12\include\pic16f1828.h"
   597                           TRISA equ 08Ch ;# 
   598                           # 1180 "C:\Program Files\Microchip\xc8\v1.12\include\pic16f1828.h"
   599                           TRISB equ 08Dh ;# 
   600                           # 1218 "C:\Program Files\Microchip\xc8\v1.12\include\pic16f1828.h"
   601                           TRISC equ 08Eh ;# 
   602                           # 1279 "C:\Program Files\Microchip\xc8\v1.12\include\pic16f1828.h"
   603                           PIE1 equ 091h ;# 
   604                           # 1340 "C:\Program Files\Microchip\xc8\v1.12\include\pic16f1828.h"
   605                           PIE2 equ 092h ;# 
   606                           # 1390 "C:\Program Files\Microchip\xc8\v1.12\include\pic16f1828.h"
   607                           PIE3 equ 093h ;# 
   608                           # 1429 "C:\Program Files\Microchip\xc8\v1.12\include\pic16f1828.h"
   609                           OPTION_REG equ 095h ;# 
   610                           # 1511 "C:\Program Files\Microchip\xc8\v1.12\include\pic16f1828.h"
   611                           PCON equ 096h ;# 
   612                           # 1561 "C:\Program Files\Microchip\xc8\v1.12\include\pic16f1828.h"
   613                           WDTCON equ 097h ;# 
   614                           # 1619 "C:\Program Files\Microchip\xc8\v1.12\include\pic16f1828.h"
   615                           OSCTUNE equ 098h ;# 
   616                           # 1676 "C:\Program Files\Microchip\xc8\v1.12\include\pic16f1828.h"
   617                           OSCCON equ 099h ;# 
   618                           # 1747 "C:\Program Files\Microchip\xc8\v1.12\include\pic16f1828.h"
   619                           OSCSTAT equ 09Ah ;# 
   620                           # 1808 "C:\Program Files\Microchip\xc8\v1.12\include\pic16f1828.h"
   621                           ADRES equ 09Bh ;# 
   622                           # 1814 "C:\Program Files\Microchip\xc8\v1.12\include\pic16f1828.h"
   623                           ADRESL equ 09Bh ;# 
   624                           # 1833 "C:\Program Files\Microchip\xc8\v1.12\include\pic16f1828.h"
   625                           ADRESH equ 09Ch ;# 
   626                           # 1852 "C:\Program Files\Microchip\xc8\v1.12\include\pic16f1828.h"
   627                           ADCON0 equ 09Dh ;# 
   628                           # 1931 "C:\Program Files\Microchip\xc8\v1.12\include\pic16f1828.h"
   629                           ADCON1 equ 09Eh ;# 
   630                           # 2002 "C:\Program Files\Microchip\xc8\v1.12\include\pic16f1828.h"
   631                           LATA equ 010Ch ;# 
   632                           # 2046 "C:\Program Files\Microchip\xc8\v1.12\include\pic16f1828.h"
   633                           LATB equ 010Dh ;# 
   634                           # 2084 "C:\Program Files\Microchip\xc8\v1.12\include\pic16f1828.h"
   635                           LATC equ 010Eh ;# 
   636                           # 2145 "C:\Program Files\Microchip\xc8\v1.12\include\pic16f1828.h"
   637                           CM1CON0 equ 0111h ;# 
   638                           # 2201 "C:\Program Files\Microchip\xc8\v1.12\include\pic16f1828.h"
   639                           CM1CON1 equ 0112h ;# 
   640                           # 2266 "C:\Program Files\Microchip\xc8\v1.12\include\pic16f1828.h"
   641                           CM2CON0 equ 0113h ;# 
   642                           # 2322 "C:\Program Files\Microchip\xc8\v1.12\include\pic16f1828.h"
   643                           CM2CON1 equ 0114h ;# 
   644                           # 2387 "C:\Program Files\Microchip\xc8\v1.12\include\pic16f1828.h"
   645                           CMOUT equ 0115h ;# 
   646                           # 2412 "C:\Program Files\Microchip\xc8\v1.12\include\pic16f1828.h"
   647                           BORCON equ 0116h ;# 
   648                           # 2438 "C:\Program Files\Microchip\xc8\v1.12\include\pic16f1828.h"
   649                           FVRCON equ 0117h ;# 
   650                           # 2513 "C:\Program Files\Microchip\xc8\v1.12\include\pic16f1828.h"
   651                           DACCON0 equ 0118h ;# 
   652                           # 2573 "C:\Program Files\Microchip\xc8\v1.12\include\pic16f1828.h"
   653                           DACCON1 equ 0119h ;# 
   654                           # 2624 "C:\Program Files\Microchip\xc8\v1.12\include\pic16f1828.h"
   655                           SRCON0 equ 011Ah ;# 
   656                           # 2694 "C:\Program Files\Microchip\xc8\v1.12\include\pic16f1828.h"
   657                           SRCON1 equ 011Bh ;# 
   658                           # 2755 "C:\Program Files\Microchip\xc8\v1.12\include\pic16f1828.h"
   659                           APFCON0 equ 011Dh ;# 
   660                           # 2788 "C:\Program Files\Microchip\xc8\v1.12\include\pic16f1828.h"
   661                           APFCON1 equ 011Eh ;# 
   662                           # 2825 "C:\Program Files\Microchip\xc8\v1.12\include\pic16f1828.h"
   663                           ANSELA equ 018Ch ;# 
   664                           # 2871 "C:\Program Files\Microchip\xc8\v1.12\include\pic16f1828.h"
   665                           ANSELB equ 018Dh ;# 
   666                           # 2918 "C:\Program Files\Microchip\xc8\v1.12\include\pic16f1828.h"
   667                           ANSELC equ 018Eh ;# 
   668                           # 2976 "C:\Program Files\Microchip\xc8\v1.12\include\pic16f1828.h"
   669                           EEADR equ 0191h ;# 
   670                           # 2982 "C:\Program Files\Microchip\xc8\v1.12\include\pic16f1828.h"
   671                           EEADRL equ 0191h ;# 
   672                           # 3001 "C:\Program Files\Microchip\xc8\v1.12\include\pic16f1828.h"
   673                           EEADRH equ 0192h ;# 
   674                           # 3020 "C:\Program Files\Microchip\xc8\v1.12\include\pic16f1828.h"
   675                           EEDAT equ 0193h ;# 
   676                           # 3026 "C:\Program Files\Microchip\xc8\v1.12\include\pic16f1828.h"
   677                           EEDATL equ 0193h ;# 
   678                           # 3031 "C:\Program Files\Microchip\xc8\v1.12\include\pic16f1828.h"
   679                           EEDATA equ 0193h ;# 
   680                           # 3063 "C:\Program Files\Microchip\xc8\v1.12\include\pic16f1828.h"
   681                           EEDATH equ 0194h ;# 
   682                           # 3082 "C:\Program Files\Microchip\xc8\v1.12\include\pic16f1828.h"
   683                           EECON1 equ 0195h ;# 
   684                           # 3143 "C:\Program Files\Microchip\xc8\v1.12\include\pic16f1828.h"
   685                           EECON2 equ 0196h ;# 
   686                           # 3162 "C:\Program Files\Microchip\xc8\v1.12\include\pic16f1828.h"
   687                           RCREG equ 0199h ;# 
   688                           # 3181 "C:\Program Files\Microchip\xc8\v1.12\include\pic16f1828.h"
   689                           TXREG equ 019Ah ;# 
   690                           # 3200 "C:\Program Files\Microchip\xc8\v1.12\include\pic16f1828.h"
   691                           SPBRGL equ 019Bh ;# 
   692  0030                     __pmaintext:	;psect for function _main
   693                           opt subtitle "HI-TECH Software Omniscient Code Generator (Lite mode) build 49521"
   694                           
   695                           opt pagewidth 120
   696                           
   697  0049                     	__size_of_main	equ	__end_of_main-_main
   698                           opt subtitle "HI-TECH Software Omniscient Code Generator (Lite mode) build 49521"
   699  0030                     _main:	
   700                           opt subtitle "HI-TECH Software Omniscient Code Generator (Lite mode) build 49521"
   701                           
   702                           opt pagewidth 120
   703                           
   704  0030                     l515:	
   705                           opt subtitle "HI-TECH Software Omniscient Code Generator (Lite mode) build 49521"
   706  0030  0021               	movlb 1	; select bank1
   707  0031  0819               	movf	(153)^080h,w	;volatile
   708  0032  39FC               	andlw	not (((1<<2)-1)<<0)
   709  0033  3802               	iorlw	(02h & ((1<<2)-1))<<0
   710  0034  0099               	movwf	(153)^080h	;volatile
   711                           opt subtitle "HI-TECH Software Omniscient Code Generator (Lite mode) build 49521"
   712                           
   713  0035  0819               	movf	(153)^080h,w	;volatile
   714  0036  3987               	andlw	not (((1<<4)-1)<<3)
   715  0037  3858               	iorlw	(0Bh & ((1<<4)-1))<<3
   716  0038  0099               	movwf	(153)^080h	;volatile
   717                           opt subtitle "HI-TECH Software Omniscient Code Generator (Lite mode) build 49521"
   718                           
   719  0039  283A               	goto	l45
   720                           opt subtitle "HI-TECH Software Omniscient Code Generator (Lite mode) build 49521"
   721  003A                     l46:	
   722                           opt subtitle "HI-TECH Software Omniscient Code Generator (Lite mode) build 49521"
   723  003A                     l45:	
   724  003A  1E1A               	btfss	(154)^080h,4	;volatile
   725  003B  283D               	goto	u11
   726  003C  283E               	goto	u10
   727  003D                     u11:
   728  003D  283A               	goto	l45
   729  003E                     u10:
   730  003E  283F               	goto	l517
   731                           opt subtitle "HI-TECH Software Omniscient Code Generator (Lite mode) build 49521"
   732  003F                     l47:	
   733                           opt subtitle "HI-TECH Software Omniscient Code Generator (Lite mode) build 49521"
   734                           
   735  003F                     l517:	
   736                           opt subtitle "HI-TECH Software Omniscient Code Generator (Lite mode) build 49521"
   737  003F  3001               	movlw	01h
   738  0040  0678               	xorwf	(_debug),w
   739  0041  0479               	iorwf	(_debug+1),w
   740  0042  1D03               	skipz
   741  0043  2845               	goto	u21
   742  0044  2846               	goto	u20
   743  0045                     u21:
   744  0045  284E               	goto	l48
   745  0046                     u20:
   746                           opt subtitle "HI-TECH Software Omniscient Code Generator (Lite mode) build 49521"
   747                           
   748  0046                     l519:	
   749                           opt subtitle "HI-TECH Software Omniscient Code Generator (Lite mode) build 49521"
   750                           
   751  0046  100C               	bcf	(140)^080h,0	;volatile
   752                           opt subtitle "HI-TECH Software Omniscient Code Generator (Lite mode) build 49521"
   753                           
   754  0047  108C               	bcf	(140)^080h,1	;volatile
   755                           opt subtitle "HI-TECH Software Omniscient Code Generator (Lite mode) build 49521"
   756                           
   757  0048  0023               	movlb 3	; select bank3
   758  0049  100C               	bcf	(396)^0180h,0	;volatile
   759                           opt subtitle "HI-TECH Software Omniscient Code Generator (Lite mode) build 49521"
   760                           
   761  004A  108C               	bcf	(396)^0180h,1	;volatile
   762                           opt subtitle "HI-TECH Software Omniscient Code Generator (Lite mode) build 49521"
   763                           
   764  004B  0020               	movlb 0	; select bank0
   765  004C  100C               	bcf	(12),0	;volatile
   766                           opt subtitle "HI-TECH Software Omniscient Code Generator (Lite mode) build 49521"
   767                           
   768  004D  108C               	bcf	(12),1	;volatile
   769                           opt subtitle "HI-TECH Software Omniscient Code Generator (Lite mode) build 49521"
   770                           
   771  004E                     l48:	
   772                           opt subtitle "HI-TECH Software Omniscient Code Generator (Lite mode) build 49521"
   773                           
   774                           opt pagewidth 120
   775  004E  0021               	movlb 1	; select bank1
   776  004F  140E               	bsf	(142)^080h,0	;volatile
   777                           opt subtitle "HI-TECH Software Omniscient Code Generator (Lite mode) build 49521"
   778                           
   779  0050  148E               	bsf	(142)^080h,1	;volatile
   780                           opt subtitle "HI-TECH Software Omniscient Code Generator (Lite mode) build 49521"
   781                           
   782  0051  150E               	bsf	(142)^080h,2	;volatile
   783                           opt subtitle "HI-TECH Software Omniscient Code Generator (Lite mode) build 49521"
   784                           
   785  0052  160D               	bsf	(141)^080h,4	;volatile
   786                           opt subtitle "HI-TECH Software Omniscient Code Generator (Lite mode) build 49521"
   787                           
   788  0053  0023               	movlb 3	; select bank3
   789  0054  140E               	bsf	(398)^0180h,0	;volatile
   790                           opt subtitle "HI-TECH Software Omniscient Code Generator (Lite mode) build 49521"
   791                           
   792  0055  148E               	bsf	(398)^0180h,1	;volatile
   793                           opt subtitle "HI-TECH Software Omniscient Code Generator (Lite mode) build 49521"
   794                           
   795  0056  150E               	bsf	(398)^0180h,2	;volatile
   796                           opt subtitle "HI-TECH Software Omniscient Code Generator (Lite mode) build 49521"
   797                           
   798  0057  160D               	bsf	(397)^0180h,4	;volatile
   799                           opt subtitle "HI-TECH Software Omniscient Code Generator (Lite mode) build 49521"
   800                           
   801  0058                     l521:	
   802                           opt subtitle "HI-TECH Software Omniscient Code Generator (Lite mode) build 49521"
   803  0058  300C               	movlw	(03h & ((1<<2)-1))<<2
   804  0059  0020               	movlb 0	; select bank0
   805  005A  049E               	iorwf	(30),f	;volatile
   806                           opt subtitle "HI-TECH Software Omniscient Code Generator (Lite mode) build 49521"
   807                           
   808  005B                     l523:	
   809                           opt subtitle "HI-TECH Software Omniscient Code Generator (Lite mode) build 49521"
   810  005B  131E               	bcf	(30),6	;volatile
   811                           opt subtitle "HI-TECH Software Omniscient Code Generator (Lite mode) build 49521"
   812                           
   813  005C  30C0               	movlw	(03h & ((1<<2)-1))<<6
   814  005D  0498               	iorwf	(24),f	;volatile
   815                           opt subtitle "HI-TECH Software Omniscient Code Generator (Lite mode) build 49521"
   816                           
   817  005E                     l525:	
   818                           opt subtitle "HI-TECH Software Omniscient Code Generator (Lite mode) build 49521"
   819  005E  1518               	bsf	(24),2	;volatile
   820                           opt subtitle "HI-TECH Software Omniscient Code Generator (Lite mode) build 49521"
   821                           
   822  005F                     l527:	
   823                           opt subtitle "HI-TECH Software Omniscient Code Generator (Lite mode) build 49521"
   824  005F  168B               	bsf	(11),5	;volatile
   825                           opt subtitle "HI-TECH Software Omniscient Code Generator (Lite mode) build 49521"
   826                           
   827  0060                     l529:	
   828                           opt subtitle "HI-TECH Software Omniscient Code Generator (Lite mode) build 49521"
   829  0060  110B               	bcf	(11),2	;volatile
   830                           opt subtitle "HI-TECH Software Omniscient Code Generator (Lite mode) build 49521"
   831                           
   832  0061                     l531:	
   833                           opt subtitle "HI-TECH Software Omniscient Code Generator (Lite mode) build 49521"
   834  0061  0021               	movlb 1	; select bank1
   835  0062  1195               	bcf	(149)^080h,3	;volatile
   836                           opt subtitle "HI-TECH Software Omniscient Code Generator (Lite mode) build 49521"
   837                           
   838  0063  3007               	movlw	(07h & ((1<<3)-1))<<0
   839  0064  0495               	iorwf	(149)^080h,f	;volatile
   840                           opt subtitle "HI-TECH Software Omniscient Code Generator (Lite mode) build 49521"
   841                           
   842  0065                     l533:	
   843                           opt subtitle "HI-TECH Software Omniscient Code Generator (Lite mode) build 49521"
   844  0065  1295               	bcf	(149)^080h,5	;volatile
   845                           opt subtitle "HI-TECH Software Omniscient Code Generator (Lite mode) build 49521"
   846                           
   847  0066                     l535:	
   848                           opt subtitle "HI-TECH Software Omniscient Code Generator (Lite mode) build 49521"
   849  0066  178B               	bsf	(11),7	;volatile
   850                           opt subtitle "HI-TECH Software Omniscient Code Generator (Lite mode) build 49521"
   851                           
   852  0067                     l537:	
   853                           opt subtitle "HI-TECH Software Omniscient Code Generator (Lite mode) build 49521"
   854  0067  178B               	bsf	(95/8),(95)&7	;volatile
   855                           opt subtitle "HI-TECH Software Omniscient Code Generator (Lite mode) build 49521"
   856                           
   857  0068                     l539:	
   858                           opt subtitle "HI-TECH Software Omniscient Code Generator (Lite mode) build 49521"
   859                           
   860  0068  3003               movlw	3
   861  0069  00F5               movwf	(??_main+0)+0,f
   862  006A                     u67:
   863  006A  0BF5               decfsz	(??_main+0)+0,f
   864  006B  286A               	goto	u67
   865                           opt subtitle "HI-TECH Software Omniscient Code Generator (Lite mode) build 49521"
   866                           
   867                           opt pagewidth 120
   868                           
   869  006C                     l541:	
   870                           opt subtitle "HI-TECH Software Omniscient Code Generator (Lite mode) build 49521"
   871  006C  0020               	movlb 0	; select bank0
   872  006D  179E               	bsf	(30),7	;volatile
   873                           opt subtitle "HI-TECH Software Omniscient Code Generator (Lite mode) build 49521"
   874                           
   875  006E                     l543:	
   876                           opt subtitle "HI-TECH Software Omniscient Code Generator (Lite mode) build 49521"
   877  006E  081F               	movf	(31),w	;volatile
   878  006F  39F8               	andlw	not (((1<<3)-1)<<0)
   879  0070  3806               	iorlw	(06h & ((1<<3)-1))<<0
   880  0071  009F               	movwf	(31)	;volatile
   881                           opt subtitle "HI-TECH Software Omniscient Code Generator (Lite mode) build 49521"
   882                           
   883  0072                     l545:	
   884                           opt subtitle "HI-TECH Software Omniscient Code Generator (Lite mode) build 49521"
   885  0072  0195               	clrf	(21)	;volatile
   886                           opt subtitle "HI-TECH Software Omniscient Code Generator (Lite mode) build 49521"
   887                           
   888  0073                     l547:	
   889                           opt subtitle "HI-TECH Software Omniscient Code Generator (Lite mode) build 49521"
   890  0073  0197               	clrf	(23)	;volatile
   891                           opt subtitle "HI-TECH Software Omniscient Code Generator (Lite mode) build 49521"
   892                           
   893  0074                     l549:	
   894                           opt subtitle "HI-TECH Software Omniscient Code Generator (Lite mode) build 49521"
   895  0074  0196               	clrf	(22)	;volatile
   896                           opt subtitle "HI-TECH Software Omniscient Code Generator (Lite mode) build 49521"
   897                           
   898  0075                     l551:	
   899                           opt subtitle "HI-TECH Software Omniscient Code Generator (Lite mode) build 49521"
   900  0075  1418               	bsf	(24),0	;volatile
   901                           opt subtitle "HI-TECH Software Omniscient Code Generator (Lite mode) build 49521"
   902                           
   903                           opt pagewidth 120
   904  0076                     l49:	
   905                           opt subtitle "HI-TECH Software Omniscient Code Generator (Lite mode) build 49521"
   906                           
   907  0076                     l50:	
   908                           opt subtitle "HI-TECH Software Omniscient Code Generator (Lite mode) build 49521"
   909  0076  2876               	goto	l49
   910                           opt subtitle "HI-TECH Software Omniscient Code Generator (Lite mode) build 49521"
   911  0077                     l51:	
   912                           opt subtitle "HI-TECH Software Omniscient Code Generator (Lite mode) build 49521"
   913                           
   914  0077                     l52:	
   915                           opt subtitle "HI-TECH Software Omniscient Code Generator (Lite mode) build 49521"
   916  0077  3180  282E         	ljmp	start
   917                           opt subtitle "HI-TECH Software Omniscient Code Generator (Lite mode) build 49521"
   918                           
   919  0079                     	__end_of_main:
   920                           opt subtitle "HI-TECH Software Omniscient Code Generator (Lite mode) build 49521"
   921                           
   922                           opt pagewidth 120
   923                           
   924                           	opt lm
   925                           
   926                           	processor	16F1828
   927                           clrc	macro
   928                           	bcf	3,0
   929                           	endm
   930                           clrz	macro
   931                           	bcf	3,2
   932                           	endm
   933                           setc	macro
   934                           	bsf	3,0
   935                           	endm
   936                           setz	macro
   937                           	bsf	3,2
   938                           	endm
   939                           skipc	macro
   940                           	btfss	3,0
   941                           	endm
   942                           skipz	macro
   943                           	btfss	3,2
   944                           	endm
   945                           skipnc	macro
   946                           	btfsc	3,0
   947                           	endm
   948                           skipnz	macro
   949                           	btfsc	3,2
   950                           	endm
   951                           indf	equ	0
   952                           indf0	equ	0
   953  0004                     __pintentry:
   954                           opt subtitle "HI-TECH Software Omniscient Code Generator (Lite mode) build 49521"
   955                           
   956                           opt pagewidth 120
   957                           
   958  002A                     	__size_of_isr	equ	__end_of_isr-_isr
   959                           opt subtitle "HI-TECH Software Omniscient Code Generator (Lite mode) build 49521"
   960  0004                     _isr:	
   961                           opt subtitle "HI-TECH Software Omniscient Code Generator (Lite mode) build 49521"
   962                           
   963                           opt pagewidth 120
   964  0004  3180               	pagesel	$
   965  0005  0020               	movlb 0	; select bank0
   966  0006  087F               	movf	btemp+1,w
   967  0007  00F0               	movwf	(??_isr+0)
   968                           opt subtitle "HI-TECH Software Omniscient Code Generator (Lite mode) build 49521"
   969                           
   970  0008                     i1l553:	
   971                           opt subtitle "HI-TECH Software Omniscient Code Generator (Lite mode) build 49521"
   972  0008  1E8B               	btfss	(11),5	;volatile
   973  0009  280B               	goto	u3_21
   974  000A  280C               	goto	u3_20
   975  000B                     u3_21:
   976  000B  282B               	goto	i1l58
   977  000C                     u3_20:
   978                           opt subtitle "HI-TECH Software Omniscient Code Generator (Lite mode) build 49521"
   979  000C                     i1l555:	
   980  000C  1D0B               	btfss	(11),2	;volatile
   981  000D  280F               	goto	u4_21
   982  000E  2810               	goto	u4_20
   983  000F                     u4_21:
   984  000F  282B               	goto	i1l58
   985  0010                     u4_20:
   986                           opt subtitle "HI-TECH Software Omniscient Code Generator (Lite mode) build 49521"
   987                           
   988  0010                     i1l557:	
   989                           opt subtitle "HI-TECH Software Omniscient Code Generator (Lite mode) build 49521"
   990  0010  1018               	bcf	(24),0	;volatile
   991                           opt subtitle "HI-TECH Software Omniscient Code Generator (Lite mode) build 49521"
   992                           
   993  0011                     i1l559:	
   994                           opt subtitle "HI-TECH Software Omniscient Code Generator (Lite mode) build 49521"
   995  0011  0817               	movf	(23),w	;volatile
   996  0012  01F7               	clrf	(_oscillations+1)
   997  0013  07F7               	addwf	(_oscillations+1)
   998  0014  0816               	movf	(22),w	;volatile
   999  0015  01F6               	clrf	(_oscillations)
  1000  0016  07F6               	addwf	(_oscillations)
  1001                           opt subtitle "HI-TECH Software Omniscient Code Generator (Lite mode) build 49521"
  1002                           
  1003                           opt pagewidth 120
  1004  0017                     i1l561:	
  1005                           opt subtitle "HI-TECH Software Omniscient Code Generator (Lite mode) build 49521"
  1006  0017  3080               	movlw	high(080B6h)
  1007  0018  0277               	subwf	(_oscillations+1),w
  1008  0019  30B6               	movlw	low(080B6h)
  1009  001A  1903               	skipnz
  1010  001B  0276               	subwf	(_oscillations),w
  1011  001C  1C03               	skipc
  1012  001D  281F               	goto	u5_21
  1013  001E  2820               	goto	u5_20
  1014  001F                     u5_21:
  1015  001F  2823               	goto	i1l56
  1016  0020                     u5_20:
  1017                           opt subtitle "HI-TECH Software Omniscient Code Generator (Lite mode) build 49521"
  1018                           
  1019  0020                     i1l563:	
  1020                           opt subtitle "HI-TECH Software Omniscient Code Generator (Lite mode) build 49521"
  1021  0020  100C               	bcf	(12),0	;volatile
  1022                           opt subtitle "HI-TECH Software Omniscient Code Generator (Lite mode) build 49521"
  1023                           
  1024  0021  108C               	bcf	(12),1	;volatile
  1025                           opt subtitle "HI-TECH Software Omniscient Code Generator (Lite mode) build 49521"
  1026                           
  1027  0022  2825               	goto	i1l57
  1028                           opt subtitle "HI-TECH Software Omniscient Code Generator (Lite mode) build 49521"
  1029                           
  1030  0023                     i1l56:	
  1031                           opt subtitle "HI-TECH Software Omniscient Code Generator (Lite mode) build 49521"
  1032                           
  1033                           opt pagewidth 120
  1034  0023  140C               	bsf	(12),0	;volatile
  1035                           opt subtitle "HI-TECH Software Omniscient Code Generator (Lite mode) build 49521"
  1036                           
  1037  0024  148C               	bsf	(12),1	;volatile
  1038                           opt subtitle "HI-TECH Software Omniscient Code Generator (Lite mode) build 49521"
  1039                           
  1040  0025                     i1l57:	
  1041                           opt subtitle "HI-TECH Software Omniscient Code Generator (Lite mode) build 49521"
  1042                           
  1043                           opt pagewidth 120
  1044  0025  110B               	bcf	(11),2	;volatile
  1045                           opt subtitle "HI-TECH Software Omniscient Code Generator (Lite mode) build 49521"
  1046                           
  1047  0026                     i1l565:	
  1048                           opt subtitle "HI-TECH Software Omniscient Code Generator (Lite mode) build 49521"
  1049  0026  0195               	clrf	(21)	;volatile
  1050                           opt subtitle "HI-TECH Software Omniscient Code Generator (Lite mode) build 49521"
  1051                           
  1052  0027  0197               	clrf	(23)	;volatile
  1053                           opt subtitle "HI-TECH Software Omniscient Code Generator (Lite mode) build 49521"
  1054                           
  1055  0028  0196               	clrf	(22)	;volatile
  1056                           opt subtitle "HI-TECH Software Omniscient Code Generator (Lite mode) build 49521"
  1057                           
  1058  0029                     i1l567:	
  1059                           opt subtitle "HI-TECH Software Omniscient Code Generator (Lite mode) build 49521"
  1060  0029  1418               	bsf	(24),0	;volatile
  1061  002A  282B               	goto	i1l58
  1062                           opt subtitle "HI-TECH Software Omniscient Code Generator (Lite mode) build 49521"
  1063                           
  1064  002B                     i1l55:	
  1065                           opt subtitle "HI-TECH Software Omniscient Code Generator (Lite mode) build 49521"
  1066                           
  1067  002B                     i1l58:	
  1068  002B  0870               	movf	(??_isr+0),w
  1069  002C  00FF               	movwf	btemp+1
  1070  002D  0009               	retfie
  1071                           opt subtitle "HI-TECH Software Omniscient Code Generator (Lite mode) build 49521"
  1072                           
  1073  002E                     	__end_of_isr:
  1074                           opt subtitle "HI-TECH Software Omniscient Code Generator (Lite mode) build 49521"
  1075                           
  1076                           opt pagewidth 120
  1077  007E                     	btemp set 07Eh
  1078                           opt subtitle "HI-TECH Software Omniscient Code Generator (Lite mode) build 49521"
  1079                           
  1080                           opt pagewidth 120
  1081  007E                     	wtemp0 set btemp


Data Sizes:
    Strings     0
    Constant    0
    Data        2
    BSS         2
    Persistent  0
    Stack       0

Auto Spaces:
    Space          Size  Autos    Used
    COMMON           14      6      10
    BANK0            80      0       0
    BANK1            80      0       0
    BANK2            80      0       0

Pointer List with Targets:

    None.

Critical Paths under _main in COMMON

    None.

Critical Paths under _isr in COMMON

    None.

Critical Paths under _main in BANK0

    None.

Critical Paths under _isr in BANK0

    None.

Critical Paths under _main in BANK1

    None.

Critical Paths under _isr in BANK1

    None.

Critical Paths under _main in BANK2

    None.

Critical Paths under _isr in BANK2

    None.

Call Graph Tables:

 ---------------------------------------------------------------------------------
 (Depth) Function   	        Calls       Base Space   Used Autos Params    Refs
 ---------------------------------------------------------------------------------
 (0) _main                                                 5     1      4       0
                                              1 COMMON     5     1      4
 ---------------------------------------------------------------------------------
 Estimated maximum stack depth 0
 ---------------------------------------------------------------------------------
 (Depth) Function   	        Calls       Base Space   Used Autos Params    Refs
 ---------------------------------------------------------------------------------
 (1) _isr                                                  1     1      0       0
                                              0 COMMON     1     1      0
 ---------------------------------------------------------------------------------
 Estimated maximum stack depth 1
 ---------------------------------------------------------------------------------

 Call Graph Graphs:

 _main (ROOT)

 _isr (ROOT)

 Address spaces:
Name               Size   Autos  Total    Cost      Usage
BIGRAM              F0      0       0       0        0.0%
EEDATA             100      0       0       0        0.0%
NULL                 0      0       0       0        0.0%
CODE                 0      0       0       0        0.0%
BITCOMMON            E      0       0       1        0.0%
BITSFR0              0      0       0       1        0.0%
SFR0                 0      0       0       1        0.0%
COMMON               E      6       A       2       71.4%
BITSFR1              0      0       0       2        0.0%
SFR1                 0      0       0       2        0.0%
BITSFR2              0      0       0       3        0.0%
SFR2                 0      0       0       3        0.0%
STACK                0      0       0       3        0.0%
BITSFR3              0      0       0       4        0.0%
SFR3                 0      0       0       4        0.0%
ABS                  0      0       A       4        0.0%
BITBANK0            50      0       0       5        0.0%
BITSFR4              0      0       0       5        0.0%
SFR4                 0      0       0       5        0.0%
BANK0               50      0       0       6        0.0%
BITSFR5              0      0       0       6        0.0%
SFR5                 0      0       0       6        0.0%
BITBANK1            50      0       0       7        0.0%
BITSFR6              0      0       0       7        0.0%
SFR6                 0      0       0       7        0.0%
BANK1               50      0       0       8        0.0%
BITSFR7              0      0       0       8        0.0%
SFR7                 0      0       0       8        0.0%
BITBANK2            50      0       0       9        0.0%
BITSFR8              0      0       0       9        0.0%
SFR8                 0      0       0       9        0.0%
BANK2               50      0       0      10        0.0%
BITSFR9              0      0       0      10        0.0%
SFR9                 0      0       0      10        0.0%
BITSFR10             0      0       0      11        0.0%
SFR10                0      0       0      11        0.0%
DATA                 0      0       A      11        0.0%
BITSFR11             0      0       0      12        0.0%
SFR11                0      0       0      12        0.0%
BITSFR12             0      0       0      13        0.0%
SFR12                0      0       0      13        0.0%
BITSFR13             0      0       0      14        0.0%
SFR13                0      0       0      14        0.0%
BITSFR14             0      0       0      15        0.0%
SFR14                0      0       0      15        0.0%
BITSFR15             0      0       0      16        0.0%
SFR15                0      0       0      16        0.0%
BITSFR16             0      0       0      17        0.0%
SFR16                0      0       0      17        0.0%
BITSFR17             0      0       0      18        0.0%
SFR17                0      0       0      18        0.0%
BITSFR18             0      0       0      19        0.0%
SFR18                0      0       0      19        0.0%
BITSFR19             0      0       0      20        0.0%
SFR19                0      0       0      20        0.0%
BITSFR20             0      0       0      21        0.0%
SFR20                0      0       0      21        0.0%
BITSFR21             0      0       0      22        0.0%
SFR21                0      0       0      22        0.0%
BITSFR22             0      0       0      23        0.0%
SFR22                0      0       0      23        0.0%
BITSFR23             0      0       0      24        0.0%
SFR23                0      0       0      24        0.0%
BITSFR24             0      0       0      25        0.0%
SFR24                0      0       0      25        0.0%
BITSFR25             0      0       0      26        0.0%
SFR25                0      0       0      26        0.0%
BITSFR26             0      0       0      27        0.0%
SFR26                0      0       0      27        0.0%
BITSFR27             0      0       0      28        0.0%
SFR27                0      0       0      28        0.0%
BITSFR28             0      0       0      29        0.0%
SFR28                0      0       0      29        0.0%
BITSFR29             0      0       0      30        0.0%
SFR29                0      0       0      30        0.0%
BITSFR30             0      0       0      31        0.0%
SFR30                0      0       0      31        0.0%
BITSFR31             0      0       0      32        0.0%
SFR31                0      0       0      32        0.0%


Microchip Technology PIC Macro Assembler V1.12 build 49521 
Symbol Table                                                                                   Thu Jun 27 13:00:00 2013

            __CFG_CP$OFF 0000                       l50 0076                       l51 0077  
                     l52 0077                       l45 003A                       l46 003A  
                     l47 003F                       l48 004E                       l49 0076  
                     u10 003E                       u11 003D                       u20 0046  
                     u21 0045                       u67 006A                      l521 0058  
                    l531 0061                      l523 005B                      l515 0030  
                    l541 006C                      l533 0065                      l525 005E  
                    l517 003F                      l551 0075                      l543 006E  
                    l535 0066                      l527 005F                      l519 0046  
                    l545 0072                      l537 0067                      l529 0060  
                    l547 0073                      l539 0068                      l549 0074  
                    _GIE 005F             __CFG_CPD$OFF 0000                      _isr 0004  
           __CFG_BORV$LO 0000             __CFG_IESO$ON 0000             __CFG_LVP$OFF 0000  
                   ?_isr 0070                     i1l55 002B                     i1l56 0023  
                   i1l57 0025                     i1l58 002B                     _TMR0 0015  
                   u3_20 000C                     u3_21 000B                     u4_20 0010  
                   u4_21 000F                     u5_20 0020                     u5_21 001F  
           __CFG_WRT$OFF 0000            __CFG_FCMEN$ON 0000                     _main 0030  
                   btemp 007E                     start 002E            __CFG_MCLRE$ON 0000  
                  ??_isr 0070            __CFG_PLLEN$ON 0000                    ?_main 0071  
          __CFG_WDTE$OFF 0000                    i1l561 0017                    i1l553 0008  
                  i1l563 0020                    i1l555 000C                    i1l565 0026  
                  i1l557 0010                    i1l567 0029                    i1l559 0011  
                  _TMR1H 0017                    _TMR1L 0016                    _debug 0078  
         __CFG_BOREN$OFF 0000                    wtemp0 007E          __initialization 0079  
           __end_of_main 0079                   ??_main 0075           __CFG_PWRTE$OFF 0000  
           __pdataCOMMON 0078  __end_of__initialization 0083           __pcstackCOMMON 0070  
         _OPTION_REGbits 0095               __pmaintext 0030               __pintentry 0004  
        __CFG_STVREN$OFF 0000                _T1CONbits 0018             __size_of_isr 002A  
   end_of_initialization 0083                _PORTAbits 000C         __CFG_FOSC$INTOSC 0000  
              _TRISAbits 008C                _TRISBbits 008D                _TRISCbits 008E  
          __pidataCOMMON 0086      start_initialization 0079              __end_of_isr 002E  
            __pbssCOMMON 0076              _CPSCON0bits 001E              _CPSCON1bits 001F  
             _ANSELAbits 018C               _ANSELBbits 018D               _ANSELCbits 018E  
          __size_of_main 0049             _oscillations 0076                 main@argc 0071  
               main@argv 0073              _OSCSTATbits 009A               _INTCONbits 000B  
               intlevel1 0000        __CFG_CLKOUTEN$OFF 0000               _OSCCONbits 0099  
