

Microchip Technology PIC LITE Macro Assembler V1.12 build 49521 
                                                                                               Thu Jun 27 11:26:18 2013

HI-TECH Software Omniscient Code Generator (Lite mode) build 49521
     1  0000                     opt subtitle "HI-TECH Software Omniscient Code Generator (Lite mode) build 49521"
     2                           opt subtitle "HI-TECH Software Omniscient Code Generator (Lite mode) build 49521"
     3                           
     4                           opt pagewidth 120
     5                           
     6                           	opt lm
     7                           
     8                           	processor	16F1828
     9                           clrc	macro
    10  0000                     	endm
    11                           opt subtitle "HI-TECH Software Omniscient Code Generator (Lite mode) build 49521"
    12                           
    13  0000                     	endm
    14                           opt subtitle "HI-TECH Software Omniscient Code Generator (Lite mode) build 49521"
    15                           
    16  0000                     	endm
    17                           opt subtitle "HI-TECH Software Omniscient Code Generator (Lite mode) build 49521"
    18                           
    19  0000                     	endm
    20                           opt subtitle "HI-TECH Software Omniscient Code Generator (Lite mode) build 49521"
    21                           
    22  0000                     	endm
    23                           opt subtitle "HI-TECH Software Omniscient Code Generator (Lite mode) build 49521"
    24                           
    25  0000                     	endm
    26                           opt subtitle "HI-TECH Software Omniscient Code Generator (Lite mode) build 49521"
    27                           
    28  0000                     	endm
    29                           opt subtitle "HI-TECH Software Omniscient Code Generator (Lite mode) build 49521"
    30                           
    31  0000                     	endm
    32  0000                     indf	equ	0
    33  0000                     indf0	equ	0
    34  0001                     indf1	equ	1
    35  0002                     pc	equ	2
    36  0002                     pcl	equ	2
    37  0003                     status	equ	3
    38  0004                     fsr0l	equ	4
    39  0005                     fsr0h	equ	5
    40  0006                     fsr1l	equ	6
    41  0007                     fsr1h	equ	7
    42  0008                     bsr	equ	8
    43  0009                     wreg	equ	9
    44  000B                     intcon	equ	11
    45  0001                     c	equ	1
    46  0000                     z	equ	0
    47  000A                     pclath	equ	10
    48                           opt subtitle "HI-TECH Software Omniscient Code Generator (Lite mode) build 49521"
    49  0000                     INDF0 equ 00h ;# 
    50                           opt subtitle "HI-TECH Software Omniscient Code Generator (Lite mode) build 49521"
    51  0001                     INDF1 equ 01h ;# 
    52                           opt subtitle "HI-TECH Software Omniscient Code Generator (Lite mode) build 49521"
    53  0002                     PCL equ 02h ;# 
    54                           opt subtitle "HI-TECH Software Omniscient Code Generator (Lite mode) build 49521"
    55  0003                     STATUS equ 03h ;# 
    56                           opt subtitle "HI-TECH Software Omniscient Code Generator (Lite mode) build 49521"
    57  0004                     FSR0L equ 04h ;# 
    58                           opt subtitle "HI-TECH Software Omniscient Code Generator (Lite mode) build 49521"
    59  0005                     FSR0H equ 05h ;# 
    60                           opt subtitle "HI-TECH Software Omniscient Code Generator (Lite mode) build 49521"
    61  0006                     FSR1L equ 06h ;# 
    62                           opt subtitle "HI-TECH Software Omniscient Code Generator (Lite mode) build 49521"
    63  0007                     FSR1H equ 07h ;# 
    64                           opt subtitle "HI-TECH Software Omniscient Code Generator (Lite mode) build 49521"
    65  0008                     BSR equ 08h ;# 
    66                           opt subtitle "HI-TECH Software Omniscient Code Generator (Lite mode) build 49521"
    67  0009                     WREG equ 09h ;# 
    68                           opt subtitle "HI-TECH Software Omniscient Code Generator (Lite mode) build 49521"
    69  000A                     PCLATH equ 0Ah ;# 
    70                           opt subtitle "HI-TECH Software Omniscient Code Generator (Lite mode) build 49521"
    71  000B                     INTCON equ 0Bh ;# 
    72                           opt subtitle "HI-TECH Software Omniscient Code Generator (Lite mode) build 49521"
    73  000C                     PORTA equ 0Ch ;# 
    74                           opt subtitle "HI-TECH Software Omniscient Code Generator (Lite mode) build 49521"
    75  000D                     PORTB equ 0Dh ;# 
    76                           opt subtitle "HI-TECH Software Omniscient Code Generator (Lite mode) build 49521"
    77  000E                     PORTC equ 0Eh ;# 
    78                           opt subtitle "HI-TECH Software Omniscient Code Generator (Lite mode) build 49521"
    79  0011                     PIR1 equ 011h ;# 
    80                           opt subtitle "HI-TECH Software Omniscient Code Generator (Lite mode) build 49521"
    81  0012                     PIR2 equ 012h ;# 
    82                           opt subtitle "HI-TECH Software Omniscient Code Generator (Lite mode) build 49521"
    83  0013                     PIR3 equ 013h ;# 
    84                           opt subtitle "HI-TECH Software Omniscient Code Generator (Lite mode) build 49521"
    85  0015                     TMR0 equ 015h ;# 
    86                           opt subtitle "HI-TECH Software Omniscient Code Generator (Lite mode) build 49521"
    87  0016                     TMR1 equ 016h ;# 
    88                           opt subtitle "HI-TECH Software Omniscient Code Generator (Lite mode) build 49521"
    89  0016                     TMR1L equ 016h ;# 
    90                           opt subtitle "HI-TECH Software Omniscient Code Generator (Lite mode) build 49521"
    91  0017                     TMR1H equ 017h ;# 
    92                           opt subtitle "HI-TECH Software Omniscient Code Generator (Lite mode) build 49521"
    93  0018                     T1CON equ 018h ;# 
    94                           opt subtitle "HI-TECH Software Omniscient Code Generator (Lite mode) build 49521"
    95  0019                     T1GCON equ 019h ;# 
    96                           opt subtitle "HI-TECH Software Omniscient Code Generator (Lite mode) build 49521"
    97  001A                     TMR2 equ 01Ah ;# 
    98                           opt subtitle "HI-TECH Software Omniscient Code Generator (Lite mode) build 49521"
    99  001B                     PR2 equ 01Bh ;# 
   100                           opt subtitle "HI-TECH Software Omniscient Code Generator (Lite mode) build 49521"
   101  001C                     T2CON equ 01Ch ;# 
   102                           opt subtitle "HI-TECH Software Omniscient Code Generator (Lite mode) build 49521"
   103  001E                     CPSCON0 equ 01Eh ;# 
   104                           opt subtitle "HI-TECH Software Omniscient Code Generator (Lite mode) build 49521"
   105  001F                     CPSCON1 equ 01Fh ;# 
   106                           opt subtitle "HI-TECH Software Omniscient Code Generator (Lite mode) build 49521"
   107  008C                     TRISA equ 08Ch ;# 
   108                           opt subtitle "HI-TECH Software Omniscient Code Generator (Lite mode) build 49521"
   109  008D                     TRISB equ 08Dh ;# 
   110                           opt subtitle "HI-TECH Software Omniscient Code Generator (Lite mode) build 49521"
   111  008E                     TRISC equ 08Eh ;# 
   112                           opt subtitle "HI-TECH Software Omniscient Code Generator (Lite mode) build 49521"
   113  0091                     PIE1 equ 091h ;# 
   114                           opt subtitle "HI-TECH Software Omniscient Code Generator (Lite mode) build 49521"
   115  0092                     PIE2 equ 092h ;# 
   116                           opt subtitle "HI-TECH Software Omniscient Code Generator (Lite mode) build 49521"
   117  0093                     PIE3 equ 093h ;# 
   118                           opt subtitle "HI-TECH Software Omniscient Code Generator (Lite mode) build 49521"
   119  0095                     OPTION_REG equ 095h ;# 
   120                           opt subtitle "HI-TECH Software Omniscient Code Generator (Lite mode) build 49521"
   121  0096                     PCON equ 096h ;# 
   122                           opt subtitle "HI-TECH Software Omniscient Code Generator (Lite mode) build 49521"
   123  0097                     WDTCON equ 097h ;# 
   124                           opt subtitle "HI-TECH Software Omniscient Code Generator (Lite mode) build 49521"
   125  0098                     OSCTUNE equ 098h ;# 
   126                           opt subtitle "HI-TECH Software Omniscient Code Generator (Lite mode) build 49521"
   127  0099                     OSCCON equ 099h ;# 
   128                           opt subtitle "HI-TECH Software Omniscient Code Generator (Lite mode) build 49521"
   129  009A                     OSCSTAT equ 09Ah ;# 
   130                           opt subtitle "HI-TECH Software Omniscient Code Generator (Lite mode) build 49521"
   131  009B                     ADRES equ 09Bh ;# 
   132                           opt subtitle "HI-TECH Software Omniscient Code Generator (Lite mode) build 49521"
   133  009B                     ADRESL equ 09Bh ;# 
   134                           opt subtitle "HI-TECH Software Omniscient Code Generator (Lite mode) build 49521"
   135  009C                     ADRESH equ 09Ch ;# 
   136                           opt subtitle "HI-TECH Software Omniscient Code Generator (Lite mode) build 49521"
   137  009D                     ADCON0 equ 09Dh ;# 
   138                           opt subtitle "HI-TECH Software Omniscient Code Generator (Lite mode) build 49521"
   139  009E                     ADCON1 equ 09Eh ;# 
   140                           opt subtitle "HI-TECH Software Omniscient Code Generator (Lite mode) build 49521"
   141  010C                     LATA equ 010Ch ;# 
   142                           opt subtitle "HI-TECH Software Omniscient Code Generator (Lite mode) build 49521"
   143  010D                     LATB equ 010Dh ;# 
   144                           opt subtitle "HI-TECH Software Omniscient Code Generator (Lite mode) build 49521"
   145  010E                     LATC equ 010Eh ;# 
   146                           opt subtitle "HI-TECH Software Omniscient Code Generator (Lite mode) build 49521"
   147  0111                     CM1CON0 equ 0111h ;# 
   148                           opt subtitle "HI-TECH Software Omniscient Code Generator (Lite mode) build 49521"
   149  0112                     CM1CON1 equ 0112h ;# 
   150                           opt subtitle "HI-TECH Software Omniscient Code Generator (Lite mode) build 49521"
   151  0113                     CM2CON0 equ 0113h ;# 
   152                           opt subtitle "HI-TECH Software Omniscient Code Generator (Lite mode) build 49521"
   153  0114                     CM2CON1 equ 0114h ;# 
   154                           opt subtitle "HI-TECH Software Omniscient Code Generator (Lite mode) build 49521"
   155  0115                     CMOUT equ 0115h ;# 
   156                           opt subtitle "HI-TECH Software Omniscient Code Generator (Lite mode) build 49521"
   157  0116                     BORCON equ 0116h ;# 
   158                           opt subtitle "HI-TECH Software Omniscient Code Generator (Lite mode) build 49521"
   159  0117                     FVRCON equ 0117h ;# 
   160                           opt subtitle "HI-TECH Software Omniscient Code Generator (Lite mode) build 49521"
   161  0118                     DACCON0 equ 0118h ;# 
   162                           opt subtitle "HI-TECH Software Omniscient Code Generator (Lite mode) build 49521"
   163  0119                     DACCON1 equ 0119h ;# 
   164                           opt subtitle "HI-TECH Software Omniscient Code Generator (Lite mode) build 49521"
   165  011A                     SRCON0 equ 011Ah ;# 
   166                           opt subtitle "HI-TECH Software Omniscient Code Generator (Lite mode) build 49521"
   167  011B                     SRCON1 equ 011Bh ;# 
   168                           opt subtitle "HI-TECH Software Omniscient Code Generator (Lite mode) build 49521"
   169  011D                     APFCON0 equ 011Dh ;# 
   170                           opt subtitle "HI-TECH Software Omniscient Code Generator (Lite mode) build 49521"
   171  011E                     APFCON1 equ 011Eh ;# 
   172                           opt subtitle "HI-TECH Software Omniscient Code Generator (Lite mode) build 49521"
   173  018C                     ANSELA equ 018Ch ;# 
   174                           opt subtitle "HI-TECH Software Omniscient Code Generator (Lite mode) build 49521"
   175  018D                     ANSELB equ 018Dh ;# 
   176                           opt subtitle "HI-TECH Software Omniscient Code Generator (Lite mode) build 49521"
   177  018E                     ANSELC equ 018Eh ;# 
   178                           opt subtitle "HI-TECH Software Omniscient Code Generator (Lite mode) build 49521"
   179  0191                     EEADR equ 0191h ;# 
   180                           opt subtitle "HI-TECH Software Omniscient Code Generator (Lite mode) build 49521"
   181  0191                     EEADRL equ 0191h ;# 
   182                           opt subtitle "HI-TECH Software Omniscient Code Generator (Lite mode) build 49521"
   183  0192                     EEADRH equ 0192h ;# 
   184                           opt subtitle "HI-TECH Software Omniscient Code Generator (Lite mode) build 49521"
   185  0193                     EEDAT equ 0193h ;# 
   186                           opt subtitle "HI-TECH Software Omniscient Code Generator (Lite mode) build 49521"
   187  0193                     EEDATL equ 0193h ;# 
   188                           opt subtitle "HI-TECH Software Omniscient Code Generator (Lite mode) build 49521"
   189  0193                     EEDATA equ 0193h ;# 
   190                           opt subtitle "HI-TECH Software Omniscient Code Generator (Lite mode) build 49521"
   191  0194                     EEDATH equ 0194h ;# 
   192                           opt subtitle "HI-TECH Software Omniscient Code Generator (Lite mode) build 49521"
   193  0195                     EECON1 equ 0195h ;# 
   194                           opt subtitle "HI-TECH Software Omniscient Code Generator (Lite mode) build 49521"
   195  0196                     EECON2 equ 0196h ;# 
   196                           opt subtitle "HI-TECH Software Omniscient Code Generator (Lite mode) build 49521"
   197  0199                     RCREG equ 0199h ;# 
   198                           opt subtitle "HI-TECH Software Omniscient Code Generator (Lite mode) build 49521"
   199  019A                     TXREG equ 019Ah ;# 
   200                           opt subtitle "HI-TECH Software Omniscient Code Generator (Lite mode) build 49521"
   201  019B                     SPBRGL equ 019Bh ;# 
   202                           opt subtitle "HI-TECH Software Omniscient Code Generator (Lite mode) build 49521"
   203  019B                     SPBRG equ 019Bh ;# 
   204                           opt subtitle "HI-TECH Software Omniscient Code Generator (Lite mode) build 49521"
   205  019C                     SPBRGH equ 019Ch ;# 
   206                           opt subtitle "HI-TECH Software Omniscient Code Generator (Lite mode) build 49521"
   207  019D                     RCSTA equ 019Dh ;# 
   208                           opt subtitle "HI-TECH Software Omniscient Code Generator (Lite mode) build 49521"
   209  019E                     TXSTA equ 019Eh ;# 
   210                           opt subtitle "HI-TECH Software Omniscient Code Generator (Lite mode) build 49521"
   211  019F                     BAUDCON equ 019Fh ;# 
   212                           opt subtitle "HI-TECH Software Omniscient Code Generator (Lite mode) build 49521"
   213  020C                     WPUA equ 020Ch ;# 
   214                           opt subtitle "HI-TECH Software Omniscient Code Generator (Lite mode) build 49521"
   215  020D                     WPUB equ 020Dh ;# 
   216                           opt subtitle "HI-TECH Software Omniscient Code Generator (Lite mode) build 49521"
   217  020E                     WPUC equ 020Eh ;# 
   218                           opt subtitle "HI-TECH Software Omniscient Code Generator (Lite mode) build 49521"
   219  0211                     SSP1BUF equ 0211h ;# 
   220                           opt subtitle "HI-TECH Software Omniscient Code Generator (Lite mode) build 49521"
   221  0211                     SSPBUF equ 0211h ;# 
   222                           opt subtitle "HI-TECH Software Omniscient Code Generator (Lite mode) build 49521"
   223  0212                     SSP1ADD equ 0212h ;# 
   224                           opt subtitle "HI-TECH Software Omniscient Code Generator (Lite mode) build 49521"
   225  0212                     SSPADD equ 0212h ;# 
   226                           opt subtitle "HI-TECH Software Omniscient Code Generator (Lite mode) build 49521"
   227  0213                     SSP1MSK equ 0213h ;# 
   228                           opt subtitle "HI-TECH Software Omniscient Code Generator (Lite mode) build 49521"
   229  0213                     SSPMSK equ 0213h ;# 
   230                           opt subtitle "HI-TECH Software Omniscient Code Generator (Lite mode) build 49521"
   231  0214                     SSP1STAT equ 0214h ;# 
   232                           opt subtitle "HI-TECH Software Omniscient Code Generator (Lite mode) build 49521"
   233  0214                     SSPSTAT equ 0214h ;# 
   234                           opt subtitle "HI-TECH Software Omniscient Code Generator (Lite mode) build 49521"
   235  0215                     SSP1CON equ 0215h ;# 
   236                           opt subtitle "HI-TECH Software Omniscient Code Generator (Lite mode) build 49521"
   237  0215                     SSP1CON1 equ 0215h ;# 
   238                           opt subtitle "HI-TECH Software Omniscient Code Generator (Lite mode) build 49521"
   239  0215                     SSPCON1 equ 0215h ;# 
   240                           opt subtitle "HI-TECH Software Omniscient Code Generator (Lite mode) build 49521"
   241  0215                     SSPCON equ 0215h ;# 
   242                           opt subtitle "HI-TECH Software Omniscient Code Generator (Lite mode) build 49521"
   243  0216                     SSP1CON2 equ 0216h ;# 
   244                           opt subtitle "HI-TECH Software Omniscient Code Generator (Lite mode) build 49521"
   245  0216                     SSPCON2 equ 0216h ;# 
   246                           opt subtitle "HI-TECH Software Omniscient Code Generator (Lite mode) build 49521"
   247  0217                     SSP1CON3 equ 0217h ;# 
   248                           opt subtitle "HI-TECH Software Omniscient Code Generator (Lite mode) build 49521"
   249  0217                     SSPCON3 equ 0217h ;# 
   250                           opt subtitle "HI-TECH Software Omniscient Code Generator (Lite mode) build 49521"
   251  0291                     CCPR1L equ 0291h ;# 
   252                           opt subtitle "HI-TECH Software Omniscient Code Generator (Lite mode) build 49521"
   253  0292                     CCPR1H equ 0292h ;# 
   254                           opt subtitle "HI-TECH Software Omniscient Code Generator (Lite mode) build 49521"
   255  0293                     CCP1CON equ 0293h ;# 
   256                           opt subtitle "HI-TECH Software Omniscient Code Generator (Lite mode) build 49521"
   257  0294                     PWM1CON equ 0294h ;# 
   258                           opt subtitle "HI-TECH Software Omniscient Code Generator (Lite mode) build 49521"
   259  0295                     CCP1AS equ 0295h ;# 
   260                           opt subtitle "HI-TECH Software Omniscient Code Generator (Lite mode) build 49521"
   261  0295                     ECCP1AS equ 0295h ;# 
   262                           opt subtitle "HI-TECH Software Omniscient Code Generator (Lite mode) build 49521"
   263  0296                     PSTR1CON equ 0296h ;# 
   264                           opt subtitle "HI-TECH Software Omniscient Code Generator (Lite mode) build 49521"
   265  0298                     CCPR2L equ 0298h ;# 
   266                           opt subtitle "HI-TECH Software Omniscient Code Generator (Lite mode) build 49521"
   267  0299                     CCPR2H equ 0299h ;# 
   268                           opt subtitle "HI-TECH Software Omniscient Code Generator (Lite mode) build 49521"
   269  029A                     CCP2CON equ 029Ah ;# 
   270                           opt subtitle "HI-TECH Software Omniscient Code Generator (Lite mode) build 49521"
   271  029B                     PWM2CON equ 029Bh ;# 
   272                           opt subtitle "HI-TECH Software Omniscient Code Generator (Lite mode) build 49521"
   273  029C                     CCP2AS equ 029Ch ;# 
   274                           opt subtitle "HI-TECH Software Omniscient Code Generator (Lite mode) build 49521"
   275  029D                     PSTR2CON equ 029Dh ;# 
   276                           opt subtitle "HI-TECH Software Omniscient Code Generator (Lite mode) build 49521"
   277  029E                     CCPTMRS0 equ 029Eh ;# 
   278                           opt subtitle "HI-TECH Software Omniscient Code Generator (Lite mode) build 49521"
   279  029E                     CCPTMRS equ 029Eh ;# 
   280                           opt subtitle "HI-TECH Software Omniscient Code Generator (Lite mode) build 49521"
   281  0311                     CCPR3L equ 0311h ;# 
   282                           opt subtitle "HI-TECH Software Omniscient Code Generator (Lite mode) build 49521"
   283  0312                     CCPR3H equ 0312h ;# 
   284                           opt subtitle "HI-TECH Software Omniscient Code Generator (Lite mode) build 49521"
   285  0313                     CCP3CON equ 0313h ;# 
   286                           opt subtitle "HI-TECH Software Omniscient Code Generator (Lite mode) build 49521"
   287  0318                     CCPR4L equ 0318h ;# 
   288                           opt subtitle "HI-TECH Software Omniscient Code Generator (Lite mode) build 49521"
   289  0319                     CCPR4H equ 0319h ;# 
   290                           opt subtitle "HI-TECH Software Omniscient Code Generator (Lite mode) build 49521"
   291  031A                     CCP4CON equ 031Ah ;# 
   292                           opt subtitle "HI-TECH Software Omniscient Code Generator (Lite mode) build 49521"
   293  038C                     INLVLA equ 038Ch ;# 
   294                           opt subtitle "HI-TECH Software Omniscient Code Generator (Lite mode) build 49521"
   295  038D                     INLVLB equ 038Dh ;# 
   296                           opt subtitle "HI-TECH Software Omniscient Code Generator (Lite mode) build 49521"
   297  038E                     INLVLC equ 038Eh ;# 
   298                           opt subtitle "HI-TECH Software Omniscient Code Generator (Lite mode) build 49521"
   299  0391                     IOCAP equ 0391h ;# 
   300                           opt subtitle "HI-TECH Software Omniscient Code Generator (Lite mode) build 49521"
   301  0392                     IOCAN equ 0392h ;# 
   302                           opt subtitle "HI-TECH Software Omniscient Code Generator (Lite mode) build 49521"
   303  0393                     IOCAF equ 0393h ;# 
   304                           opt subtitle "HI-TECH Software Omniscient Code Generator (Lite mode) build 49521"
   305  0394                     IOCBP equ 0394h ;# 
   306                           opt subtitle "HI-TECH Software Omniscient Code Generator (Lite mode) build 49521"
   307  0395                     IOCBN equ 0395h ;# 
   308                           opt subtitle "HI-TECH Software Omniscient Code Generator (Lite mode) build 49521"
   309  0396                     IOCBF equ 0396h ;# 
   310                           opt subtitle "HI-TECH Software Omniscient Code Generator (Lite mode) build 49521"
   311  039A                     CLKRCON equ 039Ah ;# 
   312                           opt subtitle "HI-TECH Software Omniscient Code Generator (Lite mode) build 49521"
   313  039C                     MDCON equ 039Ch ;# 
   314                           opt subtitle "HI-TECH Software Omniscient Code Generator (Lite mode) build 49521"
   315  039D                     MDSRC equ 039Dh ;# 
   316                           opt subtitle "HI-TECH Software Omniscient Code Generator (Lite mode) build 49521"
   317  039E                     MDCARL equ 039Eh ;# 
   318                           opt subtitle "HI-TECH Software Omniscient Code Generator (Lite mode) build 49521"
   319  039F                     MDCARH equ 039Fh ;# 
   320                           opt subtitle "HI-TECH Software Omniscient Code Generator (Lite mode) build 49521"
   321  0415                     TMR4 equ 0415h ;# 
   322                           opt subtitle "HI-TECH Software Omniscient Code Generator (Lite mode) build 49521"
   323  0416                     PR4 equ 0416h ;# 
   324                           opt subtitle "HI-TECH Software Omniscient Code Generator (Lite mode) build 49521"
   325  0417                     T4CON equ 0417h ;# 
   326                           opt subtitle "HI-TECH Software Omniscient Code Generator (Lite mode) build 49521"
   327  041C                     TMR6 equ 041Ch ;# 
   328                           opt subtitle "HI-TECH Software Omniscient Code Generator (Lite mode) build 49521"
   329  041D                     PR6 equ 041Dh ;# 
   330                           opt subtitle "HI-TECH Software Omniscient Code Generator (Lite mode) build 49521"
   331  041E                     T6CON equ 041Eh ;# 
   332                           opt subtitle "HI-TECH Software Omniscient Code Generator (Lite mode) build 49521"
   333  0FE4                     STATUS_SHAD equ 0FE4h ;# 
   334                           opt subtitle "HI-TECH Software Omniscient Code Generator (Lite mode) build 49521"
   335  0FE5                     WREG_SHAD equ 0FE5h ;# 
   336                           opt subtitle "HI-TECH Software Omniscient Code Generator (Lite mode) build 49521"
   337  0FE6                     BSR_SHAD equ 0FE6h ;# 
   338                           opt subtitle "HI-TECH Software Omniscient Code Generator (Lite mode) build 49521"
   339  0FE7                     PCLATH_SHAD equ 0FE7h ;# 
   340                           opt subtitle "HI-TECH Software Omniscient Code Generator (Lite mode) build 49521"
   341  0FE8                     FSR0L_SHAD equ 0FE8h ;# 
   342                           opt subtitle "HI-TECH Software Omniscient Code Generator (Lite mode) build 49521"
   343  0FE9                     FSR0H_SHAD equ 0FE9h ;# 
   344                           opt subtitle "HI-TECH Software Omniscient Code Generator (Lite mode) build 49521"
   345  0FEA                     FSR1L_SHAD equ 0FEAh ;# 
   346                           opt subtitle "HI-TECH Software Omniscient Code Generator (Lite mode) build 49521"
   347  0FEB                     FSR1H_SHAD equ 0FEBh ;# 
   348                           opt subtitle "HI-TECH Software Omniscient Code Generator (Lite mode) build 49521"
   349  0FED                     STKPTR equ 0FEDh ;# 
   350                           opt subtitle "HI-TECH Software Omniscient Code Generator (Lite mode) build 49521"
   351  0FEE                     TOSL equ 0FEEh ;# 
   352                           opt subtitle "HI-TECH Software Omniscient Code Generator (Lite mode) build 49521"
   353  0FEF                     TOSH equ 0FEFh ;# 
   354                           opt subtitle "HI-TECH Software Omniscient Code Generator (Lite mode) build 49521"
   355                           
   356                           opt pagewidth 120
   357                           
   358                           	opt lm
   359                           
   360  009D                     _ADCON0bits	set	0x9D
   361                           opt subtitle "HI-TECH Software Omniscient Code Generator (Lite mode) build 49521"
   362  009E                     _ADCON1bits	set	0x9E
   363                           opt subtitle "HI-TECH Software Omniscient Code Generator (Lite mode) build 49521"
   364  009C                     _ADRESH	set	0x9C
   365                           opt subtitle "HI-TECH Software Omniscient Code Generator (Lite mode) build 49521"
   366  009B                     _ADRESL	set	0x9B
   367                           opt subtitle "HI-TECH Software Omniscient Code Generator (Lite mode) build 49521"
   368  008E                     _TRISCbits	set	0x8E
   369                           opt subtitle "HI-TECH Software Omniscient Code Generator (Lite mode) build 49521"
   370  018E                     _ANSELCbits	set	0x18E
   371                           opt subtitle "HI-TECH Software Omniscient Code Generator (Lite mode) build 49521"
   372                           
   373  0000                     __ptext60:	;psect for function _read_sensor
   374                           opt subtitle "HI-TECH Software Omniscient Code Generator (Lite mode) build 49521"
   375                           
   376  0000                     __CFG_CPD$OFF equ 0x0
   377                           opt subtitle "HI-TECH Software Omniscient Code Generator (Lite mode) build 49521"
   378  0000                     __CFG_BOREN$OFF equ 0x0
   379                           opt subtitle "HI-TECH Software Omniscient Code Generator (Lite mode) build 49521"
   380  0000                     __CFG_IESO$ON equ 0x0
   381                           opt subtitle "HI-TECH Software Omniscient Code Generator (Lite mode) build 49521"
   382  0000                     __CFG_FOSC$INTOSC equ 0x0
   383                           opt subtitle "HI-TECH Software Omniscient Code Generator (Lite mode) build 49521"
   384  0000                     __CFG_FCMEN$ON equ 0x0
   385                           opt subtitle "HI-TECH Software Omniscient Code Generator (Lite mode) build 49521"
   386  0000                     __CFG_MCLRE$ON equ 0x0
   387                           opt subtitle "HI-TECH Software Omniscient Code Generator (Lite mode) build 49521"
   388  0000                     __CFG_WDTE$OFF equ 0x0
   389                           opt subtitle "HI-TECH Software Omniscient Code Generator (Lite mode) build 49521"
   390  0000                     __CFG_CP$OFF equ 0x0
   391                           opt subtitle "HI-TECH Software Omniscient Code Generator (Lite mode) build 49521"
   392  0000                     __CFG_PWRTE$OFF equ 0x0
   393                           opt subtitle "HI-TECH Software Omniscient Code Generator (Lite mode) build 49521"
   394  0000                     __CFG_CLKOUTEN$OFF equ 0x0
   395                           opt subtitle "HI-TECH Software Omniscient Code Generator (Lite mode) build 49521"
   396  0000                     __CFG_PLLEN$ON equ 0x0
   397                           opt subtitle "HI-TECH Software Omniscient Code Generator (Lite mode) build 49521"
   398  0000                     __CFG_WRT$OFF equ 0x0
   399                           opt subtitle "HI-TECH Software Omniscient Code Generator (Lite mode) build 49521"
   400  0000                     __CFG_STVREN$OFF equ 0x0
   401                           opt subtitle "HI-TECH Software Omniscient Code Generator (Lite mode) build 49521"
   402  0000                     __CFG_BORV$LO equ 0x0
   403                           opt subtitle "HI-TECH Software Omniscient Code Generator (Lite mode) build 49521"
   404  0000                     __CFG_LVP$OFF equ 0x0
   405                           opt subtitle "HI-TECH Software Omniscient Code Generator (Lite mode) build 49521"
   406                           
   407                           opt pagewidth 120
   408                           
   409  07B6                     start_initialization:
   410                           opt subtitle "HI-TECH Software Omniscient Code Generator (Lite mode) build 49521"
   411                           
   412  07B6                     __initialization:
   413                           opt subtitle "HI-TECH Software Omniscient Code Generator (Lite mode) build 49521"
   414                           
   415                           opt pagewidth 120
   416                           
   417                           	opt lm
   418  07B6                     end_of_initialization:
   419  07B6                     __end_of__initialization:movlb 0
      + 07B6  0020               	movlb	0
   420  07B7  3187  2FE6         ljmp _main	;jump to C main() function
   421                           opt subtitle "HI-TECH Software Omniscient Code Generator (Lite mode) build 49521"
   422                           
   423  0070                     __pcstackCOMMON:
   424  0070                     ?_configure_adc:	; 0 bytes @ 0x0
   425  0070                     ??_configure_adc:	; 0 bytes @ 0x0
   426  0070                     ?_choose_microphone:	; 0 bytes @ 0x0
   427  0070                     ??_choose_microphone:	; 0 bytes @ 0x0
   428  0070                     ?_adc_on:	; 0 bytes @ 0x0
   429  0070                     ??_adc_on:	; 0 bytes @ 0x0
   430                           opt subtitle "HI-TECH Software Omniscient Code Generator (Lite mode) build 49521"
   431  0070                     ?_read_sensor:	; 0 bytes @ 0x0
   432                           opt subtitle "HI-TECH Software Omniscient Code Generator (Lite mode) build 49521"
   433  0070                     read_sensor@lsb:	; 1 bytes @ 0x0
   434  0070                     	ds	1
   435  0071                     ??_read_sensor:	; 0 bytes @ 0x1
   436  0071                     	ds	1
   437                           opt subtitle "HI-TECH Software Omniscient Code Generator (Lite mode) build 49521"
   438  0072                     read_sensor@msb:	; 1 bytes @ 0x2
   439  0072                     	ds	1
   440  0073                     ?_main:	; 2 bytes @ 0x3
   441  0073                     main@argc:	; 2 bytes @ 0x3
   442  0073                     	ds	2
   443  0075                     main@argv:	; 2 bytes @ 0x5
   444  0075                     	ds	2
   445  0077                     ??_main:	; 0 bytes @ 0x7
   446  0077                     	ds	1
   447                           opt subtitle "HI-TECH Software Omniscient Code Generator (Lite mode) build 49521"
   448  0078                     main@highBits:	; 1 bytes @ 0x8
   449  0078                     	ds	1
   450                           opt subtitle "HI-TECH Software Omniscient Code Generator (Lite mode) build 49521"
   451  0079                     main@lowBits:	; 1 bytes @ 0x9
   452  0079                     	ds	1
   453                           opt subtitle "HI-TECH Software Omniscient Code Generator (Lite mode) build 49521"
   454                           
   455                           opt pagewidth 120
   456                           
   457                           	opt lm
   458                           
   459                           	processor	16F1828
   460                           clrc	macro
   461                           	bcf	3,0
   462                           	endm
   463                           clrz	macro
   464                           	bcf	3,2
   465                           	endm
   466                           setc	macro
   467                           	bsf	3,0
   468                           	endm
   469                           setz	macro
   470                           	bsf	3,2
   471                           	endm
   472                           skipc	macro
   473                           	btfss	3,0
   474                           	endm
   475                           skipz	macro
   476                           	btfss	3,2
   477                           	endm
   478                           skipnc	macro
   479                           	btfsc	3,0
   480                           	endm
   481                           skipnz	macro
   482                           	btfsc	3,2
   483                           	endm
   484                           indf	equ	0
   485                           indf0	equ	0
   486                           indf1	equ	1
   487                           pc	equ	2
   488                           pcl	equ	2
   489                           status	equ	3
   490                           fsr0l	equ	4
   491                           fsr0h	equ	5
   492                           fsr1l	equ	6
   493                           fsr1h	equ	7
   494                           bsr	equ	8
   495                           wreg	equ	9
   496                           intcon	equ	11
   497                           c	equ	1
   498                           z	equ	0
   499                           pclath	equ	10
   500                           # 46 "C:\Program Files\Microchip\xc8\v1.12\include\pic16f1828.h"
   501                           INDF0 equ 00h ;# 
   502                           # 65 "C:\Program Files\Microchip\xc8\v1.12\include\pic16f1828.h"
   503                           INDF1 equ 01h ;# 
   504                           # 84 "C:\Program Files\Microchip\xc8\v1.12\include\pic16f1828.h"
   505                           PCL equ 02h ;# 
   506                           # 103 "C:\Program Files\Microchip\xc8\v1.12\include\pic16f1828.h"
   507                           STATUS equ 03h ;# 
   508                           # 166 "C:\Program Files\Microchip\xc8\v1.12\include\pic16f1828.h"
   509                           FSR0L equ 04h ;# 
   510                           # 185 "C:\Program Files\Microchip\xc8\v1.12\include\pic16f1828.h"
   511                           FSR0H equ 05h ;# 
   512                           # 207 "C:\Program Files\Microchip\xc8\v1.12\include\pic16f1828.h"
   513                           FSR1L equ 06h ;# 
   514                           # 226 "C:\Program Files\Microchip\xc8\v1.12\include\pic16f1828.h"
   515                           FSR1H equ 07h ;# 
   516                           # 245 "C:\Program Files\Microchip\xc8\v1.12\include\pic16f1828.h"
   517                           BSR equ 08h ;# 
   518                           # 296 "C:\Program Files\Microchip\xc8\v1.12\include\pic16f1828.h"
   519                           WREG equ 09h ;# 
   520                           # 315 "C:\Program Files\Microchip\xc8\v1.12\include\pic16f1828.h"
   521                           PCLATH equ 0Ah ;# 
   522                           # 334 "C:\Program Files\Microchip\xc8\v1.12\include\pic16f1828.h"
   523                           INTCON equ 0Bh ;# 
   524                           # 411 "C:\Program Files\Microchip\xc8\v1.12\include\pic16f1828.h"
   525                           PORTA equ 0Ch ;# 
   526                           # 460 "C:\Program Files\Microchip\xc8\v1.12\include\pic16f1828.h"
   527                           PORTB equ 0Dh ;# 
   528                           # 498 "C:\Program Files\Microchip\xc8\v1.12\include\pic16f1828.h"
   529                           PORTC equ 0Eh ;# 
   530                           # 559 "C:\Program Files\Microchip\xc8\v1.12\include\pic16f1828.h"
   531                           PIR1 equ 011h ;# 
   532                           # 620 "C:\Program Files\Microchip\xc8\v1.12\include\pic16f1828.h"
   533                           PIR2 equ 012h ;# 
   534                           # 670 "C:\Program Files\Microchip\xc8\v1.12\include\pic16f1828.h"
   535                           PIR3 equ 013h ;# 
   536                           # 709 "C:\Program Files\Microchip\xc8\v1.12\include\pic16f1828.h"
   537                           TMR0 equ 015h ;# 
   538                           # 728 "C:\Program Files\Microchip\xc8\v1.12\include\pic16f1828.h"
   539                           TMR1 equ 016h ;# 
   540                           # 734 "C:\Program Files\Microchip\xc8\v1.12\include\pic16f1828.h"
   541                           TMR1L equ 016h ;# 
   542                           # 753 "C:\Program Files\Microchip\xc8\v1.12\include\pic16f1828.h"
   543                           TMR1H equ 017h ;# 
   544                           # 772 "C:\Program Files\Microchip\xc8\v1.12\include\pic16f1828.h"
   545                           T1CON equ 018h ;# 
   546                           # 843 "C:\Program Files\Microchip\xc8\v1.12\include\pic16f1828.h"
   547                           T1GCON equ 019h ;# 
   548                           # 919 "C:\Program Files\Microchip\xc8\v1.12\include\pic16f1828.h"
   549                           TMR2 equ 01Ah ;# 
   550                           # 938 "C:\Program Files\Microchip\xc8\v1.12\include\pic16f1828.h"
   551                           PR2 equ 01Bh ;# 
   552                           # 957 "C:\Program Files\Microchip\xc8\v1.12\include\pic16f1828.h"
   553                           T2CON equ 01Ch ;# 
   554                           # 1027 "C:\Program Files\Microchip\xc8\v1.12\include\pic16f1828.h"
   555                           CPSCON0 equ 01Eh ;# 
   556                           # 1086 "C:\Program Files\Microchip\xc8\v1.12\include\pic16f1828.h"
   557                           CPSCON1 equ 01Fh ;# 
   558                           # 1131 "C:\Program Files\Microchip\xc8\v1.12\include\pic16f1828.h"
   559                           TRISA equ 08Ch ;# 
   560                           # 1180 "C:\Program Files\Microchip\xc8\v1.12\include\pic16f1828.h"
   561                           TRISB equ 08Dh ;# 
   562                           # 1218 "C:\Program Files\Microchip\xc8\v1.12\include\pic16f1828.h"
   563                           TRISC equ 08Eh ;# 
   564                           # 1279 "C:\Program Files\Microchip\xc8\v1.12\include\pic16f1828.h"
   565                           PIE1 equ 091h ;# 
   566                           # 1340 "C:\Program Files\Microchip\xc8\v1.12\include\pic16f1828.h"
   567                           PIE2 equ 092h ;# 
   568                           # 1390 "C:\Program Files\Microchip\xc8\v1.12\include\pic16f1828.h"
   569                           PIE3 equ 093h ;# 
   570                           # 1429 "C:\Program Files\Microchip\xc8\v1.12\include\pic16f1828.h"
   571                           OPTION_REG equ 095h ;# 
   572                           # 1511 "C:\Program Files\Microchip\xc8\v1.12\include\pic16f1828.h"
   573                           PCON equ 096h ;# 
   574                           # 1561 "C:\Program Files\Microchip\xc8\v1.12\include\pic16f1828.h"
   575                           WDTCON equ 097h ;# 
   576                           # 1619 "C:\Program Files\Microchip\xc8\v1.12\include\pic16f1828.h"
   577                           OSCTUNE equ 098h ;# 
   578                           # 1676 "C:\Program Files\Microchip\xc8\v1.12\include\pic16f1828.h"
   579                           OSCCON equ 099h ;# 
   580                           # 1747 "C:\Program Files\Microchip\xc8\v1.12\include\pic16f1828.h"
   581                           OSCSTAT equ 09Ah ;# 
   582                           # 1808 "C:\Program Files\Microchip\xc8\v1.12\include\pic16f1828.h"
   583                           ADRES equ 09Bh ;# 
   584                           # 1814 "C:\Program Files\Microchip\xc8\v1.12\include\pic16f1828.h"
   585                           ADRESL equ 09Bh ;# 
   586                           # 1833 "C:\Program Files\Microchip\xc8\v1.12\include\pic16f1828.h"
   587                           ADRESH equ 09Ch ;# 
   588                           # 1852 "C:\Program Files\Microchip\xc8\v1.12\include\pic16f1828.h"
   589                           ADCON0 equ 09Dh ;# 
   590                           # 1931 "C:\Program Files\Microchip\xc8\v1.12\include\pic16f1828.h"
   591                           ADCON1 equ 09Eh ;# 
   592                           # 2002 "C:\Program Files\Microchip\xc8\v1.12\include\pic16f1828.h"
   593                           LATA equ 010Ch ;# 
   594                           # 2046 "C:\Program Files\Microchip\xc8\v1.12\include\pic16f1828.h"
   595                           LATB equ 010Dh ;# 
   596                           # 2084 "C:\Program Files\Microchip\xc8\v1.12\include\pic16f1828.h"
   597                           LATC equ 010Eh ;# 
   598                           # 2145 "C:\Program Files\Microchip\xc8\v1.12\include\pic16f1828.h"
   599                           CM1CON0 equ 0111h ;# 
   600                           # 2201 "C:\Program Files\Microchip\xc8\v1.12\include\pic16f1828.h"
   601                           CM1CON1 equ 0112h ;# 
   602                           # 2266 "C:\Program Files\Microchip\xc8\v1.12\include\pic16f1828.h"
   603                           CM2CON0 equ 0113h ;# 
   604                           # 2322 "C:\Program Files\Microchip\xc8\v1.12\include\pic16f1828.h"
   605                           CM2CON1 equ 0114h ;# 
   606                           # 2387 "C:\Program Files\Microchip\xc8\v1.12\include\pic16f1828.h"
   607                           CMOUT equ 0115h ;# 
   608                           # 2412 "C:\Program Files\Microchip\xc8\v1.12\include\pic16f1828.h"
   609                           BORCON equ 0116h ;# 
   610                           # 2438 "C:\Program Files\Microchip\xc8\v1.12\include\pic16f1828.h"
   611                           FVRCON equ 0117h ;# 
   612                           # 2513 "C:\Program Files\Microchip\xc8\v1.12\include\pic16f1828.h"
   613                           DACCON0 equ 0118h ;# 
   614                           # 2573 "C:\Program Files\Microchip\xc8\v1.12\include\pic16f1828.h"
   615                           DACCON1 equ 0119h ;# 
   616                           # 2624 "C:\Program Files\Microchip\xc8\v1.12\include\pic16f1828.h"
   617                           SRCON0 equ 011Ah ;# 
   618                           # 2694 "C:\Program Files\Microchip\xc8\v1.12\include\pic16f1828.h"
   619                           SRCON1 equ 011Bh ;# 
   620                           # 2755 "C:\Program Files\Microchip\xc8\v1.12\include\pic16f1828.h"
   621                           APFCON0 equ 011Dh ;# 
   622                           # 2788 "C:\Program Files\Microchip\xc8\v1.12\include\pic16f1828.h"
   623                           APFCON1 equ 011Eh ;# 
   624                           # 2825 "C:\Program Files\Microchip\xc8\v1.12\include\pic16f1828.h"
   625                           ANSELA equ 018Ch ;# 
   626                           # 2871 "C:\Program Files\Microchip\xc8\v1.12\include\pic16f1828.h"
   627                           ANSELB equ 018Dh ;# 
   628                           # 2918 "C:\Program Files\Microchip\xc8\v1.12\include\pic16f1828.h"
   629                           ANSELC equ 018Eh ;# 
   630                           # 2976 "C:\Program Files\Microchip\xc8\v1.12\include\pic16f1828.h"
   631                           EEADR equ 0191h ;# 
   632                           # 2982 "C:\Program Files\Microchip\xc8\v1.12\include\pic16f1828.h"
   633                           EEADRL equ 0191h ;# 
   634                           # 3001 "C:\Program Files\Microchip\xc8\v1.12\include\pic16f1828.h"
   635                           EEADRH equ 0192h ;# 
   636                           # 3020 "C:\Program Files\Microchip\xc8\v1.12\include\pic16f1828.h"
   637                           EEDAT equ 0193h ;# 
   638                           # 3026 "C:\Program Files\Microchip\xc8\v1.12\include\pic16f1828.h"
   639                           EEDATL equ 0193h ;# 
   640                           # 3031 "C:\Program Files\Microchip\xc8\v1.12\include\pic16f1828.h"
   641                           EEDATA equ 0193h ;# 
   642                           # 3063 "C:\Program Files\Microchip\xc8\v1.12\include\pic16f1828.h"
   643                           EEDATH equ 0194h ;# 
   644                           # 3082 "C:\Program Files\Microchip\xc8\v1.12\include\pic16f1828.h"
   645                           EECON1 equ 0195h ;# 
   646                           # 3143 "C:\Program Files\Microchip\xc8\v1.12\include\pic16f1828.h"
   647                           EECON2 equ 0196h ;# 
   648                           # 3162 "C:\Program Files\Microchip\xc8\v1.12\include\pic16f1828.h"
   649                           RCREG equ 0199h ;# 
   650                           # 3181 "C:\Program Files\Microchip\xc8\v1.12\include\pic16f1828.h"
   651                           TXREG equ 019Ah ;# 
   652                           # 3200 "C:\Program Files\Microchip\xc8\v1.12\include\pic16f1828.h"
   653                           SPBRGL equ 019Bh ;# 
   654                           # 3205 "C:\Program Files\Microchip\xc8\v1.12\include\pic16f1828.h"
   655  07E6                     __pmaintext:	;psect for function _main
   656                           opt subtitle "HI-TECH Software Omniscient Code Generator (Lite mode) build 49521"
   657                           
   658                           opt pagewidth 120
   659                           
   660  001A                     	__size_of_main	equ	__end_of_main-_main
   661                           opt subtitle "HI-TECH Software Omniscient Code Generator (Lite mode) build 49521"
   662  07E6                     _main:	
   663                           opt subtitle "HI-TECH Software Omniscient Code Generator (Lite mode) build 49521"
   664                           
   665                           opt pagewidth 120
   666                           
   667  07E6                     l541:	
   668                           opt subtitle "HI-TECH Software Omniscient Code Generator (Lite mode) build 49521"
   669  07E6  3187  27BF  3187   	fcall	_configure_adc
   670                           opt subtitle "HI-TECH Software Omniscient Code Generator (Lite mode) build 49521"
   671                           
   672  07E9  3187  27B9  3187   	fcall	_choose_microphone
   673                           opt subtitle "HI-TECH Software Omniscient Code Generator (Lite mode) build 49521"
   674                           
   675  07EC                     l543:	
   676                           opt subtitle "HI-TECH Software Omniscient Code Generator (Lite mode) build 49521"
   677                           
   678  07EC  3003               movlw	3
   679  07ED  00F7               movwf	(??_main+0)+0,f
   680  07EE                     u27:
   681  07EE  0BF7               decfsz	(??_main+0)+0,f
   682  07EF  2FEE               	goto	u27
   683                           opt subtitle "HI-TECH Software Omniscient Code Generator (Lite mode) build 49521"
   684                           
   685                           opt pagewidth 120
   686                           
   687  07F0  3187  27B3  3187   	fcall	_adc_on
   688  07F3  2FF4               	goto	l545
   689                           opt subtitle "HI-TECH Software Omniscient Code Generator (Lite mode) build 49521"
   690                           
   691                           opt pagewidth 120
   692                           
   693  07F4                     l25:	
   694                           opt subtitle "HI-TECH Software Omniscient Code Generator (Lite mode) build 49521"
   695                           
   696  07F4                     l545:	
   697                           opt subtitle "HI-TECH Software Omniscient Code Generator (Lite mode) build 49521"
   698  07F4  3079               	movlw	(main@lowBits)&0ffh
   699  07F5  00F7               	movwf	(??_main+0)+0
   700  07F6  0877               	movf	(??_main+0)+0,w
   701  07F7  00F0               	movwf	(?_read_sensor)
   702  07F8  3078               	movlw	(main@highBits)&0ffh
   703  07F9  3187  27CE  3187   	fcall	_read_sensor
   704  07FC  2FF4               	goto	l545
   705                           opt subtitle "HI-TECH Software Omniscient Code Generator (Lite mode) build 49521"
   706                           
   707  07FD                     l26:	
   708                           opt subtitle "HI-TECH Software Omniscient Code Generator (Lite mode) build 49521"
   709  07FD  2FF4               	goto	l545
   710                           opt subtitle "HI-TECH Software Omniscient Code Generator (Lite mode) build 49521"
   711  07FE                     l27:	
   712                           opt subtitle "HI-TECH Software Omniscient Code Generator (Lite mode) build 49521"
   713                           
   714  07FE                     l28:	
   715                           opt subtitle "HI-TECH Software Omniscient Code Generator (Lite mode) build 49521"
   716  07FE  3180  2802         	ljmp	start
   717                           opt subtitle "HI-TECH Software Omniscient Code Generator (Lite mode) build 49521"
   718                           
   719  0800                     	__end_of_main:
   720                           opt subtitle "HI-TECH Software Omniscient Code Generator (Lite mode) build 49521"
   721                           
   722                           opt pagewidth 120
   723                           
   724                           	opt lm
   725                           
   726                           	processor	16F1828
   727                           clrc	macro
   728                           	bcf	3,0
   729                           	endm
   730                           clrz	macro
   731                           	bcf	3,2
   732                           	endm
   733                           setc	macro
   734                           	bsf	3,0
   735                           	endm
   736                           setz	macro
   737                           	bsf	3,2
   738                           	endm
   739                           skipc	macro
   740                           	btfss	3,0
   741                           	endm
   742                           skipz	macro
   743                           	btfss	3,2
   744                           	endm
   745                           skipnc	macro
   746                           	btfsc	3,0
   747                           	endm
   748                           skipnz	macro
   749                           	btfsc	3,2
   750                           	endm
   751                           indf	equ	0
   752                           indf0	equ	0
   753  07BF                     __ptext61:	;psect for function _configure_adc
   754                           opt subtitle "HI-TECH Software Omniscient Code Generator (Lite mode) build 49521"
   755                           
   756                           opt pagewidth 120
   757                           
   758  000F                     	__size_of_configure_adc	equ	__end_of_configure_adc-_configure_adc
   759                           opt subtitle "HI-TECH Software Omniscient Code Generator (Lite mode) build 49521"
   760  07BF                     _configure_adc:	
   761                           opt subtitle "HI-TECH Software Omniscient Code Generator (Lite mode) build 49521"
   762                           
   763                           opt pagewidth 120
   764                           
   765  07BF                     l509:	
   766                           opt subtitle "HI-TECH Software Omniscient Code Generator (Lite mode) build 49521"
   767  07BF  0021               	movlb 1	; select bank1
   768  07C0  179E               	bsf	(158)^080h,7	;volatile
   769                           opt subtitle "HI-TECH Software Omniscient Code Generator (Lite mode) build 49521"
   770                           
   771  07C1                     l511:	
   772                           opt subtitle "HI-TECH Software Omniscient Code Generator (Lite mode) build 49521"
   773  07C1  3070               	movlw	(07h & ((1<<3)-1))<<4
   774  07C2  049E               	iorwf	(158)^080h,f	;volatile
   775                           opt subtitle "HI-TECH Software Omniscient Code Generator (Lite mode) build 49521"
   776                           
   777  07C3                     l513:	
   778                           opt subtitle "HI-TECH Software Omniscient Code Generator (Lite mode) build 49521"
   779  07C3  111E               	bcf	(158)^080h,2	;volatile
   780                           opt subtitle "HI-TECH Software Omniscient Code Generator (Lite mode) build 49521"
   781                           
   782  07C4  30FC               	movlw	((0 & ((1<<2)-1))<<0)|not (((1<<2)-1)<<0)
   783  07C5  059E               	andwf	(158)^080h,f	;volatile
   784                           opt subtitle "HI-TECH Software Omniscient Code Generator (Lite mode) build 49521"
   785                           
   786  07C6                     l515:	
   787                           opt subtitle "HI-TECH Software Omniscient Code Generator (Lite mode) build 49521"
   788  07C6  158E               	bsf	(142)^080h,3	;volatile
   789                           opt subtitle "HI-TECH Software Omniscient Code Generator (Lite mode) build 49521"
   790                           
   791  07C7                     l517:	
   792                           opt subtitle "HI-TECH Software Omniscient Code Generator (Lite mode) build 49521"
   793  07C7  170E               	bsf	(142)^080h,6	;volatile
   794                           opt subtitle "HI-TECH Software Omniscient Code Generator (Lite mode) build 49521"
   795                           
   796  07C8                     l519:	
   797                           opt subtitle "HI-TECH Software Omniscient Code Generator (Lite mode) build 49521"
   798  07C8  178E               	bsf	(142)^080h,7	;volatile
   799                           opt subtitle "HI-TECH Software Omniscient Code Generator (Lite mode) build 49521"
   800                           
   801  07C9                     l521:	
   802                           opt subtitle "HI-TECH Software Omniscient Code Generator (Lite mode) build 49521"
   803  07C9  0023               	movlb 3	; select bank3
   804  07CA  158E               	bsf	(398)^0180h,3	;volatile
   805                           opt subtitle "HI-TECH Software Omniscient Code Generator (Lite mode) build 49521"
   806                           
   807  07CB                     l523:	
   808                           opt subtitle "HI-TECH Software Omniscient Code Generator (Lite mode) build 49521"
   809  07CB  170E               	bsf	(398)^0180h,6	;volatile
   810                           opt subtitle "HI-TECH Software Omniscient Code Generator (Lite mode) build 49521"
   811                           
   812  07CC                     l525:	
   813                           opt subtitle "HI-TECH Software Omniscient Code Generator (Lite mode) build 49521"
   814  07CC  178E               	bsf	(398)^0180h,7	;volatile
   815                           opt subtitle "HI-TECH Software Omniscient Code Generator (Lite mode) build 49521"
   816                           
   817  07CD                     l31:	
   818  07CD  0008               	return
   819                           opt subtitle "HI-TECH Software Omniscient Code Generator (Lite mode) build 49521"
   820                           
   821  07CE                     	__end_of_configure_adc:
   822                           opt subtitle "HI-TECH Software Omniscient Code Generator (Lite mode) build 49521"
   823                           
   824                           opt pagewidth 120
   825                           
   826                           	opt lm
   827                           
   828                           	processor	16F1828
   829                           clrc	macro
   830                           	bcf	3,0
   831                           	endm
   832                           clrz	macro
   833                           	bcf	3,2
   834                           	endm
   835                           setc	macro
   836                           	bsf	3,0
   837                           	endm
   838                           setz	macro
   839                           	bsf	3,2
   840                           	endm
   841                           skipc	macro
   842                           	btfss	3,0
   843                           	endm
   844                           skipz	macro
   845                           	btfss	3,2
   846                           	endm
   847                           skipnc	macro
   848                           	btfsc	3,0
   849                           	endm
   850                           skipnz	macro
   851                           	btfsc	3,2
   852                           	endm
   853                           indf	equ	0
   854                           indf0	equ	0
   855  07B9                     __ptext62:	;psect for function _choose_microphone
   856                           opt subtitle "HI-TECH Software Omniscient Code Generator (Lite mode) build 49521"
   857                           
   858                           opt pagewidth 120
   859                           
   860  0006                     	__size_of_choose_microphone	equ	__end_of_choose_microphone-_choose_microphone
   861                           opt subtitle "HI-TECH Software Omniscient Code Generator (Lite mode) build 49521"
   862  07B9                     _choose_microphone:	
   863                           opt subtitle "HI-TECH Software Omniscient Code Generator (Lite mode) build 49521"
   864                           
   865                           opt pagewidth 120
   866                           
   867  07B9                     l527:	
   868                           opt subtitle "HI-TECH Software Omniscient Code Generator (Lite mode) build 49521"
   869  07B9  0021               	movlb 1	; select bank1
   870  07BA  081D               	movf	(157)^080h,w	;volatile
   871  07BB  3983               	andlw	not (((1<<5)-1)<<2)
   872  07BC  381C               	iorlw	(07h & ((1<<5)-1))<<2
   873  07BD  009D               	movwf	(157)^080h	;volatile
   874                           opt subtitle "HI-TECH Software Omniscient Code Generator (Lite mode) build 49521"
   875                           
   876  07BE                     l40:	
   877  07BE  0008               	return
   878                           opt subtitle "HI-TECH Software Omniscient Code Generator (Lite mode) build 49521"
   879                           
   880  07BF                     	__end_of_choose_microphone:
   881                           opt subtitle "HI-TECH Software Omniscient Code Generator (Lite mode) build 49521"
   882                           
   883                           opt pagewidth 120
   884                           
   885                           	opt lm
   886                           
   887                           	processor	16F1828
   888                           clrc	macro
   889                           	bcf	3,0
   890                           	endm
   891                           clrz	macro
   892                           	bcf	3,2
   893                           	endm
   894                           setc	macro
   895                           	bsf	3,0
   896                           	endm
   897                           setz	macro
   898                           	bsf	3,2
   899                           	endm
   900                           skipc	macro
   901                           	btfss	3,0
   902                           	endm
   903                           skipz	macro
   904                           	btfss	3,2
   905                           	endm
   906                           skipnc	macro
   907                           	btfsc	3,0
   908                           	endm
   909                           skipnz	macro
   910                           	btfsc	3,2
   911                           	endm
   912                           indf	equ	0
   913                           indf0	equ	0
   914  07B3                     __ptext63:	;psect for function _adc_on
   915                           opt subtitle "HI-TECH Software Omniscient Code Generator (Lite mode) build 49521"
   916                           
   917                           opt pagewidth 120
   918                           
   919  0003                     	__size_of_adc_on	equ	__end_of_adc_on-_adc_on
   920                           opt subtitle "HI-TECH Software Omniscient Code Generator (Lite mode) build 49521"
   921  07B3                     _adc_on:	
   922                           opt subtitle "HI-TECH Software Omniscient Code Generator (Lite mode) build 49521"
   923                           
   924                           opt pagewidth 120
   925                           
   926  07B3                     l529:	
   927                           opt subtitle "HI-TECH Software Omniscient Code Generator (Lite mode) build 49521"
   928  07B3  0021               	movlb 1	; select bank1
   929  07B4  141D               	bsf	(157)^080h,0	;volatile
   930                           opt subtitle "HI-TECH Software Omniscient Code Generator (Lite mode) build 49521"
   931                           
   932  07B5                     l34:	
   933  07B5  0008               	return
   934                           opt subtitle "HI-TECH Software Omniscient Code Generator (Lite mode) build 49521"
   935                           
   936  07B6                     	__end_of_adc_on:
   937                           opt subtitle "HI-TECH Software Omniscient Code Generator (Lite mode) build 49521"
   938                           
   939                           opt pagewidth 120
   940                           
   941                           	opt lm
   942                           
   943                           	processor	16F1828
   944                           clrc	macro
   945                           	bcf	3,0
   946                           	endm
   947                           clrz	macro
   948                           	bcf	3,2
   949                           	endm
   950                           setc	macro
   951                           	bsf	3,0
   952                           	endm
   953                           setz	macro
   954                           	bsf	3,2
   955                           	endm
   956                           skipc	macro
   957                           	btfss	3,0
   958                           	endm
   959                           skipz	macro
   960                           	btfss	3,2
   961                           	endm
   962                           skipnc	macro
   963                           	btfsc	3,0
   964                           	endm
   965                           skipnz	macro
   966                           	btfsc	3,2
   967                           	endm
   968                           indf	equ	0
   969                           indf0	equ	0
   970                           indf1	equ	1
   971                           pc	equ	2
   972                           pcl	equ	2
   973                           status	equ	3
   974  07CE                     __ptext64:	;psect for function _read_sensor
   975                           opt subtitle "HI-TECH Software Omniscient Code Generator (Lite mode) build 49521"
   976                           
   977                           opt pagewidth 120
   978                           
   979  0018                     	__size_of_read_sensor	equ	__end_of_read_sensor-_read_sensor
   980                           opt subtitle "HI-TECH Software Omniscient Code Generator (Lite mode) build 49521"
   981  07CE                     _read_sensor:	
   982                           opt subtitle "HI-TECH Software Omniscient Code Generator (Lite mode) build 49521"
   983                           
   984                           opt pagewidth 120
   985                           
   986  07CE  00F2               	movwf	(read_sensor@msb)
   987                           opt subtitle "HI-TECH Software Omniscient Code Generator (Lite mode) build 49521"
   988  07CF                     l531:	
   989                           opt subtitle "HI-TECH Software Omniscient Code Generator (Lite mode) build 49521"
   990  07CF  0021               	movlb 1	; select bank1
   991  07D0  149D               	bsf	(157)^080h,1	;volatile
   992                           opt subtitle "HI-TECH Software Omniscient Code Generator (Lite mode) build 49521"
   993                           
   994  07D1  2FD2               	goto	l49
   995                           opt subtitle "HI-TECH Software Omniscient Code Generator (Lite mode) build 49521"
   996  07D2                     l50:	
   997                           opt subtitle "HI-TECH Software Omniscient Code Generator (Lite mode) build 49521"
   998  07D2                     l49:	
   999  07D2  189D               	btfsc	(157)^080h,1	;volatile
  1000  07D3  2FD5               	goto	u11
  1001  07D4  2FD6               	goto	u10
  1002  07D5                     u11:
  1003  07D5  2FD2               	goto	l49
  1004  07D6                     u10:
  1005  07D6  2FD7               	goto	l533
  1006                           opt subtitle "HI-TECH Software Omniscient Code Generator (Lite mode) build 49521"
  1007  07D7                     l51:	
  1008                           opt subtitle "HI-TECH Software Omniscient Code Generator (Lite mode) build 49521"
  1009                           
  1010  07D7                     l533:	
  1011                           opt subtitle "HI-TECH Software Omniscient Code Generator (Lite mode) build 49521"
  1012  07D7  081C               	movf	(156)^080h,w	;volatile
  1013  07D8  00F1               	movwf	(??_read_sensor+0)+0
  1014  07D9  0872               	movf	(read_sensor@msb),w
  1015  07DA  0086               	movwf	fsr1l
  1016  07DB  0187               	clrf fsr1h	
  1017                           opt subtitle "HI-TECH Software Omniscient Code Generator (Lite mode) build 49521"
  1018  07DC  0871               	movf	(??_read_sensor+0)+0,w
  1019  07DD  0081               	movwf	indf1
  1020                           opt subtitle "HI-TECH Software Omniscient Code Generator (Lite mode) build 49521"
  1021                           
  1022  07DE  081B               	movf	(155)^080h,w	;volatile
  1023  07DF  00F1               	movwf	(??_read_sensor+0)+0
  1024  07E0  0870               	movf	(read_sensor@lsb),w
  1025  07E1  0086               	movwf	fsr1l
  1026  07E2  0187               	clrf fsr1h	
  1027                           opt subtitle "HI-TECH Software Omniscient Code Generator (Lite mode) build 49521"
  1028  07E3  0871               	movf	(??_read_sensor+0)+0,w
  1029  07E4  0081               	movwf	indf1
  1030                           opt subtitle "HI-TECH Software Omniscient Code Generator (Lite mode) build 49521"
  1031                           
  1032  07E5                     l52:	
  1033  07E5  0008               	return
  1034                           opt subtitle "HI-TECH Software Omniscient Code Generator (Lite mode) build 49521"
  1035                           
  1036  07E6                     	__end_of_read_sensor:
  1037                           opt subtitle "HI-TECH Software Omniscient Code Generator (Lite mode) build 49521"
  1038                           
  1039                           opt pagewidth 120
  1040  0000                     __ptext65:	;psect for function _read_sensor
  1041                           opt subtitle "HI-TECH Software Omniscient Code Generator (Lite mode) build 49521"
  1042  007E                     	btemp set 07Eh
  1043                           opt subtitle "HI-TECH Software Omniscient Code Generator (Lite mode) build 49521"
  1044                           
  1045                           opt pagewidth 120
  1046  007E                     	wtemp0 set btemp


Data Sizes:
    Strings     0
    Constant    0
    Data        0
    BSS         0
    Persistent  0
    Stack       0

Auto Spaces:
    Space          Size  Autos    Used
    COMMON           14     10      10
    BANK0            80      0       0
    BANK1            80      0       0
    BANK2            80      0       0

Pointer List with Targets:

    read_sensor@lsb	PTR unsigned char  size(1) Largest target is 1
		 -> main@lowBits(COMMON[1]), 

    read_sensor@msb	PTR unsigned char  size(1) Largest target is 1
		 -> main@highBits(COMMON[1]), 


Critical Paths under _main in COMMON

    _main->_read_sensor

Critical Paths under _main in BANK0

    None.

Critical Paths under _main in BANK1

    None.

Critical Paths under _main in BANK2

    None.

Call Graph Tables:

 ---------------------------------------------------------------------------------
 (Depth) Function   	        Calls       Base Space   Used Autos Params    Refs
 ---------------------------------------------------------------------------------
 (0) _main                                                 7     3      4      60
                                              3 COMMON     7     3      4
                      _configure_adc
                  _choose_microphone
                             _adc_on
                        _read_sensor
 ---------------------------------------------------------------------------------
 (1) _configure_adc                                        0     0      0       0
 ---------------------------------------------------------------------------------
 (1) _choose_microphone                                    0     0      0       0
 ---------------------------------------------------------------------------------
 (1) _adc_on                                               0     0      0       0
 ---------------------------------------------------------------------------------
 (1) _read_sensor                                          3     2      1      30
                                              0 COMMON     3     2      1
 ---------------------------------------------------------------------------------
 Estimated maximum stack depth 1
 ---------------------------------------------------------------------------------

 Call Graph Graphs:

 _main (ROOT)
   _configure_adc
   _choose_microphone
   _adc_on
   _read_sensor

 Address spaces:
Name               Size   Autos  Total    Cost      Usage
BIGRAM              F0      0       0       0        0.0%
EEDATA             100      0       0       0        0.0%
NULL                 0      0       0       0        0.0%
CODE                 0      0       0       0        0.0%
BITCOMMON            E      0       0       1        0.0%
BITSFR0              0      0       0       1        0.0%
SFR0                 0      0       0       1        0.0%
COMMON               E      A       A       2       71.4%
BITSFR1              0      0       0       2        0.0%
SFR1                 0      0       0       2        0.0%
BITSFR2              0      0       0       3        0.0%
SFR2                 0      0       0       3        0.0%
STACK                0      0       1       3        0.0%
BITSFR3              0      0       0       4        0.0%
SFR3                 0      0       0       4        0.0%
ABS                  0      0       0       4        0.0%
BITBANK0            50      0       0       5        0.0%
BITSFR4              0      0       0       5        0.0%
SFR4                 0      0       0       5        0.0%
BANK0               50      0       0       6        0.0%
BITSFR5              0      0       0       6        0.0%
SFR5                 0      0       0       6        0.0%
BITBANK1            50      0       0       7        0.0%
BITSFR6              0      0       0       7        0.0%
SFR6                 0      0       0       7        0.0%
BANK1               50      0       0       8        0.0%
BITSFR7              0      0       0       8        0.0%
SFR7                 0      0       0       8        0.0%
BITBANK2            50      0       0       9        0.0%
BITSFR8              0      0       0       9        0.0%
SFR8                 0      0       0       9        0.0%
BANK2               50      0       0      10        0.0%
BITSFR9              0      0       0      10        0.0%
SFR9                 0      0       0      10        0.0%
BITSFR10             0      0       0      11        0.0%
SFR10                0      0       0      11        0.0%
DATA                 0      0       0      11        0.0%
BITSFR11             0      0       0      12        0.0%
SFR11                0      0       0      12        0.0%
BITSFR12             0      0       0      13        0.0%
SFR12                0      0       0      13        0.0%
BITSFR13             0      0       0      14        0.0%
SFR13                0      0       0      14        0.0%
BITSFR14             0      0       0      15        0.0%
SFR14                0      0       0      15        0.0%
BITSFR15             0      0       0      16        0.0%
SFR15                0      0       0      16        0.0%
BITSFR16             0      0       0      17        0.0%
SFR16                0      0       0      17        0.0%
BITSFR17             0      0       0      18        0.0%
SFR17                0      0       0      18        0.0%
BITSFR18             0      0       0      19        0.0%
SFR18                0      0       0      19        0.0%
BITSFR19             0      0       0      20        0.0%
SFR19                0      0       0      20        0.0%
BITSFR20             0      0       0      21        0.0%
SFR20                0      0       0      21        0.0%
BITSFR21             0      0       0      22        0.0%
SFR21                0      0       0      22        0.0%
BITSFR22             0      0       0      23        0.0%
SFR22                0      0       0      23        0.0%
BITSFR23             0      0       0      24        0.0%
SFR23                0      0       0      24        0.0%
BITSFR24             0      0       0      25        0.0%
SFR24                0      0       0      25        0.0%
BITSFR25             0      0       0      26        0.0%
SFR25                0      0       0      26        0.0%
BITSFR26             0      0       0      27        0.0%
SFR26                0      0       0      27        0.0%
BITSFR27             0      0       0      28        0.0%
SFR27                0      0       0      28        0.0%
BITSFR28             0      0       0      29        0.0%
SFR28                0      0       0      29        0.0%
BITSFR29             0      0       0      30        0.0%
SFR29                0      0       0      30        0.0%
BITSFR30             0      0       0      31        0.0%
SFR30                0      0       0      31        0.0%
BITSFR31             0      0       0      32        0.0%
SFR31                0      0       0      32        0.0%


Microchip Technology PIC Macro Assembler V1.12 build 49521 
Symbol Table                                                                                   Thu Jun 27 11:26:18 2013

               __CFG_CP$OFF 0000                          l31 07CD                          l40 07BE  
                        l25 07F4                          l50 07D2                          l34 07B5  
                        l26 07FD                          l51 07D7                          l27 07FE  
                        l52 07E5                          l28 07FE                          l49 07D2  
                        u10 07D6                          u11 07D5                          u27 07EE  
            ?_configure_adc 0070                         l511 07C1                         l521 07C9  
                       l513 07C3                         l531 07CF                         l523 07CB  
                       l515 07C6                         l533 07D7                         l525 07CC  
                       l517 07C7                         l509 07BF                         l541 07E6  
                       l527 07B9                         l519 07C8                         l543 07EC  
                       l529 07B3                         l545 07F4                __CFG_CPD$OFF 0000  
              __CFG_BORV$LO 0000                __CFG_IESO$ON 0000                __CFG_LVP$OFF 0000  
               main@lowBits 0079                __CFG_WRT$OFF 0000               __CFG_FCMEN$ON 0000  
                      _main 07E6                        fsr1h 0007                        indf1 0001  
                      fsr1l 0006                        btemp 007E                        start 0002  
             __CFG_MCLRE$ON 0000                main@highBits 0078               __CFG_PLLEN$ON 0000  
                     ?_main 0073               __CFG_WDTE$OFF 0000                ?_read_sensor 0070  
            __CFG_BOREN$OFF 0000                       wtemp0 007E             __initialization 07B6  
              __end_of_main 0800             ??_configure_adc 0070           _choose_microphone 07B9  
                    ??_main 0077          ?_choose_microphone 0070                      _ADRESH 009C  
                    _ADRESL 009B         ??_choose_microphone 0070              __CFG_PWRTE$OFF 0000  
                    _adc_on 07B3   __end_of_choose_microphone 07BF     __end_of__initialization 07B6  
            __pcstackCOMMON 0070        __size_of_read_sensor 0018                  __pmaintext 07E6  
                   ?_adc_on 0070  __size_of_choose_microphone 0006             __size_of_adc_on 0003  
           __CFG_STVREN$OFF 0000        end_of_initialization 07B6       __end_of_configure_adc 07CE  
          __CFG_FOSC$INTOSC 0000                   _TRISCbits 008E              __end_of_adc_on 07B6  
       start_initialization 07B6                    ??_adc_on 0070               ??_read_sensor 0071  
       __end_of_read_sensor 07E6                  _ADCON0bits 009D                  _ADCON1bits 009E  
                _ANSELCbits 018E                    __ptext60 0000                    __ptext61 07BF  
                  __ptext62 07B9                    __ptext63 07B3                    __ptext64 07CE  
                  __ptext65 0000                 _read_sensor 07CE      __size_of_configure_adc 000F  
             __size_of_main 001A                    main@argc 0073                    main@argv 0075  
         __CFG_CLKOUTEN$OFF 0000               _configure_adc 07BF              read_sensor@lsb 0070  
            read_sensor@msb 0072  
